# JRE version: OpenJDK Runtime Environment Temurin-21.0.12.1+1 (21.0.12.1+1) (build 21.0.12.1+1-LTS)
# Java VM: OpenJDK 64-Bit Server VM Temurin-21.0.12.1+1 (21.0.12.1+1-LTS, mixed mode, sharing, tiered, compressed oops, compressed class ptrs, parallel gc, windows-amd64)
GC Precious Log:
 CardTable entry size: 512
 CPUs: 2 total, 2 available
 Memory: 8008M
 Large Page Support: Disabled
 NUMA Support: Disabled
 Compressed Oops: Enabled (32-bit)
 Alignments: Space 512K, Generation 512K, Heap 2M
 Heap Min Capacity: 100M
 Heap Initial Capacity: 100M
 Heap Max Capacity: 2G
 Pre-touch: Disabled
 Parallel Workers: 2
Heap:
 PSYoungGen      total 22016K, used 10836K [0x00000000d5580000, 0x00000000d6f80000, 0x0000000100000000)
  eden space 20480K, 47% used [0x00000000d5580000,0x00000000d5ef5068,0x00000000d6980000)
  from space 1536K, 75% used [0x00000000d6d00000,0x00000000d6e20000,0x00000000d6e80000)
  to   space 1024K, 0% used [0x00000000d6e80000,0x00000000d6e80000,0x00000000d6f80000)
 ParOldGen       total 68608K, used 47373K [0x0000000080000000, 0x0000000084300000, 0x00000000d5580000)
  object space 68608K, 69% used [0x0000000080000000,0x0000000082e43578,0x0000000084300000)
 Metaspace       used 52333K, committed 53504K, reserved 1114112K
  class space    used 5676K, committed 6208K, reserved 1048576K
GC Heap History (20 events):
Event: 29.258 GC heap before
{Heap before GC invocations=22 (full 2):
 PSYoungGen      total 24064K, used 23968K [0x00000000d5580000, 0x00000000d7100000, 0x0000000100000000)
  eden space 22016K, 100% used [0x00000000d5580000,0x00000000d6b00000,0x00000000d6b00000)
  from space 2048K, 95% used [0x00000000d6c80000,0x00000000d6e68000,0x00000000d6e80000)
  to   space 2560K, 0% used [0x00000000d6e80000,0x00000000d6e80000,0x00000000d7100000)
 ParOldGen       total 68608K, used 27397K [0x0000000080000000, 0x0000000084300000, 0x00000000d5580000)
  object space 68608K, 39% used [0x0000000080000000,0x0000000081ac1628,0x0000000084300000)
 Metaspace       used 43556K, committed 44800K, reserved 1114112K
  class space    used 4691K, committed 5248K, reserved 1048576K
}
Event: 29.279 GC heap after
{Heap after GC invocations=22 (full 2):
 PSYoungGen      total 24064K, used 1876K [0x00000000d5580000, 0x00000000d7080000, 0x0000000100000000)
  eden space 22016K, 0% used [0x00000000d5580000,0x00000000d5580000,0x00000000d6b00000)
  from space 2048K, 91% used [0x00000000d6e80000,0x00000000d7055010,0x00000000d7080000)
  to   space 2048K, 0% used [0x00000000d6c80000,0x00000000d6c80000,0x00000000d6e80000)
 ParOldGen       total 68608K, used 29283K [0x0000000080000000, 0x0000000084300000, 0x00000000d5580000)
  object space 68608K, 42% used [0x0000000080000000,0x0000000081c98fd8,0x0000000084300000)
 Metaspace       used 43556K, committed 44800K, reserved 1114112K
  class space    used 4691K, committed 5248K, reserved 1048576K
}
Event: 29.772 GC heap before
{Heap before GC invocations=23 (full 2):
 PSYoungGen      total 24064K, used 23892K [0x00000000d5580000, 0x00000000d7080000, 0x0000000100000000)
  eden space 22016K, 100% used [0x00000000d5580000,0x00000000d6b00000,0x00000000d6b00000)
  from space 2048K, 91% used [0x00000000d6e80000,0x00000000d7055010,0x00000000d7080000)
  to   space 2048K, 0% used [0x00000000d6c80000,0x00000000d6c80000,0x00000000d6e80000)
 ParOldGen       total 68608K, used 29283K [0x0000000080000000, 0x0000000084300000, 0x00000000d5580000)
  object space 68608K, 42% used [0x0000000080000000,0x0000000081c98fd8,0x0000000084300000)
 Metaspace       used 43993K, committed 45184K, reserved 1114112K
  class space    used 4742K, committed 5312K, reserved 1048576K
}
Event: 29.789 GC heap after
{Heap after GC invocations=23 (full 2):
 PSYoungGen      total 24064K, used 1824K [0x00000000d5580000, 0x00000000d6f00000, 0x0000000100000000)
  eden space 22016K, 0% used [0x00000000d5580000,0x00000000d5580000,0x00000000d6b00000)
  from space 2048K, 89% used [0x00000000d6c80000,0x00000000d6e48000,0x00000000d6e80000)
  to   space 512K, 0% used [0x00000000d6e80000,0x00000000d6e80000,0x00000000d6f00000)
 ParOldGen       total 68608K, used 31092K [0x0000000080000000, 0x0000000084300000, 0x00000000d5580000)
  object space 68608K, 45% used [0x0000000080000000,0x0000000081e5d118,0x0000000084300000)
 Metaspace       used 43993K, committed 45184K, reserved 1114112K
  class space    used 4742K, committed 5312K, reserved 1048576K
}
Event: 30.365 GC heap before
{Heap before GC invocations=24 (full 2):
 PSYoungGen      total 24064K, used 23840K [0x00000000d5580000, 0x00000000d6f00000, 0x0000000100000000)
  eden space 22016K, 100% used [0x00000000d5580000,0x00000000d6b00000,0x00000000d6b00000)
  from space 2048K, 89% used [0x00000000d6c80000,0x00000000d6e48000,0x00000000d6e80000)
  to   space 512K, 0% used [0x00000000d6e80000,0x00000000d6e80000,0x00000000d6f00000)
 ParOldGen       total 68608K, used 31092K [0x0000000080000000, 0x0000000084300000, 0x00000000d5580000)
  object space 68608K, 45% used [0x0000000080000000,0x0000000081e5d118,0x0000000084300000)
 Metaspace       used 44318K, committed 45504K, reserved 1114112K
  class space    used 4784K, committed 5312K, reserved 1048576K
}
Event: 30.381 GC heap after
{Heap after GC invocations=24 (full 2):
 PSYoungGen      total 20992K, used 512K [0x00000000d5580000, 0x00000000d7500000, 0x0000000100000000)
  eden space 20480K, 0% used [0x00000000d5580000,0x00000000d5580000,0x00000000d6980000)
  from space 512K, 100% used [0x00000000d6e80000,0x00000000d6f00000,0x00000000d6f00000)
  to   space 5120K, 0% used [0x00000000d6980000,0x00000000d6980000,0x00000000d6e80000)
 ParOldGen       total 68608K, used 34787K [0x0000000080000000, 0x0000000084300000, 0x00000000d5580000)
  object space 68608K, 50% used [0x0000000080000000,0x00000000821f8e28,0x0000000084300000)
 Metaspace       used 44318K, committed 45504K, reserved 1114112K
  class space    used 4784K, committed 5312K, reserved 1048576K
}
Event: 30.871 GC heap before
{Heap before GC invocations=25 (full 2):
 PSYoungGen      total 20992K, used 20992K [0x00000000d5580000, 0x00000000d7500000, 0x0000000100000000)
  eden space 20480K, 100% used [0x00000000d5580000,0x00000000d6980000,0x00000000d6980000)
  from space 512K, 100% used [0x00000000d6e80000,0x00000000d6f00000,0x00000000d6f00000)
  to   space 5120K, 0% used [0x00000000d6980000,0x00000000d6980000,0x00000000d6e80000)
 ParOldGen       total 68608K, used 34787K [0x0000000080000000, 0x0000000084300000, 0x00000000d5580000)
  object space 68608K, 50% used [0x0000000080000000,0x00000000821f8e28,0x0000000084300000)
 Metaspace       used 44529K, committed 45760K, reserved 1114112K
  class space    used 4799K, committed 5376K, reserved 1048576K
}
Event: 30.887 GC heap after
{Heap after GC invocations=25 (full 2):
 PSYoungGen      total 22528K, used 1888K [0x00000000d5580000, 0x00000000d6f80000, 0x0000000100000000)
  eden space 20480K, 0% used [0x00000000d5580000,0x00000000d5580000,0x00000000d6980000)
  from space 2048K, 92% used [0x00000000d6980000,0x00000000d6b58000,0x00000000d6b80000)
  to   space 3072K, 0% used [0x00000000d6c80000,0x00000000d6c80000,0x00000000d6f80000)
 ParOldGen       total 68608K, used 35295K [0x0000000080000000, 0x0000000084300000, 0x00000000d5580000)
  object space 68608K, 51% used [0x0000000080000000,0x0000000082277e38,0x0000000084300000)
 Metaspace       used 44529K, committed 45760K, reserved 1114112K
  class space    used 4799K, committed 5376K, reserved 1048576K
}
Event: 31.915 GC heap before
{Heap before GC invocations=26 (full 2):
 PSYoungGen      total 22528K, used 22367K [0x00000000d5580000, 0x00000000d6f80000, 0x0000000100000000)
  eden space 20480K, 99% used [0x00000000d5580000,0x00000000d697fff8,0x00000000d6980000)
  from space 2048K, 92% used [0x00000000d6980000,0x00000000d6b58000,0x00000000d6b80000)
  to   space 3072K, 0% used [0x00000000d6c80000,0x00000000d6c80000,0x00000000d6f80000)
 ParOldGen       total 68608K, used 35295K [0x0000000080000000, 0x0000000084300000, 0x00000000d5580000)
  object space 68608K, 51% used [0x0000000080000000,0x0000000082277e38,0x0000000084300000)
 Metaspace       used 45509K, committed 46720K, reserved 1114112K
  class space    used 4925K, committed 5440K, reserved 1048576K
}
Event: 31.930 GC heap after
{Heap after GC invocations=26 (full 2):
 PSYoungGen      total 23552K, used 2744K [0x00000000d5580000, 0x00000000d6f80000, 0x0000000100000000)
  eden space 20480K, 0% used [0x00000000d5580000,0x00000000d5580000,0x00000000d6980000)
  from space 3072K, 89% used [0x00000000d6c80000,0x00000000d6f2e1b0,0x00000000d6f80000)
  to   space 3072K, 0% used [0x00000000d6980000,0x00000000d6980000,0x00000000d6c80000)
 ParOldGen       total 68608K, used 37152K [0x0000000080000000, 0x0000000084300000, 0x00000000d5580000)
  object space 68608K, 54% used [0x0000000080000000,0x0000000082448158,0x0000000084300000)
 Metaspace       used 45509K, committed 46720K, reserved 1114112K
  class space    used 4925K, committed 5440K, reserved 1048576K
}
Event: 33.212 GC heap before
{Heap before GC invocations=27 (full 2):
 PSYoungGen      total 23552K, used 23222K [0x00000000d5580000, 0x00000000d6f80000, 0x0000000100000000)
  eden space 20480K, 99% used [0x00000000d5580000,0x00000000d697f9e0,0x00000000d6980000)
  from space 3072K, 89% used [0x00000000d6c80000,0x00000000d6f2e1b0,0x00000000d6f80000)
  to   space 3072K, 0% used [0x00000000d6980000,0x00000000d6980000,0x00000000d6c80000)
 ParOldGen       total 68608K, used 37152K [0x0000000080000000, 0x0000000084300000, 0x00000000d5580000)
  object space 68608K, 54% used [0x0000000080000000,0x0000000082448158,0x0000000084300000)
 Metaspace       used 47131K, committed 48320K, reserved 1114112K
  class space    used 5089K, committed 5632K, reserved 1048576K
}
Event: 33.231 GC heap after
{Heap after GC invocations=27 (full 2):
 PSYoungGen      total 23552K, used 3045K [0x00000000d5580000, 0x00000000d7780000, 0x0000000100000000)
  eden space 20480K, 0% used [0x00000000d5580000,0x00000000d5580000,0x00000000d6980000)
  from space 3072K, 99% used [0x00000000d6980000,0x00000000d6c79780,0x00000000d6c80000)
  to   space 7168K, 0% used [0x00000000d7080000,0x00000000d7080000,0x00000000d7780000)
 ParOldGen       total 68608K, used 40301K [0x0000000080000000, 0x0000000084300000, 0x00000000d5580000)
  object space 68608K, 58% used [0x0000000080000000,0x000000008275b668,0x0000000084300000)
 Metaspace       used 47131K, committed 48320K, reserved 1114112K
  class space    used 5089K, committed 5632K, reserved 1048576K
}
Event: 35.773 GC heap before
{Heap before GC invocations=28 (full 2):
 PSYoungGen      total 23552K, used 23525K [0x00000000d5580000, 0x00000000d7780000, 0x0000000100000000)
  eden space 20480K, 100% used [0x00000000d5580000,0x00000000d6980000,0x00000000d6980000)
  from space 3072K, 99% used [0x00000000d6980000,0x00000000d6c79780,0x00000000d6c80000)
  to   space 7168K, 0% used [0x00000000d7080000,0x00000000d7080000,0x00000000d7780000)
 ParOldGen       total 68608K, used 40301K [0x0000000080000000, 0x0000000084300000, 0x00000000d5580000)
  object space 68608K, 58% used [0x0000000080000000,0x000000008275b668,0x0000000084300000)
 Metaspace       used 48977K, committed 50240K, reserved 1114112K
  class space    used 5287K, committed 5824K, reserved 1048576K
}
Event: 35.793 GC heap after
{Heap after GC invocations=28 (full 2):
 PSYoungGen      total 23040K, used 2535K [0x00000000d5580000, 0x00000000d7300000, 0x0000000100000000)
  eden space 20480K, 0% used [0x00000000d5580000,0x00000000d5580000,0x00000000d6980000)
  from space 2560K, 99% used [0x00000000d7080000,0x00000000d72f9e70,0x00000000d7300000)
  to   space 4096K, 0% used [0x00000000d6b00000,0x00000000d6b00000,0x00000000d6f00000)
 ParOldGen       total 68608K, used 42989K [0x0000000080000000, 0x0000000084300000, 0x00000000d5580000)
  object space 68608K, 62% used [0x0000000080000000,0x00000000829fb478,0x0000000084300000)
 Metaspace       used 48977K, committed 50240K, reserved 1114112K
  class space    used 5287K, committed 5824K, reserved 1048576K
}
Event: 40.350 GC heap before
{Heap before GC invocations=29 (full 2):
 PSYoungGen      total 23040K, used 23015K [0x00000000d5580000, 0x00000000d7300000, 0x0000000100000000)
  eden space 20480K, 100% used [0x00000000d5580000,0x00000000d6980000,0x00000000d6980000)
  from space 2560K, 99% used [0x00000000d7080000,0x00000000d72f9e70,0x00000000d7300000)
  to   space 4096K, 0% used [0x00000000d6b00000,0x00000000d6b00000,0x00000000d6f00000)
 ParOldGen       total 68608K, used 42989K [0x0000000080000000, 0x0000000084300000, 0x00000000d5580000)
  object space 68608K, 62% used [0x0000000080000000,0x00000000829fb478,0x0000000084300000)
 Metaspace       used 50704K, committed 51904K, reserved 1114112K
  class space    used 5475K, committed 6016K, reserved 1048576K
}
Event: 40.363 GC heap after
{Heap after GC invocations=29 (full 2):
 PSYoungGen      total 24576K, used 1408K [0x00000000d5580000, 0x00000000d7100000, 0x0000000100000000)
  eden space 20480K, 0% used [0x00000000d5580000,0x00000000d5580000,0x00000000d6980000)
  from space 4096K, 34% used [0x00000000d6b00000,0x00000000d6c60010,0x00000000d6f00000)
  to   space 2048K, 0% used [0x00000000d6f00000,0x00000000d6f00000,0x00000000d7100000)
 ParOldGen       total 68608K, used 44831K [0x0000000080000000, 0x0000000084300000, 0x00000000d5580000)
  object space 68608K, 65% used [0x0000000080000000,0x0000000082bc7f70,0x0000000084300000)
 Metaspace       used 50704K, committed 51904K, reserved 1114112K
  class space    used 5475K, committed 6016K, reserved 1048576K
}
Event: 43.211 GC heap before
{Heap before GC invocations=30 (full 2):
 PSYoungGen      total 24576K, used 21888K [0x00000000d5580000, 0x00000000d7100000, 0x0000000100000000)
  eden space 20480K, 100% used [0x00000000d5580000,0x00000000d6980000,0x00000000d6980000)
  from space 4096K, 34% used [0x00000000d6b00000,0x00000000d6c60010,0x00000000d6f00000)
  to   space 2048K, 0% used [0x00000000d6f00000,0x00000000d6f00000,0x00000000d7100000)
 ParOldGen       total 68608K, used 44831K [0x0000000080000000, 0x0000000084300000, 0x00000000d5580000)
  object space 68608K, 65% used [0x0000000080000000,0x0000000082bc7f70,0x0000000084300000)
 Metaspace       used 51410K, committed 52608K, reserved 1114112K
  class space    used 5569K, committed 6080K, reserved 1048576K
}
Event: 43.225 GC heap after
{Heap after GC invocations=30 (full 2):
 PSYoungGen      total 22528K, used 1744K [0x00000000d5580000, 0x00000000d7100000, 0x0000000100000000)
  eden space 20480K, 0% used [0x00000000d5580000,0x00000000d5580000,0x00000000d6980000)
  from space 2048K, 85% used [0x00000000d6f00000,0x00000000d70b4010,0x00000000d7100000)
  to   space 2048K, 0% used [0x00000000d6d00000,0x00000000d6d00000,0x00000000d6f00000)
 ParOldGen       total 68608K, used 46061K [0x0000000080000000, 0x0000000084300000, 0x00000000d5580000)
  object space 68608K, 67% used [0x0000000080000000,0x0000000082cfb568,0x0000000084300000)
 Metaspace       used 51410K, committed 52608K, reserved 1114112K
  class space    used 5569K, committed 6080K, reserved 1048576K
}
Event: 46.085 GC heap before
{Heap before GC invocations=31 (full 2):
 PSYoungGen      total 22528K, used 22224K [0x00000000d5580000, 0x00000000d7100000, 0x0000000100000000)
  eden space 20480K, 100% used [0x00000000d5580000,0x00000000d6980000,0x00000000d6980000)
  from space 2048K, 85% used [0x00000000d6f00000,0x00000000d70b4010,0x00000000d7100000)
  to   space 2048K, 0% used [0x00000000d6d00000,0x00000000d6d00000,0x00000000d6f00000)
 ParOldGen       total 68608K, used 46061K [0x0000000080000000, 0x0000000084300000, 0x00000000d5580000)
  object space 68608K, 67% used [0x0000000080000000,0x0000000082cfb568,0x0000000084300000)
 Metaspace       used 51940K, committed 53120K, reserved 1114112K
  class space    used 5637K, committed 6144K, reserved 1048576K
}
Event: 46.097 GC heap after
{Heap after GC invocations=31 (full 2):
 PSYoungGen      total 22016K, used 1152K [0x00000000d5580000, 0x00000000d6f80000, 0x0000000100000000)
  eden space 20480K, 0% used [0x00000000d5580000,0x00000000d5580000,0x00000000d6980000)
  from space 1536K, 75% used [0x00000000d6d00000,0x00000000d6e20000,0x00000000d6e80000)
  to   space 1024K, 0% used [0x00000000d6e80000,0x00000000d6e80000,0x00000000d6f80000)
 ParOldGen       total 68608K, used 47373K [0x0000000080000000, 0x0000000084300000, 0x00000000d5580000)
  object space 68608K, 69% used [0x0000000080000000,0x0000000082e43578,0x0000000084300000)
 Metaspace       used 51940K, committed 53120K, reserved 1114112K
  class space    used 5637K, committed 6144K, reserved 1048576K
}

