# JRE version: OpenJDK Runtime Environment Temurin-21.0.12.1+1 (21.0.12.1+1) (build 21.0.12.1+1-LTS)
# Java VM: OpenJDK 64-Bit Server VM Temurin-21.0.12.1+1 (21.0.12.1+1-LTS, mixed mode, sharing, tiered, compressed oops, compressed class ptrs, parallel gc, windows-amd64)
GC Precious Log:
 CardTable entry size: 512
 CPUs: 2 total, 2 available
 Memory: 8008M
 Large Page Support: Disabled
 NUMA Support: Disabled
 Compressed Oops: Enabled (Zero based)
 Alignments: Space 512K, Generation 512K, Heap 2M
 Heap Min Capacity: 100M
 Heap Initial Capacity: 100M
 Heap Max Capacity: 4G
 Pre-touch: Disabled
 Parallel Workers: 2
Heap:
 PSYoungGen      total 22016K, used 17438K [0x00000007aab00000, 0x00000007ac280000, 0x0000000800000000)
  eden space 20992K, 78% used [0x00000007aab00000,0x00000007abb11668,0x00000007abf80000)
  from space 1024K, 96% used [0x00000007abf80000,0x00000007ac076490,0x00000007ac080000)
  to   space 1536K, 0% used [0x00000007ac100000,0x00000007ac100000,0x00000007ac280000)
 ParOldGen       total 68608K, used 28177K [0x0000000700000000, 0x0000000704300000, 0x00000007aab00000)
  object space 68608K, 41% used [0x0000000700000000,0x0000000701b847a8,0x0000000704300000)
 Metaspace       used 43911K, committed 44864K, reserved 1114112K
  class space    used 4323K, committed 4736K, reserved 1048576K
GC Heap History (20 events):
Event: 56.103 GC heap before
{Heap before GC invocations=22 (full 2):
 PSYoungGen      total 22016K, used 21536K [0x00000007aab00000, 0x00000007ac300000, 0x0000000800000000)
  eden space 20992K, 100% used [0x00000007aab00000,0x00000007abf80000,0x00000007abf80000)
  from space 1024K, 53% used [0x00000007ac180000,0x00000007ac208000,0x00000007ac280000)
  to   space 512K, 0% used [0x00000007ac280000,0x00000007ac280000,0x00000007ac300000)
 ParOldGen       total 68608K, used 20902K [0x0000000700000000, 0x0000000704300000, 0x00000007aab00000)
  object space 68608K, 30% used [0x0000000700000000,0x0000000701469b98,0x0000000704300000)
 Metaspace       used 38780K, committed 39680K, reserved 1114112K
  class space    used 3872K, committed 4288K, reserved 1048576K
}
Event: 56.115 GC heap after
{Heap after GC invocations=22 (full 2):
 PSYoungGen      total 21504K, used 485K [0x00000007aab00000, 0x00000007ac580000, 0x0000000800000000)
  eden space 20992K, 0% used [0x00000007aab00000,0x00000007aab00000,0x00000007abf80000)
  from space 512K, 94% used [0x00000007ac280000,0x00000007ac2f96b0,0x00000007ac300000)
  to   space 3072K, 0% used [0x00000007abf80000,0x00000007abf80000,0x00000007ac280000)
 ParOldGen       total 68608K, used 22887K [0x0000000700000000, 0x0000000704300000, 0x00000007aab00000)
  object space 68608K, 33% used [0x0000000700000000,0x0000000701659f08,0x0000000704300000)
 Metaspace       used 38780K, committed 39680K, reserved 1114112K
  class space    used 3872K, committed 4288K, reserved 1048576K
}
Event: 56.988 GC heap before
{Heap before GC invocations=23 (full 2):
 PSYoungGen      total 21504K, used 21477K [0x00000007aab00000, 0x00000007ac580000, 0x0000000800000000)
  eden space 20992K, 100% used [0x00000007aab00000,0x00000007abf80000,0x00000007abf80000)
  from space 512K, 94% used [0x00000007ac280000,0x00000007ac2f96b0,0x00000007ac300000)
  to   space 3072K, 0% used [0x00000007abf80000,0x00000007abf80000,0x00000007ac280000)
 ParOldGen       total 68608K, used 22887K [0x0000000700000000, 0x0000000704300000, 0x00000007aab00000)
  object space 68608K, 33% used [0x0000000700000000,0x0000000701659f08,0x0000000704300000)
 Metaspace       used 38780K, committed 39680K, reserved 1114112K
  class space    used 3872K, committed 4288K, reserved 1048576K
}
Event: 56.995 GC heap after
{Heap after GC invocations=23 (full 2):
 PSYoungGen      total 22528K, used 1180K [0x00000007aab00000, 0x00000007ac380000, 0x0000000800000000)
  eden space 20992K, 0% used [0x00000007aab00000,0x00000007aab00000,0x00000007abf80000)
  from space 1536K, 76% used [0x00000007abf80000,0x00000007ac0a70f0,0x00000007ac100000)
  to   space 2048K, 0% used [0x00000007ac180000,0x00000007ac180000,0x00000007ac380000)
 ParOldGen       total 68608K, used 23363K [0x0000000700000000, 0x0000000704300000, 0x00000007aab00000)
  object space 68608K, 34% used [0x0000000700000000,0x00000007016d0e88,0x0000000704300000)
 Metaspace       used 38780K, committed 39680K, reserved 1114112K
  class space    used 3872K, committed 4288K, reserved 1048576K
}
Event: 57.443 GC heap before
{Heap before GC invocations=24 (full 2):
 PSYoungGen      total 22528K, used 22172K [0x00000007aab00000, 0x00000007ac380000, 0x0000000800000000)
  eden space 20992K, 100% used [0x00000007aab00000,0x00000007abf80000,0x00000007abf80000)
  from space 1536K, 76% used [0x00000007abf80000,0x00000007ac0a70f0,0x00000007ac100000)
  to   space 2048K, 0% used [0x00000007ac180000,0x00000007ac180000,0x00000007ac380000)
 ParOldGen       total 68608K, used 23363K [0x0000000700000000, 0x0000000704300000, 0x00000007aab00000)
  object space 68608K, 34% used [0x0000000700000000,0x00000007016d0e88,0x0000000704300000)
 Metaspace       used 38803K, committed 39744K, reserved 1114112K
  class space    used 3874K, committed 4288K, reserved 1048576K
}
Event: 57.450 GC heap after
{Heap after GC invocations=24 (full 2):
 PSYoungGen      total 22528K, used 1048K [0x00000007aab00000, 0x00000007ac300000, 0x0000000800000000)
  eden space 20992K, 0% used [0x00000007aab00000,0x00000007aab00000,0x00000007abf80000)
  from space 1536K, 68% used [0x00000007ac180000,0x00000007ac286150,0x00000007ac300000)
  to   space 1536K, 0% used [0x00000007abf80000,0x00000007abf80000,0x00000007ac100000)
 ParOldGen       total 68608K, used 24116K [0x0000000700000000, 0x0000000704300000, 0x00000007aab00000)
  object space 68608K, 35% used [0x0000000700000000,0x000000070178d1c8,0x0000000704300000)
 Metaspace       used 38803K, committed 39744K, reserved 1114112K
  class space    used 3874K, committed 4288K, reserved 1048576K
}
Event: 57.777 GC heap before
{Heap before GC invocations=25 (full 2):
 PSYoungGen      total 22528K, used 22040K [0x00000007aab00000, 0x00000007ac300000, 0x0000000800000000)
  eden space 20992K, 100% used [0x00000007aab00000,0x00000007abf80000,0x00000007abf80000)
  from space 1536K, 68% used [0x00000007ac180000,0x00000007ac286150,0x00000007ac300000)
  to   space 1536K, 0% used [0x00000007abf80000,0x00000007abf80000,0x00000007ac100000)
 ParOldGen       total 68608K, used 24116K [0x0000000700000000, 0x0000000704300000, 0x00000007aab00000)
  object space 68608K, 35% used [0x0000000700000000,0x000000070178d1c8,0x0000000704300000)
 Metaspace       used 38946K, committed 39872K, reserved 1114112K
  class space    used 3897K, committed 4288K, reserved 1048576K
}
Event: 57.782 GC heap after
{Heap after GC invocations=25 (full 2):
 PSYoungGen      total 22528K, used 480K [0x00000007aab00000, 0x00000007ac200000, 0x0000000800000000)
  eden space 20992K, 0% used [0x00000007aab00000,0x00000007aab00000,0x00000007abf80000)
  from space 1536K, 31% used [0x00000007abf80000,0x00000007abff8000,0x00000007ac100000)
  to   space 1024K, 0% used [0x00000007ac100000,0x00000007ac100000,0x00000007ac200000)
 ParOldGen       total 68608K, used 25074K [0x0000000700000000, 0x0000000704300000, 0x00000007aab00000)
  object space 68608K, 36% used [0x0000000700000000,0x000000070187c8b8,0x0000000704300000)
 Metaspace       used 38946K, committed 39872K, reserved 1114112K
  class space    used 3897K, committed 4288K, reserved 1048576K
}
Event: 58.132 GC heap before
{Heap before GC invocations=26 (full 2):
 PSYoungGen      total 22528K, used 21472K [0x00000007aab00000, 0x00000007ac200000, 0x0000000800000000)
  eden space 20992K, 100% used [0x00000007aab00000,0x00000007abf80000,0x00000007abf80000)
  from space 1536K, 31% used [0x00000007abf80000,0x00000007abff8000,0x00000007ac100000)
  to   space 1024K, 0% used [0x00000007ac100000,0x00000007ac100000,0x00000007ac200000)
 ParOldGen       total 68608K, used 25074K [0x0000000700000000, 0x0000000704300000, 0x00000007aab00000)
  object space 68608K, 36% used [0x0000000700000000,0x000000070187c8b8,0x0000000704300000)
 Metaspace       used 38946K, committed 39872K, reserved 1114112K
  class space    used 3897K, committed 4288K, reserved 1048576K
}
Event: 58.140 GC heap after
{Heap after GC invocations=26 (full 2):
 PSYoungGen      total 22016K, used 576K [0x00000007aab00000, 0x00000007ac200000, 0x0000000800000000)
  eden space 20992K, 0% used [0x00000007aab00000,0x00000007aab00000,0x00000007abf80000)
  from space 1024K, 56% used [0x00000007ac100000,0x00000007ac190000,0x00000007ac200000)
  to   space 1024K, 0% used [0x00000007ac000000,0x00000007ac000000,0x00000007ac100000)
 ParOldGen       total 68608K, used 25538K [0x0000000700000000, 0x0000000704300000, 0x00000007aab00000)
  object space 68608K, 37% used [0x0000000700000000,0x00000007018f08b8,0x0000000704300000)
 Metaspace       used 38946K, committed 39872K, reserved 1114112K
  class space    used 3897K, committed 4288K, reserved 1048576K
}
Event: 58.246 GC heap before
{Heap before GC invocations=27 (full 2):
 PSYoungGen      total 22016K, used 21568K [0x00000007aab00000, 0x00000007ac200000, 0x0000000800000000)
  eden space 20992K, 100% used [0x00000007aab00000,0x00000007abf80000,0x00000007abf80000)
  from space 1024K, 56% used [0x00000007ac100000,0x00000007ac190000,0x00000007ac200000)
  to   space 1024K, 0% used [0x00000007ac000000,0x00000007ac000000,0x00000007ac100000)
 ParOldGen       total 68608K, used 25538K [0x0000000700000000, 0x0000000704300000, 0x00000007aab00000)
  object space 68608K, 37% used [0x0000000700000000,0x00000007018f08b8,0x0000000704300000)
 Metaspace       used 38946K, committed 39872K, reserved 1114112K
  class space    used 3897K, committed 4288K, reserved 1048576K
}
Event: 58.250 GC heap after
{Heap after GC invocations=27 (full 2):
 PSYoungGen      total 22016K, used 544K [0x00000007aab00000, 0x00000007ac180000, 0x0000000800000000)
  eden space 20992K, 0% used [0x00000007aab00000,0x00000007aab00000,0x00000007abf80000)
  from space 1024K, 53% used [0x00000007ac000000,0x00000007ac088000,0x00000007ac100000)
  to   space 512K, 0% used [0x00000007ac100000,0x00000007ac100000,0x00000007ac180000)
 ParOldGen       total 68608K, used 26058K [0x0000000700000000, 0x0000000704300000, 0x00000007aab00000)
  object space 68608K, 37% used [0x0000000700000000,0x00000007019728b8,0x0000000704300000)
 Metaspace       used 38946K, committed 39872K, reserved 1114112K
  class space    used 3897K, committed 4288K, reserved 1048576K
}
Event: 59.008 GC heap before
{Heap before GC invocations=28 (full 2):
 PSYoungGen      total 22016K, used 21536K [0x00000007aab00000, 0x00000007ac180000, 0x0000000800000000)
  eden space 20992K, 100% used [0x00000007aab00000,0x00000007abf80000,0x00000007abf80000)
  from space 1024K, 53% used [0x00000007ac000000,0x00000007ac088000,0x00000007ac100000)
  to   space 512K, 0% used [0x00000007ac100000,0x00000007ac100000,0x00000007ac180000)
 ParOldGen       total 68608K, used 26058K [0x0000000700000000, 0x0000000704300000, 0x00000007aab00000)
  object space 68608K, 37% used [0x0000000700000000,0x00000007019728b8,0x0000000704300000)
 Metaspace       used 38958K, committed 39872K, reserved 1114112K
  class space    used 3897K, committed 4288K, reserved 1048576K
}
Event: 59.013 GC heap after
{Heap after GC invocations=28 (full 2):
 PSYoungGen      total 21504K, used 512K [0x00000007aab00000, 0x00000007ac280000, 0x0000000800000000)
  eden space 20992K, 0% used [0x00000007aab00000,0x00000007aab00000,0x00000007abf80000)
  from space 512K, 100% used [0x00000007ac100000,0x00000007ac180000,0x00000007ac180000)
  to   space 1536K, 0% used [0x00000007abf80000,0x00000007abf80000,0x00000007ac100000)
 ParOldGen       total 68608K, used 26594K [0x0000000700000000, 0x0000000704300000, 0x00000007aab00000)
  object space 68608K, 38% used [0x0000000700000000,0x00000007019f88c8,0x0000000704300000)
 Metaspace       used 38958K, committed 39872K, reserved 1114112K
  class space    used 3897K, committed 4288K, reserved 1048576K
}
Event: 59.379 GC heap before
{Heap before GC invocations=29 (full 2):
 PSYoungGen      total 21504K, used 21504K [0x00000007aab00000, 0x00000007ac280000, 0x0000000800000000)
  eden space 20992K, 100% used [0x00000007aab00000,0x00000007abf80000,0x00000007abf80000)
  from space 512K, 100% used [0x00000007ac100000,0x00000007ac180000,0x00000007ac180000)
  to   space 1536K, 0% used [0x00000007abf80000,0x00000007abf80000,0x00000007ac100000)
 ParOldGen       total 68608K, used 26594K [0x0000000700000000, 0x0000000704300000, 0x00000007aab00000)
  object space 68608K, 38% used [0x0000000700000000,0x00000007019f88c8,0x0000000704300000)
 Metaspace       used 38958K, committed 39872K, reserved 1114112K
  class space    used 3897K, committed 4288K, reserved 1048576K
}
Event: 59.386 GC heap after
{Heap after GC invocations=29 (full 2):
 PSYoungGen      total 22016K, used 608K [0x00000007aab00000, 0x00000007ac180000, 0x0000000800000000)
  eden space 20992K, 0% used [0x00000007aab00000,0x00000007aab00000,0x00000007abf80000)
  from space 1024K, 59% used [0x00000007abf80000,0x00000007ac018000,0x00000007ac080000)
  to   space 1024K, 0% used [0x00000007ac080000,0x00000007ac080000,0x00000007ac180000)
 ParOldGen       total 68608K, used 27041K [0x0000000700000000, 0x0000000704300000, 0x00000007aab00000)
  object space 68608K, 39% used [0x0000000700000000,0x0000000701a687a8,0x0000000704300000)
 Metaspace       used 38958K, committed 39872K, reserved 1114112K
  class space    used 3897K, committed 4288K, reserved 1048576K
}
Event: 61.036 GC heap before
{Heap before GC invocations=30 (full 2):
 PSYoungGen      total 22016K, used 21600K [0x00000007aab00000, 0x00000007ac180000, 0x0000000800000000)
  eden space 20992K, 100% used [0x00000007aab00000,0x00000007abf80000,0x00000007abf80000)
  from space 1024K, 59% used [0x00000007abf80000,0x00000007ac018000,0x00000007ac080000)
  to   space 1024K, 0% used [0x00000007ac080000,0x00000007ac080000,0x00000007ac180000)
 ParOldGen       total 68608K, used 27041K [0x0000000700000000, 0x0000000704300000, 0x00000007aab00000)
  object space 68608K, 39% used [0x0000000700000000,0x0000000701a687a8,0x0000000704300000)
 Metaspace       used 39602K, committed 40576K, reserved 1114112K
  class space    used 3970K, committed 4416K, reserved 1048576K
}
Event: 61.042 GC heap after
{Heap after GC invocations=30 (full 2):
 PSYoungGen      total 22016K, used 752K [0x00000007aab00000, 0x00000007ac180000, 0x0000000800000000)
  eden space 20992K, 0% used [0x00000007aab00000,0x00000007aab00000,0x00000007abf80000)
  from space 1024K, 73% used [0x00000007ac080000,0x00000007ac13c010,0x00000007ac180000)
  to   space 1024K, 0% used [0x00000007abf80000,0x00000007abf80000,0x00000007ac080000)
 ParOldGen       total 68608K, used 27505K [0x0000000700000000, 0x0000000704300000, 0x00000007aab00000)
  object space 68608K, 40% used [0x0000000700000000,0x0000000701adc7a8,0x0000000704300000)
 Metaspace       used 39602K, committed 40576K, reserved 1114112K
  class space    used 3970K, committed 4416K, reserved 1048576K
}
Event: 67.357 GC heap before
{Heap before GC invocations=31 (full 2):
 PSYoungGen      total 22016K, used 21744K [0x00000007aab00000, 0x00000007ac180000, 0x0000000800000000)
  eden space 20992K, 100% used [0x00000007aab00000,0x00000007abf80000,0x00000007abf80000)
  from space 1024K, 73% used [0x00000007ac080000,0x00000007ac13c010,0x00000007ac180000)
  to   space 1024K, 0% used [0x00000007abf80000,0x00000007abf80000,0x00000007ac080000)
 ParOldGen       total 68608K, used 27505K [0x0000000700000000, 0x0000000704300000, 0x00000007aab00000)
  object space 68608K, 40% used [0x0000000700000000,0x0000000701adc7a8,0x0000000704300000)
 Metaspace       used 41623K, committed 42560K, reserved 1114112K
  class space    used 4127K, committed 4544K, reserved 1048576K
}
Event: 67.371 GC heap after
{Heap after GC invocations=31 (full 2):
 PSYoungGen      total 22016K, used 985K [0x00000007aab00000, 0x00000007ac280000, 0x0000000800000000)
  eden space 20992K, 0% used [0x00000007aab00000,0x00000007aab00000,0x00000007abf80000)
  from space 1024K, 96% used [0x00000007abf80000,0x00000007ac076490,0x00000007ac080000)
  to   space 1536K, 0% used [0x00000007ac100000,0x00000007ac100000,0x00000007ac280000)
 ParOldGen       total 68608K, used 28177K [0x0000000700000000, 0x0000000704300000, 0x00000007aab00000)
  object space 68608K, 41% used [0x0000000700000000,0x0000000701b847a8,0x0000000704300000)
 Metaspace       used 41623K, committed 42560K, reserved 1114112K
  class space    used 4127K, committed 4544K, reserved 1048576K
}

