# JRE version: OpenJDK Runtime Environment Temurin-21.0.12.1+1 (21.0.12.1+1) (build 21.0.12.1+1-LTS)
# Java VM: OpenJDK 64-Bit Server VM Temurin-21.0.12.1+1 (21.0.12.1+1-LTS, mixed mode, sharing, tiered, compressed oops, compressed class ptrs, parallel gc, windows-amd64)
GC Precious Log:
 CardTable entry size: 512
 CPUs: 2 total, 2 available
 Memory: 8008M
 Large Page Support: Disabled
 NUMA Support: Disabled
 Compressed Oops: Enabled (Zero based)
 Alignments: Space 512K, Generation 512K, Heap 2M
 Heap Min Capacity: 100M
 Heap Initial Capacity: 100M
 Heap Max Capacity: 4G
 Pre-touch: Disabled
 Parallel Workers: 2
Heap:
 PSYoungGen      total 23552K, used 23123K [0x00000007aab00000, 0x00000007ac400000, 0x0000000800000000)
  eden space 22016K, 99% used [0x00000007aab00000,0x00000007ac064da0,0x00000007ac080000)
  from space 1536K, 79% used [0x00000007ac200000,0x00000007ac330000,0x00000007ac380000)
  to   space 512K, 0% used [0x00000007ac380000,0x00000007ac380000,0x00000007ac400000)
 ParOldGen       total 68608K, used 22701K [0x0000000700000000, 0x0000000704300000, 0x00000007aab00000)
  object space 68608K, 33% used [0x0000000700000000,0x000000070162b7d0,0x0000000704300000)
 Metaspace       used 47083K, committed 48256K, reserved 1114112K
  class space    used 5130K, committed 5632K, reserved 1048576K
GC Heap History (20 events):
Event: 26.791 GC heap before
{Heap before GC invocations=10 (full 1):
 PSYoungGen      total 26624K, used 26230K [0x00000007aab00000, 0x00000007acb00000, 0x0000000800000000)
  eden space 24064K, 100% used [0x00000007aab00000,0x00000007ac280000,0x00000007ac280000)
  from space 2560K, 84% used [0x00000007ac880000,0x00000007aca9da40,0x00000007acb00000)
  to   space 3072K, 0% used [0x00000007ac500000,0x00000007ac500000,0x00000007ac800000)
 ParOldGen       total 68608K, used 13078K [0x0000000700000000, 0x0000000704300000, 0x00000007aab00000)
  object space 68608K, 19% used [0x0000000700000000,0x0000000700cc5b08,0x0000000704300000)
 Metaspace       used 26423K, committed 27328K, reserved 1114112K
  class space    used 2651K, committed 3008K, reserved 1048576K
}
Event: 26.795 GC heap after
{Heap after GC invocations=10 (full 1):
 PSYoungGen      total 25088K, used 1158K [0x00000007aab00000, 0x00000007ac900000, 0x0000000800000000)
  eden space 23552K, 0% used [0x00000007aab00000,0x00000007aab00000,0x00000007ac200000)
  from space 1536K, 75% used [0x00000007ac500000,0x00000007ac621b08,0x00000007ac680000)
  to   space 2048K, 0% used [0x00000007ac700000,0x00000007ac700000,0x00000007ac900000)
 ParOldGen       total 68608K, used 13086K [0x0000000700000000, 0x0000000704300000, 0x00000007aab00000)
  object space 68608K, 19% used [0x0000000700000000,0x0000000700cc7b08,0x0000000704300000)
 Metaspace       used 26423K, committed 27328K, reserved 1114112K
  class space    used 2651K, committed 3008K, reserved 1048576K
}
Event: 28.787 GC heap before
{Heap before GC invocations=11 (full 1):
 PSYoungGen      total 25088K, used 24707K [0x00000007aab00000, 0x00000007ac900000, 0x0000000800000000)
  eden space 23552K, 99% used [0x00000007aab00000,0x00000007ac1ff4c0,0x00000007ac200000)
  from space 1536K, 75% used [0x00000007ac500000,0x00000007ac621b08,0x00000007ac680000)
  to   space 2048K, 0% used [0x00000007ac700000,0x00000007ac700000,0x00000007ac900000)
 ParOldGen       total 68608K, used 13086K [0x0000000700000000, 0x0000000704300000, 0x00000007aab00000)
  object space 68608K, 19% used [0x0000000700000000,0x0000000700cc7b08,0x0000000704300000)
 Metaspace       used 28181K, committed 29184K, reserved 1114112K
  class space    used 2826K, committed 3264K, reserved 1048576K
}
Event: 28.797 GC heap after
{Heap after GC invocations=11 (full 1):
 PSYoungGen      total 25088K, used 2024K [0x00000007aab00000, 0x00000007ac980000, 0x0000000800000000)
  eden space 23040K, 0% used [0x00000007aab00000,0x00000007aab00000,0x00000007ac180000)
  from space 2048K, 98% used [0x00000007ac700000,0x00000007ac8fa2b0,0x00000007ac900000)
  to   space 4096K, 0% used [0x00000007ac180000,0x00000007ac180000,0x00000007ac580000)
 ParOldGen       total 68608K, used 14317K [0x0000000700000000, 0x0000000704300000, 0x00000007aab00000)
  object space 68608K, 20% used [0x0000000700000000,0x0000000700dfb598,0x0000000704300000)
 Metaspace       used 28181K, committed 29184K, reserved 1114112K
  class space    used 2826K, committed 3264K, reserved 1048576K
}
Event: 33.450 GC heap before
{Heap before GC invocations=12 (full 1):
 PSYoungGen      total 25088K, used 25064K [0x00000007aab00000, 0x00000007ac980000, 0x0000000800000000)
  eden space 23040K, 100% used [0x00000007aab00000,0x00000007ac180000,0x00000007ac180000)
  from space 2048K, 98% used [0x00000007ac700000,0x00000007ac8fa2b0,0x00000007ac900000)
  to   space 4096K, 0% used [0x00000007ac180000,0x00000007ac180000,0x00000007ac580000)
 ParOldGen       total 68608K, used 14317K [0x0000000700000000, 0x0000000704300000, 0x00000007aab00000)
  object space 68608K, 20% used [0x0000000700000000,0x0000000700dfb598,0x0000000704300000)
 Metaspace       used 30889K, committed 31872K, reserved 1114112K
  class space    used 3163K, committed 3648K, reserved 1048576K
}
Event: 33.465 GC heap after
{Heap after GC invocations=12 (full 1):
 PSYoungGen      total 26624K, used 1090K [0x00000007aab00000, 0x00000007ac780000, 0x0000000800000000)
  eden space 22528K, 0% used [0x00000007aab00000,0x00000007aab00000,0x00000007ac100000)
  from space 4096K, 26% used [0x00000007ac180000,0x00000007ac290a30,0x00000007ac580000)
  to   space 2048K, 0% used [0x00000007ac580000,0x00000007ac580000,0x00000007ac780000)
 ParOldGen       total 68608K, used 16309K [0x0000000700000000, 0x0000000704300000, 0x00000007aab00000)
  object space 68608K, 23% used [0x0000000700000000,0x0000000700fed7c8,0x0000000704300000)
 Metaspace       used 30889K, committed 31872K, reserved 1114112K
  class space    used 3163K, committed 3648K, reserved 1048576K
}
Event: 37.712 GC heap before
{Heap before GC invocations=13 (full 1):
 PSYoungGen      total 26624K, used 23618K [0x00000007aab00000, 0x00000007ac780000, 0x0000000800000000)
  eden space 22528K, 100% used [0x00000007aab00000,0x00000007ac100000,0x00000007ac100000)
  from space 4096K, 26% used [0x00000007ac180000,0x00000007ac290a30,0x00000007ac580000)
  to   space 2048K, 0% used [0x00000007ac580000,0x00000007ac580000,0x00000007ac780000)
 ParOldGen       total 68608K, used 16309K [0x0000000700000000, 0x0000000704300000, 0x00000007aab00000)
  object space 68608K, 23% used [0x0000000700000000,0x0000000700fed7c8,0x0000000704300000)
 Metaspace       used 33196K, committed 34304K, reserved 1114112K
  class space    used 3418K, committed 3904K, reserved 1048576K
}
Event: 37.721 GC heap after
{Heap after GC invocations=13 (full 1):
 PSYoungGen      total 23040K, used 941K [0x00000007aab00000, 0x00000007ac680000, 0x0000000800000000)
  eden space 22016K, 0% used [0x00000007aab00000,0x00000007aab00000,0x00000007ac080000)
  from space 1024K, 91% used [0x00000007ac580000,0x00000007ac66b460,0x00000007ac680000)
  to   space 1536K, 0% used [0x00000007ac380000,0x00000007ac380000,0x00000007ac500000)
 ParOldGen       total 68608K, used 17309K [0x0000000700000000, 0x0000000704300000, 0x00000007aab00000)
  object space 68608K, 25% used [0x0000000700000000,0x00000007010e77f8,0x0000000704300000)
 Metaspace       used 33196K, committed 34304K, reserved 1114112K
  class space    used 3418K, committed 3904K, reserved 1048576K
}
Event: 40.311 GC heap before
{Heap before GC invocations=14 (full 1):
 PSYoungGen      total 23040K, used 18384K [0x00000007aab00000, 0x00000007ac680000, 0x0000000800000000)
  eden space 22016K, 79% used [0x00000007aab00000,0x00000007abc08eb8,0x00000007ac080000)
  from space 1024K, 91% used [0x00000007ac580000,0x00000007ac66b460,0x00000007ac680000)
  to   space 1536K, 0% used [0x00000007ac380000,0x00000007ac380000,0x00000007ac500000)
 ParOldGen       total 68608K, used 17309K [0x0000000700000000, 0x0000000704300000, 0x00000007aab00000)
  object space 68608K, 25% used [0x0000000700000000,0x00000007010e77f8,0x0000000704300000)
 Metaspace       used 34748K, committed 35840K, reserved 1114112K
  class space    used 3608K, committed 4096K, reserved 1048576K
}
Event: 40.322 GC heap after
{Heap after GC invocations=14 (full 1):
 PSYoungGen      total 23552K, used 1083K [0x00000007aab00000, 0x00000007ac600000, 0x0000000800000000)
  eden space 22016K, 0% used [0x00000007aab00000,0x00000007aab00000,0x00000007ac080000)
  from space 1536K, 70% used [0x00000007ac380000,0x00000007ac48ee30,0x00000007ac500000)
  to   space 1024K, 0% used [0x00000007ac500000,0x00000007ac500000,0x00000007ac600000)
 ParOldGen       total 68608K, used 18156K [0x0000000700000000, 0x0000000704300000, 0x00000007aab00000)
  object space 68608K, 26% used [0x0000000700000000,0x00000007011bb070,0x0000000704300000)
 Metaspace       used 34748K, committed 35840K, reserved 1114112K
  class space    used 3608K, committed 4096K, reserved 1048576K
}
Event: 40.322 GC heap before
{Heap before GC invocations=15 (full 2):
 PSYoungGen      total 23552K, used 1083K [0x00000007aab00000, 0x00000007ac600000, 0x0000000800000000)
  eden space 22016K, 0% used [0x00000007aab00000,0x00000007aab00000,0x00000007ac080000)
  from space 1536K, 70% used [0x00000007ac380000,0x00000007ac48ee30,0x00000007ac500000)
  to   space 1024K, 0% used [0x00000007ac500000,0x00000007ac500000,0x00000007ac600000)
 ParOldGen       total 68608K, used 18156K [0x0000000700000000, 0x0000000704300000, 0x00000007aab00000)
  object space 68608K, 26% used [0x0000000700000000,0x00000007011bb070,0x0000000704300000)
 Metaspace       used 34748K, committed 35840K, reserved 1114112K
  class space    used 3608K, committed 4096K, reserved 1048576K
}
Event: 40.486 GC heap after
{Heap after GC invocations=15 (full 2):
 PSYoungGen      total 23552K, used 0K [0x00000007aab00000, 0x00000007ac600000, 0x0000000800000000)
  eden space 22016K, 0% used [0x00000007aab00000,0x00000007aab00000,0x00000007ac080000)
  from space 1536K, 0% used [0x00000007ac380000,0x00000007ac380000,0x00000007ac500000)
  to   space 1024K, 0% used [0x00000007ac500000,0x00000007ac500000,0x00000007ac600000)
 ParOldGen       total 68608K, used 18366K [0x0000000700000000, 0x0000000704300000, 0x00000007aab00000)
  object space 68608K, 26% used [0x0000000700000000,0x00000007011efb00,0x0000000704300000)
 Metaspace       used 34748K, committed 35840K, reserved 1114112K
  class space    used 3608K, committed 4096K, reserved 1048576K
}
Event: 41.990 GC heap before
{Heap before GC invocations=16 (full 2):
 PSYoungGen      total 23552K, used 22016K [0x00000007aab00000, 0x00000007ac600000, 0x0000000800000000)
  eden space 22016K, 100% used [0x00000007aab00000,0x00000007ac080000,0x00000007ac080000)
  from space 1536K, 0% used [0x00000007ac380000,0x00000007ac380000,0x00000007ac500000)
  to   space 1024K, 0% used [0x00000007ac500000,0x00000007ac500000,0x00000007ac600000)
 ParOldGen       total 68608K, used 18366K [0x0000000700000000, 0x0000000704300000, 0x00000007aab00000)
  object space 68608K, 26% used [0x0000000700000000,0x00000007011efb00,0x0000000704300000)
 Metaspace       used 37066K, committed 38144K, reserved 1114112K
  class space    used 3896K, committed 4352K, reserved 1048576K
}
Event: 42.002 GC heap after
{Heap after GC invocations=16 (full 2):
 PSYoungGen      total 23040K, used 1008K [0x00000007aab00000, 0x00000007ac600000, 0x0000000800000000)
  eden space 22016K, 0% used [0x00000007aab00000,0x00000007aab00000,0x00000007ac080000)
  from space 1024K, 98% used [0x00000007ac500000,0x00000007ac5fc010,0x00000007ac600000)
  to   space 2560K, 0% used [0x00000007ac100000,0x00000007ac100000,0x00000007ac380000)
 ParOldGen       total 68608K, used 19467K [0x0000000700000000, 0x0000000704300000, 0x00000007aab00000)
  object space 68608K, 28% used [0x0000000700000000,0x0000000701302e58,0x0000000704300000)
 Metaspace       used 37066K, committed 38144K, reserved 1114112K
  class space    used 3896K, committed 4352K, reserved 1048576K
}
Event: 44.386 GC heap before
{Heap before GC invocations=17 (full 2):
 PSYoungGen      total 23040K, used 23024K [0x00000007aab00000, 0x00000007ac600000, 0x0000000800000000)
  eden space 22016K, 100% used [0x00000007aab00000,0x00000007ac080000,0x00000007ac080000)
  from space 1024K, 98% used [0x00000007ac500000,0x00000007ac5fc010,0x00000007ac600000)
  to   space 2560K, 0% used [0x00000007ac100000,0x00000007ac100000,0x00000007ac380000)
 ParOldGen       total 68608K, used 19467K [0x0000000700000000, 0x0000000704300000, 0x00000007aab00000)
  object space 68608K, 28% used [0x0000000700000000,0x0000000701302e58,0x0000000704300000)
 Metaspace       used 39155K, committed 40320K, reserved 1114112K
  class space    used 4177K, committed 4672K, reserved 1048576K
}
Event: 44.398 GC heap after
{Heap after GC invocations=17 (full 2):
 PSYoungGen      total 24576K, used 1248K [0x00000007aab00000, 0x00000007ac580000, 0x0000000800000000)
  eden space 22016K, 0% used [0x00000007aab00000,0x00000007aab00000,0x00000007ac080000)
  from space 2560K, 48% used [0x00000007ac100000,0x00000007ac238000,0x00000007ac380000)
  to   space 2048K, 0% used [0x00000007ac380000,0x00000007ac380000,0x00000007ac580000)
 ParOldGen       total 68608K, used 20435K [0x0000000700000000, 0x0000000704300000, 0x00000007aab00000)
  object space 68608K, 29% used [0x0000000700000000,0x00000007013f4e78,0x0000000704300000)
 Metaspace       used 39155K, committed 40320K, reserved 1114112K
  class space    used 4177K, committed 4672K, reserved 1048576K
}
Event: 46.432 GC heap before
{Heap before GC invocations=18 (full 2):
 PSYoungGen      total 24576K, used 23264K [0x00000007aab00000, 0x00000007ac580000, 0x0000000800000000)
  eden space 22016K, 100% used [0x00000007aab00000,0x00000007ac080000,0x00000007ac080000)
  from space 2560K, 48% used [0x00000007ac100000,0x00000007ac238000,0x00000007ac380000)
  to   space 2048K, 0% used [0x00000007ac380000,0x00000007ac380000,0x00000007ac580000)
 ParOldGen       total 68608K, used 20435K [0x0000000700000000, 0x0000000704300000, 0x00000007aab00000)
  object space 68608K, 29% used [0x0000000700000000,0x00000007013f4e78,0x0000000704300000)
 Metaspace       used 41933K, committed 43136K, reserved 1114112K
  class space    used 4461K, committed 4992K, reserved 1048576K
}
Event: 46.449 GC heap after
{Heap after GC invocations=18 (full 2):
 PSYoungGen      total 23552K, used 1280K [0x00000007aab00000, 0x00000007ac500000, 0x0000000800000000)
  eden space 22016K, 0% used [0x00000007aab00000,0x00000007aab00000,0x00000007ac080000)
  from space 1536K, 83% used [0x00000007ac380000,0x00000007ac4c0000,0x00000007ac500000)
  to   space 1536K, 0% used [0x00000007ac200000,0x00000007ac200000,0x00000007ac380000)
 ParOldGen       total 68608K, used 21518K [0x0000000700000000, 0x0000000704300000, 0x00000007aab00000)
  object space 68608K, 31% used [0x0000000700000000,0x0000000701503a50,0x0000000704300000)
 Metaspace       used 41933K, committed 43136K, reserved 1114112K
  class space    used 4461K, committed 4992K, reserved 1048576K
}
Event: 53.095 GC heap before
{Heap before GC invocations=19 (full 2):
 PSYoungGen      total 23552K, used 23296K [0x00000007aab00000, 0x00000007ac500000, 0x0000000800000000)
  eden space 22016K, 100% used [0x00000007aab00000,0x00000007ac080000,0x00000007ac080000)
  from space 1536K, 83% used [0x00000007ac380000,0x00000007ac4c0000,0x00000007ac500000)
  to   space 1536K, 0% used [0x00000007ac200000,0x00000007ac200000,0x00000007ac380000)
 ParOldGen       total 68608K, used 21518K [0x0000000700000000, 0x0000000704300000, 0x00000007aab00000)
  object space 68608K, 31% used [0x0000000700000000,0x0000000701503a50,0x0000000704300000)
 Metaspace       used 44524K, committed 45760K, reserved 1114112K
  class space    used 4793K, committed 5312K, reserved 1048576K
}
Event: 53.107 GC heap after
{Heap after GC invocations=19 (full 2):
 PSYoungGen      total 23552K, used 1216K [0x00000007aab00000, 0x00000007ac400000, 0x0000000800000000)
  eden space 22016K, 0% used [0x00000007aab00000,0x00000007aab00000,0x00000007ac080000)
  from space 1536K, 79% used [0x00000007ac200000,0x00000007ac330000,0x00000007ac380000)
  to   space 512K, 0% used [0x00000007ac380000,0x00000007ac380000,0x00000007ac400000)
 ParOldGen       total 68608K, used 22701K [0x0000000700000000, 0x0000000704300000, 0x00000007aab00000)
  object space 68608K, 33% used [0x0000000700000000,0x000000070162b7d0,0x0000000704300000)
 Metaspace       used 44524K, committed 45760K, reserved 1114112K
  class space    used 4793K, committed 5312K, reserved 1048576K
}

