# JRE version: OpenJDK Runtime Environment Temurin-21.0.12.1+1 (21.0.12.1+1) (build 21.0.12.1+1-LTS)
# Java VM: OpenJDK 64-Bit Server VM Temurin-21.0.12.1+1 (21.0.12.1+1-LTS, mixed mode, sharing, tiered, compressed oops, compressed class ptrs, parallel gc, windows-amd64)
GC Precious Log:
 CardTable entry size: 512
 CPUs: 2 total, 2 available
 Memory: 8008M
 Large Page Support: Disabled
 NUMA Support: Disabled
 Compressed Oops: Enabled (Zero based)
 Alignments: Space 512K, Generation 512K, Heap 2M
 Heap Min Capacity: 100M
 Heap Initial Capacity: 100M
 Heap Max Capacity: 4G
 Pre-touch: Disabled
 Parallel Workers: 2
Heap:
 PSYoungGen      total 23040K, used 18556K [0x00000007aab00000, 0x00000007ac600000, 0x0000000800000000)
  eden space 22016K, 80% used [0x00000007aab00000,0x00000007abc57090,0x00000007ac080000)
  from space 1024K, 78% used [0x00000007ac500000,0x00000007ac5c8000,0x00000007ac600000)
  to   space 1536K, 0% used [0x00000007ac300000,0x00000007ac300000,0x00000007ac480000)
 ParOldGen       total 68608K, used 18058K [0x0000000700000000, 0x0000000704300000, 0x00000007aab00000)
  object space 68608K, 26% used [0x0000000700000000,0x00000007011a2a30,0x0000000704300000)
 Metaspace       used 34361K, committed 35328K, reserved 1114112K
  class space    used 3549K, committed 3968K, reserved 1048576K
GC Heap History (20 events):
Event: 31.756 GC heap before
{Heap before GC invocations=4 (full 0):
 PSYoungGen      total 29696K, used 29679K [0x00000007aab00000, 0x00000007acc00000, 0x0000000800000000)
  eden space 25600K, 100% used [0x00000007aab00000,0x00000007ac400000,0x00000007ac400000)
  from space 4096K, 99% used [0x00000007ac400000,0x00000007ac7fbce8,0x00000007ac800000)
  to   space 4096K, 0% used [0x00000007ac800000,0x00000007ac800000,0x00000007acc00000)
 ParOldGen       total 68608K, used 5041K [0x0000000700000000, 0x0000000704300000, 0x00000007aab00000)
  object space 68608K, 7% used [0x0000000700000000,0x00000007004ec6e0,0x0000000704300000)
 Metaspace       used 11728K, committed 12096K, reserved 1114112K
  class space    used 1238K, committed 1408K, reserved 1048576K
}
Event: 31.777 GC heap after
{Heap after GC invocations=4 (full 0):
 PSYoungGen      total 29696K, used 4067K [0x00000007aab00000, 0x00000007acc00000, 0x0000000800000000)
  eden space 25600K, 0% used [0x00000007aab00000,0x00000007aab00000,0x00000007ac400000)
  from space 4096K, 99% used [0x00000007ac800000,0x00000007acbf8db0,0x00000007acc00000)
  to   space 4096K, 0% used [0x00000007ac400000,0x00000007ac400000,0x00000007ac800000)
 ParOldGen       total 68608K, used 6693K [0x0000000700000000, 0x0000000704300000, 0x00000007aab00000)
  object space 68608K, 9% used [0x0000000700000000,0x0000000700689740,0x0000000704300000)
 Metaspace       used 11728K, committed 12096K, reserved 1114112K
  class space    used 1238K, committed 1408K, reserved 1048576K
}
Event: 37.407 GC heap before
{Heap before GC invocations=5 (full 0):
 PSYoungGen      total 29696K, used 29667K [0x00000007aab00000, 0x00000007acc00000, 0x0000000800000000)
  eden space 25600K, 100% used [0x00000007aab00000,0x00000007ac400000,0x00000007ac400000)
  from space 4096K, 99% used [0x00000007ac800000,0x00000007acbf8db0,0x00000007acc00000)
  to   space 4096K, 0% used [0x00000007ac400000,0x00000007ac400000,0x00000007ac800000)
 ParOldGen       total 68608K, used 6693K [0x0000000700000000, 0x0000000704300000, 0x00000007aab00000)
  object space 68608K, 9% used [0x0000000700000000,0x0000000700689740,0x0000000704300000)
 Metaspace       used 15690K, committed 16320K, reserved 1114112K
  class space    used 1624K, committed 1920K, reserved 1048576K
}
Event: 37.426 GC heap after
{Heap after GC invocations=5 (full 0):
 PSYoungGen      total 29184K, used 4076K [0x00000007aab00000, 0x00000007ace80000, 0x0000000800000000)
  eden space 25088K, 0% used [0x00000007aab00000,0x00000007aab00000,0x00000007ac380000)
  from space 4096K, 99% used [0x00000007ac400000,0x00000007ac7fb3a8,0x00000007ac800000)
  to   space 5632K, 0% used [0x00000007ac900000,0x00000007ac900000,0x00000007ace80000)
 ParOldGen       total 68608K, used 7997K [0x0000000700000000, 0x0000000704300000, 0x00000007aab00000)
  object space 68608K, 11% used [0x0000000700000000,0x00000007007cf500,0x0000000704300000)
 Metaspace       used 15690K, committed 16320K, reserved 1114112K
  class space    used 1624K, committed 1920K, reserved 1048576K
}
Event: 42.435 GC heap before
{Heap before GC invocations=6 (full 0):
 PSYoungGen      total 29184K, used 29164K [0x00000007aab00000, 0x00000007ace80000, 0x0000000800000000)
  eden space 25088K, 100% used [0x00000007aab00000,0x00000007ac380000,0x00000007ac380000)
  from space 4096K, 99% used [0x00000007ac400000,0x00000007ac7fb3a8,0x00000007ac800000)
  to   space 5632K, 0% used [0x00000007ac900000,0x00000007ac900000,0x00000007ace80000)
 ParOldGen       total 68608K, used 7997K [0x0000000700000000, 0x0000000704300000, 0x00000007aab00000)
  object space 68608K, 11% used [0x0000000700000000,0x00000007007cf500,0x0000000704300000)
 Metaspace       used 18891K, committed 19584K, reserved 1114112K
  class space    used 1975K, committed 2240K, reserved 1048576K
}
Event: 42.455 GC heap after
{Heap after GC invocations=6 (full 0):
 PSYoungGen      total 29696K, used 4842K [0x00000007aab00000, 0x00000007ace00000, 0x0000000800000000)
  eden space 24576K, 0% used [0x00000007aab00000,0x00000007aab00000,0x00000007ac300000)
  from space 5120K, 94% used [0x00000007ac900000,0x00000007acdba8a0,0x00000007ace00000)
  to   space 5120K, 0% used [0x00000007ac400000,0x00000007ac400000,0x00000007ac900000)
 ParOldGen       total 68608K, used 7997K [0x0000000700000000, 0x0000000704300000, 0x00000007aab00000)
  object space 68608K, 11% used [0x0000000700000000,0x00000007007cf500,0x0000000704300000)
 Metaspace       used 18891K, committed 19584K, reserved 1114112K
  class space    used 1975K, committed 2240K, reserved 1048576K
}
Event: 45.068 GC heap before
{Heap before GC invocations=7 (full 0):
 PSYoungGen      total 29696K, used 23212K [0x00000007aab00000, 0x00000007ace00000, 0x0000000800000000)
  eden space 24576K, 74% used [0x00000007aab00000,0x00000007abcf08f8,0x00000007ac300000)
  from space 5120K, 94% used [0x00000007ac900000,0x00000007acdba8a0,0x00000007ace00000)
  to   space 5120K, 0% used [0x00000007ac400000,0x00000007ac400000,0x00000007ac900000)
 ParOldGen       total 68608K, used 7997K [0x0000000700000000, 0x0000000704300000, 0x00000007aab00000)
  object space 68608K, 11% used [0x0000000700000000,0x00000007007cf500,0x0000000704300000)
 Metaspace       used 20646K, committed 21504K, reserved 1114112K
  class space    used 2187K, committed 2560K, reserved 1048576K
}
Event: 45.093 GC heap after
{Heap after GC invocations=7 (full 0):
 PSYoungGen      total 29184K, used 4252K [0x00000007aab00000, 0x00000007acc00000, 0x0000000800000000)
  eden space 24576K, 0% used [0x00000007aab00000,0x00000007aab00000,0x00000007ac300000)
  from space 4608K, 92% used [0x00000007ac400000,0x00000007ac8271d0,0x00000007ac880000)
  to   space 3584K, 0% used [0x00000007ac880000,0x00000007ac880000,0x00000007acc00000)
 ParOldGen       total 68608K, used 9464K [0x0000000700000000, 0x0000000704300000, 0x00000007aab00000)
  object space 68608K, 13% used [0x0000000700000000,0x000000070093e1a8,0x0000000704300000)
 Metaspace       used 20646K, committed 21504K, reserved 1114112K
  class space    used 2187K, committed 2560K, reserved 1048576K
}
Event: 45.093 GC heap before
{Heap before GC invocations=8 (full 1):
 PSYoungGen      total 29184K, used 4252K [0x00000007aab00000, 0x00000007acc00000, 0x0000000800000000)
  eden space 24576K, 0% used [0x00000007aab00000,0x00000007aab00000,0x00000007ac300000)
  from space 4608K, 92% used [0x00000007ac400000,0x00000007ac8271d0,0x00000007ac880000)
  to   space 3584K, 0% used [0x00000007ac880000,0x00000007ac880000,0x00000007acc00000)
 ParOldGen       total 68608K, used 9464K [0x0000000700000000, 0x0000000704300000, 0x00000007aab00000)
  object space 68608K, 13% used [0x0000000700000000,0x000000070093e1a8,0x0000000704300000)
 Metaspace       used 20646K, committed 21504K, reserved 1114112K
  class space    used 2187K, committed 2560K, reserved 1048576K
}
Event: 45.273 GC heap after
{Heap after GC invocations=8 (full 1):
 PSYoungGen      total 29184K, used 0K [0x00000007aab00000, 0x00000007acc00000, 0x0000000800000000)
  eden space 24576K, 0% used [0x00000007aab00000,0x00000007aab00000,0x00000007ac300000)
  from space 4608K, 0% used [0x00000007ac400000,0x00000007ac400000,0x00000007ac880000)
  to   space 3584K, 0% used [0x00000007ac880000,0x00000007ac880000,0x00000007acc00000)
 ParOldGen       total 68608K, used 13259K [0x0000000700000000, 0x0000000704300000, 0x00000007aab00000)
  object space 68608K, 19% used [0x0000000700000000,0x0000000700cf2c88,0x0000000704300000)
 Metaspace       used 20633K, committed 21504K, reserved 1114112K
  class space    used 2184K, committed 2560K, reserved 1048576K
}
Event: 46.922 GC heap before
{Heap before GC invocations=9 (full 1):
 PSYoungGen      total 29184K, used 24576K [0x00000007aab00000, 0x00000007acc00000, 0x0000000800000000)
  eden space 24576K, 100% used [0x00000007aab00000,0x00000007ac300000,0x00000007ac300000)
  from space 4608K, 0% used [0x00000007ac400000,0x00000007ac400000,0x00000007ac880000)
  to   space 3584K, 0% used [0x00000007ac880000,0x00000007ac880000,0x00000007acc00000)
 ParOldGen       total 68608K, used 13259K [0x0000000700000000, 0x0000000704300000, 0x00000007aab00000)
  object space 68608K, 19% used [0x0000000700000000,0x0000000700cf2c88,0x0000000704300000)
 Metaspace       used 22506K, committed 23424K, reserved 1114112K
  class space    used 2370K, committed 2752K, reserved 1048576K
}
Event: 46.928 GC heap after
{Heap after GC invocations=9 (full 1):
 PSYoungGen      total 27136K, used 2781K [0x00000007aab00000, 0x00000007acb80000, 0x0000000800000000)
  eden space 24064K, 0% used [0x00000007aab00000,0x00000007aab00000,0x00000007ac280000)
  from space 3072K, 90% used [0x00000007ac880000,0x00000007acb374a8,0x00000007acb80000)
  to   space 3584K, 0% used [0x00000007ac480000,0x00000007ac480000,0x00000007ac800000)
 ParOldGen       total 68608K, used 13267K [0x0000000700000000, 0x0000000704300000, 0x00000007aab00000)
  object space 68608K, 19% used [0x0000000700000000,0x0000000700cf4c88,0x0000000704300000)
 Metaspace       used 22506K, committed 23424K, reserved 1114112K
  class space    used 2370K, committed 2752K, reserved 1048576K
}
Event: 49.442 GC heap before
{Heap before GC invocations=10 (full 1):
 PSYoungGen      total 27136K, used 26845K [0x00000007aab00000, 0x00000007acb80000, 0x0000000800000000)
  eden space 24064K, 100% used [0x00000007aab00000,0x00000007ac280000,0x00000007ac280000)
  from space 3072K, 90% used [0x00000007ac880000,0x00000007acb374a8,0x00000007acb80000)
  to   space 3584K, 0% used [0x00000007ac480000,0x00000007ac480000,0x00000007ac800000)
 ParOldGen       total 68608K, used 13267K [0x0000000700000000, 0x0000000704300000, 0x00000007aab00000)
  object space 68608K, 19% used [0x0000000700000000,0x0000000700cf4c88,0x0000000704300000)
 Metaspace       used 26335K, committed 27264K, reserved 1114112K
  class space    used 2707K, committed 3072K, reserved 1048576K
}
Event: 49.451 GC heap after
{Heap after GC invocations=10 (full 1):
 PSYoungGen      total 25088K, used 1115K [0x00000007aab00000, 0x00000007ac900000, 0x0000000800000000)
  eden space 23552K, 0% used [0x00000007aab00000,0x00000007aab00000,0x00000007ac200000)
  from space 1536K, 72% used [0x00000007ac480000,0x00000007ac596ce8,0x00000007ac600000)
  to   space 2048K, 0% used [0x00000007ac700000,0x00000007ac700000,0x00000007ac900000)
 ParOldGen       total 68608K, used 13275K [0x0000000700000000, 0x0000000704300000, 0x00000007aab00000)
  object space 68608K, 19% used [0x0000000700000000,0x0000000700cf6c88,0x0000000704300000)
 Metaspace       used 26335K, committed 27264K, reserved 1114112K
  class space    used 2707K, committed 3072K, reserved 1048576K
}
Event: 51.738 GC heap before
{Heap before GC invocations=11 (full 1):
 PSYoungGen      total 25088K, used 24666K [0x00000007aab00000, 0x00000007ac900000, 0x0000000800000000)
  eden space 23552K, 99% used [0x00000007aab00000,0x00000007ac1ffbe0,0x00000007ac200000)
  from space 1536K, 72% used [0x00000007ac480000,0x00000007ac596ce8,0x00000007ac600000)
  to   space 2048K, 0% used [0x00000007ac700000,0x00000007ac700000,0x00000007ac900000)
 ParOldGen       total 68608K, used 13275K [0x0000000700000000, 0x0000000704300000, 0x00000007aab00000)
  object space 68608K, 19% used [0x0000000700000000,0x0000000700cf6c88,0x0000000704300000)
 Metaspace       used 29120K, committed 30144K, reserved 1114112K
  class space    used 3017K, committed 3456K, reserved 1048576K
}
Event: 51.749 GC heap after
{Heap after GC invocations=11 (full 1):
 PSYoungGen      total 25088K, used 2024K [0x00000007aab00000, 0x00000007ac980000, 0x0000000800000000)
  eden space 23040K, 0% used [0x00000007aab00000,0x00000007aab00000,0x00000007ac180000)
  from space 2048K, 98% used [0x00000007ac700000,0x00000007ac8fa2b0,0x00000007ac900000)
  to   space 4096K, 0% used [0x00000007ac180000,0x00000007ac180000,0x00000007ac580000)
 ParOldGen       total 68608K, used 14834K [0x0000000700000000, 0x0000000704300000, 0x00000007aab00000)
  object space 68608K, 21% used [0x0000000700000000,0x0000000700e7c8b0,0x0000000704300000)
 Metaspace       used 29120K, committed 30144K, reserved 1114112K
  class space    used 3017K, committed 3456K, reserved 1048576K
}
Event: 53.508 GC heap before
{Heap before GC invocations=12 (full 1):
 PSYoungGen      total 25088K, used 25064K [0x00000007aab00000, 0x00000007ac980000, 0x0000000800000000)
  eden space 23040K, 100% used [0x00000007aab00000,0x00000007ac180000,0x00000007ac180000)
  from space 2048K, 98% used [0x00000007ac700000,0x00000007ac8fa2b0,0x00000007ac900000)
  to   space 4096K, 0% used [0x00000007ac180000,0x00000007ac180000,0x00000007ac580000)
 ParOldGen       total 68608K, used 14834K [0x0000000700000000, 0x0000000704300000, 0x00000007aab00000)
  object space 68608K, 21% used [0x0000000700000000,0x0000000700e7c8b0,0x0000000704300000)
 Metaspace       used 30218K, committed 31168K, reserved 1114112K
  class space    used 3117K, committed 3520K, reserved 1048576K
}
Event: 53.535 GC heap after
{Heap after GC invocations=12 (full 1):
 PSYoungGen      total 24064K, used 1356K [0x00000007aab00000, 0x00000007ac780000, 0x0000000800000000)
  eden space 22528K, 0% used [0x00000007aab00000,0x00000007aab00000,0x00000007ac100000)
  from space 1536K, 88% used [0x00000007ac180000,0x00000007ac2d3370,0x00000007ac300000)
  to   space 2560K, 0% used [0x00000007ac500000,0x00000007ac500000,0x00000007ac780000)
 ParOldGen       total 68608K, used 16841K [0x0000000700000000, 0x0000000704300000, 0x00000007aab00000)
  object space 68608K, 24% used [0x0000000700000000,0x0000000701072408,0x0000000704300000)
 Metaspace       used 30218K, committed 31168K, reserved 1114112K
  class space    used 3117K, committed 3520K, reserved 1048576K
}
Event: 61.958 GC heap before
{Heap before GC invocations=13 (full 1):
 PSYoungGen      total 24064K, used 23884K [0x00000007aab00000, 0x00000007ac780000, 0x0000000800000000)
  eden space 22528K, 100% used [0x00000007aab00000,0x00000007ac100000,0x00000007ac100000)
  from space 1536K, 88% used [0x00000007ac180000,0x00000007ac2d3370,0x00000007ac300000)
  to   space 2560K, 0% used [0x00000007ac500000,0x00000007ac500000,0x00000007ac780000)
 ParOldGen       total 68608K, used 16841K [0x0000000700000000, 0x0000000704300000, 0x00000007aab00000)
  object space 68608K, 24% used [0x0000000700000000,0x0000000701072408,0x0000000704300000)
 Metaspace       used 32123K, committed 33152K, reserved 1114112K
  class space    used 3319K, committed 3776K, reserved 1048576K
}
Event: 61.971 GC heap after
{Heap after GC invocations=13 (full 1):
 PSYoungGen      total 23040K, used 800K [0x00000007aab00000, 0x00000007ac600000, 0x0000000800000000)
  eden space 22016K, 0% used [0x00000007aab00000,0x00000007aab00000,0x00000007ac080000)
  from space 1024K, 78% used [0x00000007ac500000,0x00000007ac5c8000,0x00000007ac600000)
  to   space 1536K, 0% used [0x00000007ac300000,0x00000007ac300000,0x00000007ac480000)
 ParOldGen       total 68608K, used 18058K [0x0000000700000000, 0x0000000704300000, 0x00000007aab00000)
  object space 68608K, 26% used [0x0000000700000000,0x00000007011a2a30,0x0000000704300000)
 Metaspace       used 32123K, committed 33152K, reserved 1114112K
  class space    used 3319K, committed 3776K, reserved 1048576K
}

