# JRE version: OpenJDK Runtime Environment Temurin-21.0.12.1+1 (21.0.12.1+1) (build 21.0.12.1+1-LTS)
# Java VM: OpenJDK 64-Bit Server VM Temurin-21.0.12.1+1 (21.0.12.1+1-LTS, mixed mode, sharing, tiered, compressed oops, compressed class ptrs, parallel gc, windows-amd64)
GC Precious Log:
 CardTable entry size: 512
 CPUs: 2 total, 2 available
 Memory: 8008M
 Large Page Support: Disabled
 NUMA Support: Disabled
 Compressed Oops: Enabled (Zero based)
 Alignments: Space 512K, Generation 512K, Heap 2M
 Heap Min Capacity: 100M
 Heap Initial Capacity: 100M
 Heap Max Capacity: 4G
 Pre-touch: Disabled
 Parallel Workers: 2
Heap:
 PSYoungGen      total 10240K, used 6900K [0x00000007aab00000, 0x00000007abc00000, 0x0000000800000000)
  eden space 8704K, 71% used [0x00000007aab00000,0x00000007ab117438,0x00000007ab380000)
  from space 1536K, 43% used [0x00000007ab980000,0x00000007aba25de0,0x00000007abb00000)
  to   space 1024K, 0% used [0x00000007abb00000,0x00000007abb00000,0x00000007abc00000)
 ParOldGen       total 86016K, used 55070K [0x0000000700000000, 0x0000000705400000, 0x00000007aab00000)
  object space 86016K, 64% used [0x0000000700000000,0x00000007035c7be0,0x0000000705400000)
 Metaspace       used 73537K, committed 75136K, reserved 1179648K
  class space    used 7574K, committed 8256K, reserved 1048576K
GC Heap History (20 events):
Event: 197.367 GC heap before
{Heap before GC invocations=100 (full 3):
 PSYoungGen      total 19456K, used 18937K [0x00000007aab00000, 0x00000007ac400000, 0x0000000800000000)
  eden space 14848K, 99% used [0x00000007aab00000,0x00000007ab9766b8,0x00000007ab980000)
  from space 4608K, 89% used [0x00000007abf80000,0x00000007ac388040,0x00000007ac400000)
  to   space 4608K, 0% used [0x00000007abb00000,0x00000007abb00000,0x00000007abf80000)
 ParOldGen       total 78848K, used 78377K [0x0000000700000000, 0x0000000704d00000, 0x00000007aab00000)
  object space 78848K, 99% used [0x0000000700000000,0x0000000704c8a7a0,0x0000000704d00000)
 Metaspace       used 71922K, committed 73536K, reserved 1179648K
  class space    used 7484K, committed 8192K, reserved 1048576K
}
Event: 197.382 GC heap after
{Heap after GC invocations=100 (full 3):
 PSYoungGen      total 15360K, used 480K [0x00000007aab00000, 0x00000007ac000000, 0x0000000800000000)
  eden space 14848K, 0% used [0x00000007aab00000,0x00000007aab00000,0x00000007ab980000)
  from space 512K, 93% used [0x00000007abb00000,0x00000007abb78000,0x00000007abb80000)
  to   space 2048K, 0% used [0x00000007abe00000,0x00000007abe00000,0x00000007ac000000)
 ParOldGen       total 82432K, used 82180K [0x0000000700000000, 0x0000000705080000, 0x00000007aab00000)
  object space 82432K, 99% used [0x0000000700000000,0x00000007050410c0,0x0000000705080000)
 Metaspace       used 71922K, committed 73536K, reserved 1179648K
  class space    used 7484K, committed 8192K, reserved 1048576K
}
Event: 197.922 GC heap before
{Heap before GC invocations=101 (full 3):
 PSYoungGen      total 15360K, used 15328K [0x00000007aab00000, 0x00000007ac000000, 0x0000000800000000)
  eden space 14848K, 100% used [0x00000007aab00000,0x00000007ab980000,0x00000007ab980000)
  from space 512K, 93% used [0x00000007abb00000,0x00000007abb78000,0x00000007abb80000)
  to   space 2048K, 0% used [0x00000007abe00000,0x00000007abe00000,0x00000007ac000000)
 ParOldGen       total 82432K, used 82180K [0x0000000700000000, 0x0000000705080000, 0x00000007aab00000)
  object space 82432K, 99% used [0x0000000700000000,0x00000007050410c0,0x0000000705080000)
 Metaspace       used 71982K, committed 73600K, reserved 1179648K
  class space    used 7484K, committed 8192K, reserved 1048576K
}
Event: 197.930 GC heap after
{Heap after GC invocations=101 (full 3):
 PSYoungGen      total 15360K, used 416K [0x00000007aab00000, 0x00000007abe80000, 0x0000000800000000)
  eden space 14848K, 0% used [0x00000007aab00000,0x00000007aab00000,0x00000007ab980000)
  from space 512K, 81% used [0x00000007abe00000,0x00000007abe68030,0x00000007abe80000)
  to   space 1024K, 0% used [0x00000007abc80000,0x00000007abc80000,0x00000007abd80000)
 ParOldGen       total 82944K, used 82576K [0x0000000700000000, 0x0000000705100000, 0x00000007aab00000)
  object space 82944K, 99% used [0x0000000700000000,0x00000007050a40d0,0x0000000705100000)
 Metaspace       used 71982K, committed 73600K, reserved 1179648K
  class space    used 7484K, committed 8192K, reserved 1048576K
}
Event: 204.414 GC heap before
{Heap before GC invocations=102 (full 3):
 PSYoungGen      total 15360K, used 15264K [0x00000007aab00000, 0x00000007abe80000, 0x0000000800000000)
  eden space 14848K, 100% used [0x00000007aab00000,0x00000007ab980000,0x00000007ab980000)
  from space 512K, 81% used [0x00000007abe00000,0x00000007abe68030,0x00000007abe80000)
  to   space 1024K, 0% used [0x00000007abc80000,0x00000007abc80000,0x00000007abd80000)
 ParOldGen       total 82944K, used 82576K [0x0000000700000000, 0x0000000705100000, 0x00000007aab00000)
  object space 82944K, 99% used [0x0000000700000000,0x00000007050a40d0,0x0000000705100000)
 Metaspace       used 72407K, committed 73984K, reserved 1179648K
  class space    used 7534K, committed 8256K, reserved 1048576K
}
Event: 204.423 GC heap after
{Heap after GC invocations=102 (full 3):
 PSYoungGen      total 15872K, used 1024K [0x00000007aab00000, 0x00000007abe80000, 0x0000000800000000)
  eden space 14848K, 0% used [0x00000007aab00000,0x00000007aab00000,0x00000007ab980000)
  from space 1024K, 100% used [0x00000007abc80000,0x00000007abd80000,0x00000007abd80000)
  to   space 1024K, 0% used [0x00000007abd80000,0x00000007abd80000,0x00000007abe80000)
 ParOldGen       total 83456K, used 82984K [0x0000000700000000, 0x0000000705180000, 0x00000007aab00000)
  object space 83456K, 99% used [0x0000000700000000,0x000000070510a0d0,0x0000000705180000)
 Metaspace       used 72407K, committed 73984K, reserved 1179648K
  class space    used 7534K, committed 8256K, reserved 1048576K
}
Event: 211.945 GC heap before
{Heap before GC invocations=103 (full 3):
 PSYoungGen      total 15872K, used 15872K [0x00000007aab00000, 0x00000007abe80000, 0x0000000800000000)
  eden space 14848K, 100% used [0x00000007aab00000,0x00000007ab980000,0x00000007ab980000)
  from space 1024K, 100% used [0x00000007abc80000,0x00000007abd80000,0x00000007abd80000)
  to   space 1024K, 0% used [0x00000007abd80000,0x00000007abd80000,0x00000007abe80000)
 ParOldGen       total 83456K, used 82984K [0x0000000700000000, 0x0000000705180000, 0x00000007aab00000)
  object space 83456K, 99% used [0x0000000700000000,0x000000070510a0d0,0x0000000705180000)
 Metaspace       used 72790K, committed 74368K, reserved 1179648K
  class space    used 7561K, committed 8256K, reserved 1048576K
}
Event: 211.975 GC heap after
{Heap after GC invocations=103 (full 3):
 PSYoungGen      total 9728K, used 1003K [0x00000007aab00000, 0x00000007acd80000, 0x0000000800000000)
  eden space 8704K, 0% used [0x00000007aab00000,0x00000007aab00000,0x00000007ab380000)
  from space 1024K, 97% used [0x00000007abd80000,0x00000007abe7ac30,0x00000007abe80000)
  to   space 10240K, 0% used [0x00000007ab380000,0x00000007ab380000,0x00000007abd80000)
 ParOldGen       total 91136K, used 90851K [0x0000000700000000, 0x0000000705900000, 0x00000007aab00000)
  object space 91136K, 99% used [0x0000000700000000,0x00000007058b8d98,0x0000000705900000)
 Metaspace       used 72790K, committed 74368K, reserved 1179648K
  class space    used 7561K, committed 8256K, reserved 1048576K
}
Event: 212.849 GC heap before
{Heap before GC invocations=104 (full 3):
 PSYoungGen      total 9728K, used 9707K [0x00000007aab00000, 0x00000007acd80000, 0x0000000800000000)
  eden space 8704K, 100% used [0x00000007aab00000,0x00000007ab380000,0x00000007ab380000)
  from space 1024K, 97% used [0x00000007abd80000,0x00000007abe7ac30,0x00000007abe80000)
  to   space 10240K, 0% used [0x00000007ab380000,0x00000007ab380000,0x00000007abd80000)
 ParOldGen       total 91136K, used 90851K [0x0000000700000000, 0x0000000705900000, 0x00000007aab00000)
  object space 91136K, 99% used [0x0000000700000000,0x00000007058b8d98,0x0000000705900000)
 Metaspace       used 72833K, committed 74432K, reserved 1179648K
  class space    used 7565K, committed 8256K, reserved 1048576K
}
Event: 212.864 GC heap after
{Heap after GC invocations=104 (full 3):
 PSYoungGen      total 9728K, used 9707K [0x00000007aab00000, 0x00000007acd80000, 0x0000000800000000)
  eden space 8704K, 100% used [0x00000007aab00000,0x00000007ab380000,0x00000007ab380000)
  from space 1024K, 97% used [0x00000007abd80000,0x00000007abe7ac30,0x00000007abe80000)
  to   space 10240K, 66% used [0x00000007ab380000,0x00000007aba23490,0x00000007abd80000)
 ParOldGen       total 91136K, used 91134K [0x0000000700000000, 0x0000000705900000, 0x00000007aab00000)
  object space 91136K, 99% used [0x0000000700000000,0x00000007058ffa48,0x0000000705900000)
 Metaspace       used 72833K, committed 74432K, reserved 1179648K
  class space    used 7565K, committed 8256K, reserved 1048576K
}
Event: 212.864 GC heap before
{Heap before GC invocations=105 (full 4):
 PSYoungGen      total 9728K, used 9707K [0x00000007aab00000, 0x00000007acd80000, 0x0000000800000000)
  eden space 8704K, 100% used [0x00000007aab00000,0x00000007ab380000,0x00000007ab380000)
  from space 1024K, 97% used [0x00000007abd80000,0x00000007abe7ac30,0x00000007abe80000)
  to   space 10240K, 66% used [0x00000007ab380000,0x00000007aba23490,0x00000007abd80000)
 ParOldGen       total 91136K, used 91134K [0x0000000700000000, 0x0000000705900000, 0x00000007aab00000)
  object space 91136K, 99% used [0x0000000700000000,0x00000007058ffa48,0x0000000705900000)
 Metaspace       used 72833K, committed 74432K, reserved 1179648K
  class space    used 7565K, committed 8256K, reserved 1048576K
}
Event: 213.238 GC heap after
{Heap after GC invocations=105 (full 4):
 PSYoungGen      total 18944K, used 0K [0x00000007aab00000, 0x00000007ac780000, 0x0000000800000000)
  eden space 8704K, 0% used [0x00000007aab00000,0x00000007aab00000,0x00000007ab380000)
  from space 10240K, 0% used [0x00000007ab380000,0x00000007ab380000,0x00000007abd80000)
  to   space 10240K, 0% used [0x00000007abd80000,0x00000007abd80000,0x00000007ac780000)
 ParOldGen       total 86016K, used 51344K [0x0000000700000000, 0x0000000705400000, 0x00000007aab00000)
  object space 86016K, 59% used [0x0000000700000000,0x0000000703224108,0x0000000705400000)
 Metaspace       used 72833K, committed 74432K, reserved 1179648K
  class space    used 7565K, committed 8256K, reserved 1048576K
}
Event: 216.731 GC heap before
{Heap before GC invocations=106 (full 4):
 PSYoungGen      total 18944K, used 8704K [0x00000007aab00000, 0x00000007ac780000, 0x0000000800000000)
  eden space 8704K, 100% used [0x00000007aab00000,0x00000007ab380000,0x00000007ab380000)
  from space 10240K, 0% used [0x00000007ab380000,0x00000007ab380000,0x00000007abd80000)
  to   space 10240K, 0% used [0x00000007abd80000,0x00000007abd80000,0x00000007ac780000)
 ParOldGen       total 86016K, used 51344K [0x0000000700000000, 0x0000000705400000, 0x00000007aab00000)
  object space 86016K, 59% used [0x0000000700000000,0x0000000703224108,0x0000000705400000)
 Metaspace       used 73029K, committed 74624K, reserved 1179648K
  class space    used 7568K, committed 8256K, reserved 1048576K
}
Event: 216.739 GC heap after
{Heap after GC invocations=106 (full 4):
 PSYoungGen      total 10752K, used 1760K [0x00000007aab00000, 0x00000007abf80000, 0x0000000800000000)
  eden space 8704K, 0% used [0x00000007aab00000,0x00000007aab00000,0x00000007ab380000)
  from space 2048K, 85% used [0x00000007abd80000,0x00000007abf38020,0x00000007abf80000)
  to   space 4608K, 0% used [0x00000007ab680000,0x00000007ab680000,0x00000007abb00000)
 ParOldGen       total 86016K, used 51352K [0x0000000700000000, 0x0000000705400000, 0x00000007aab00000)
  object space 86016K, 59% used [0x0000000700000000,0x0000000703226108,0x0000000705400000)
 Metaspace       used 73029K, committed 74624K, reserved 1179648K
  class space    used 7568K, committed 8256K, reserved 1048576K
}
Event: 219.911 GC heap before
{Heap before GC invocations=107 (full 4):
 PSYoungGen      total 10752K, used 10464K [0x00000007aab00000, 0x00000007abf80000, 0x0000000800000000)
  eden space 8704K, 100% used [0x00000007aab00000,0x00000007ab380000,0x00000007ab380000)
  from space 2048K, 85% used [0x00000007abd80000,0x00000007abf38020,0x00000007abf80000)
  to   space 4608K, 0% used [0x00000007ab680000,0x00000007ab680000,0x00000007abb00000)
 ParOldGen       total 86016K, used 51352K [0x0000000700000000, 0x0000000705400000, 0x00000007aab00000)
  object space 86016K, 59% used [0x0000000700000000,0x0000000703226108,0x0000000705400000)
 Metaspace       used 73315K, committed 74880K, reserved 1179648K
  class space    used 7570K, committed 8256K, reserved 1048576K
}
Event: 219.927 GC heap after
{Heap after GC invocations=107 (full 4):
 PSYoungGen      total 13312K, used 1600K [0x00000007aab00000, 0x00000007abe00000, 0x0000000800000000)
  eden space 8704K, 0% used [0x00000007aab00000,0x00000007aab00000,0x00000007ab380000)
  from space 4608K, 34% used [0x00000007ab680000,0x00000007ab810000,0x00000007abb00000)
  to   space 2560K, 0% used [0x00000007abb80000,0x00000007abb80000,0x00000007abe00000)
 ParOldGen       total 86016K, used 53013K [0x0000000700000000, 0x0000000705400000, 0x00000007aab00000)
  object space 86016K, 61% used [0x0000000700000000,0x00000007033c56f8,0x0000000705400000)
 Metaspace       used 73315K, committed 74880K, reserved 1179648K
  class space    used 7570K, committed 8256K, reserved 1048576K
}
Event: 226.361 GC heap before
{Heap before GC invocations=108 (full 4):
 PSYoungGen      total 13312K, used 10304K [0x00000007aab00000, 0x00000007abe00000, 0x0000000800000000)
  eden space 8704K, 100% used [0x00000007aab00000,0x00000007ab380000,0x00000007ab380000)
  from space 4608K, 34% used [0x00000007ab680000,0x00000007ab810000,0x00000007abb00000)
  to   space 2560K, 0% used [0x00000007abb80000,0x00000007abb80000,0x00000007abe00000)
 ParOldGen       total 86016K, used 53013K [0x0000000700000000, 0x0000000705400000, 0x00000007aab00000)
  object space 86016K, 61% used [0x0000000700000000,0x00000007033c56f8,0x0000000705400000)
 Metaspace       used 73496K, committed 75072K, reserved 1179648K
  class space    used 7574K, committed 8256K, reserved 1048576K
}
Event: 226.372 GC heap after
{Heap after GC invocations=108 (full 4):
 PSYoungGen      total 9728K, used 912K [0x00000007aab00000, 0x00000007abc80000, 0x0000000800000000)
  eden space 8704K, 0% used [0x00000007aab00000,0x00000007aab00000,0x00000007ab380000)
  from space 1024K, 89% used [0x00000007abb80000,0x00000007abc64010,0x00000007abc80000)
  to   space 1536K, 0% used [0x00000007ab980000,0x00000007ab980000,0x00000007abb00000)
 ParOldGen       total 86016K, used 54507K [0x0000000700000000, 0x0000000705400000, 0x00000007aab00000)
  object space 86016K, 63% used [0x0000000700000000,0x000000070353af18,0x0000000705400000)
 Metaspace       used 73496K, committed 75072K, reserved 1179648K
  class space    used 7574K, committed 8256K, reserved 1048576K
}
Event: 227.851 GC heap before
{Heap before GC invocations=109 (full 4):
 PSYoungGen      total 9728K, used 8964K [0x00000007aab00000, 0x00000007abc80000, 0x0000000800000000)
  eden space 8704K, 92% used [0x00000007aab00000,0x00000007ab2dd280,0x00000007ab380000)
  from space 1024K, 89% used [0x00000007abb80000,0x00000007abc64010,0x00000007abc80000)
  to   space 1536K, 0% used [0x00000007ab980000,0x00000007ab980000,0x00000007abb00000)
 ParOldGen       total 86016K, used 54507K [0x0000000700000000, 0x0000000705400000, 0x00000007aab00000)
  object space 86016K, 63% used [0x0000000700000000,0x000000070353af18,0x0000000705400000)
 Metaspace       used 73502K, committed 75072K, reserved 1179648K
  class space    used 7574K, committed 8256K, reserved 1048576K
}
Event: 227.856 GC heap after
{Heap after GC invocations=109 (full 4):
 PSYoungGen      total 10240K, used 663K [0x00000007aab00000, 0x00000007abc00000, 0x0000000800000000)
  eden space 8704K, 0% used [0x00000007aab00000,0x00000007aab00000,0x00000007ab380000)
  from space 1536K, 43% used [0x00000007ab980000,0x00000007aba25de0,0x00000007abb00000)
  to   space 1024K, 0% used [0x00000007abb00000,0x00000007abb00000,0x00000007abc00000)
 ParOldGen       total 86016K, used 55070K [0x0000000700000000, 0x0000000705400000, 0x00000007aab00000)
  object space 86016K, 64% used [0x0000000700000000,0x00000007035c7be0,0x0000000705400000)
 Metaspace       used 73502K, committed 75072K, reserved 1179648K
  class space    used 7574K, committed 8256K, reserved 1048576K
}

