# JRE version: OpenJDK Runtime Environment Temurin-21.0.12.1+1 (21.0.12.1+1) (build 21.0.12.1+1-LTS)
# Java VM: OpenJDK 64-Bit Server VM Temurin-21.0.12.1+1 (21.0.12.1+1-LTS, mixed mode, sharing, tiered, compressed oops, compressed class ptrs, parallel gc, windows-amd64)
GC Precious Log:
 CardTable entry size: 512
 CPUs: 2 total, 2 available
 Memory: 8008M
 Large Page Support: Disabled
 NUMA Support: Disabled
 Compressed Oops: Enabled (Zero based)
 Alignments: Space 512K, Generation 512K, Heap 2M
 Heap Min Capacity: 100M
 Heap Initial Capacity: 100M
 Heap Max Capacity: 4G
 Pre-touch: Disabled
 Parallel Workers: 2
Heap:
 PSYoungGen      total 6656K, used 2113K [0x00000007aab00000, 0x00000007ab300000, 0x0000000800000000)
  eden space 5632K, 37% used [0x00000007aab00000,0x00000007aad10570,0x00000007ab080000)
  from space 1024K, 0% used [0x00000007ab100000,0x00000007ab100000,0x00000007ab200000)
  to   space 1024K, 0% used [0x00000007ab200000,0x00000007ab200000,0x00000007ab300000)
 ParOldGen       total 2796544K, used 84625K [0x0000000700000000, 0x00000007aab00000, 0x00000007aab00000)
  object space 2796544K, 3% used [0x0000000700000000,0x00000007052a4440,0x00000007aab00000)
 Metaspace       used 82038K, committed 84032K, reserved 1179648K
  class space    used 8444K, committed 9280K, reserved 1048576K
GC Heap History (20 events):
Event: 536.318 GC heap before
{Heap before GC invocations=796 (full 6):
 PSYoungGen      total 3584K, used 3391K [0x00000007aab00000, 0x00000007ab180000, 0x0000000800000000)
  eden space 2048K, 99% used [0x00000007aab00000,0x00000007aacfbb08,0x00000007aad00000)
  from space 1536K, 88% used [0x00000007aad00000,0x00000007aae541e8,0x00000007aae80000)
  to   space 2048K, 0% used [0x00000007aaf80000,0x00000007aaf80000,0x00000007ab180000)
 ParOldGen       total 2796544K, used 84987K [0x0000000700000000, 0x00000007aab00000, 0x00000007aab00000)
  object space 2796544K, 3% used [0x0000000700000000,0x00000007052fef10,0x00000007aab00000)
 Metaspace       used 81811K, committed 83968K, reserved 1179648K
  class space    used 8425K, committed 9280K, reserved 1048576K
}
Event: 536.322 GC heap after
{Heap after GC invocations=796 (full 6):
 PSYoungGen      total 4608K, used 1584K [0x00000007aab00000, 0x00000007ab180000, 0x0000000800000000)
  eden space 2560K, 0% used [0x00000007aab00000,0x00000007aab00000,0x00000007aad80000)
  from space 2048K, 77% used [0x00000007aaf80000,0x00000007ab10c208,0x00000007ab180000)
  to   space 2048K, 0% used [0x00000007aad80000,0x00000007aad80000,0x00000007aaf80000)
 ParOldGen       total 2796544K, used 84995K [0x0000000700000000, 0x00000007aab00000, 0x00000007aab00000)
  object space 2796544K, 3% used [0x0000000700000000,0x0000000705300f10,0x00000007aab00000)
 Metaspace       used 81811K, committed 83968K, reserved 1179648K
  class space    used 8425K, committed 9280K, reserved 1048576K
}
Event: 536.614 GC heap before
{Heap before GC invocations=797 (full 6):
 PSYoungGen      total 4608K, used 4144K [0x00000007aab00000, 0x00000007ab180000, 0x0000000800000000)
  eden space 2560K, 100% used [0x00000007aab00000,0x00000007aad80000,0x00000007aad80000)
  from space 2048K, 77% used [0x00000007aaf80000,0x00000007ab10c208,0x00000007ab180000)
  to   space 2048K, 0% used [0x00000007aad80000,0x00000007aad80000,0x00000007aaf80000)
 ParOldGen       total 2796544K, used 84995K [0x0000000700000000, 0x00000007aab00000, 0x00000007aab00000)
  object space 2796544K, 3% used [0x0000000700000000,0x0000000705300f10,0x00000007aab00000)
 Metaspace       used 81885K, committed 84032K, reserved 1179648K
  class space    used 8436K, committed 9280K, reserved 1048576K
}
Event: 536.617 GC heap after
{Heap after GC invocations=797 (full 6):
 PSYoungGen      total 4608K, used 800K [0x00000007aab00000, 0x00000007ab100000, 0x0000000800000000)
  eden space 2560K, 0% used [0x00000007aab00000,0x00000007aab00000,0x00000007aad80000)
  from space 2048K, 39% used [0x00000007aad80000,0x00000007aae48060,0x00000007aaf80000)
  to   space 1536K, 0% used [0x00000007aaf80000,0x00000007aaf80000,0x00000007ab100000)
 ParOldGen       total 2796544K, used 84995K [0x0000000700000000, 0x00000007aab00000, 0x00000007aab00000)
  object space 2796544K, 3% used [0x0000000700000000,0x0000000705300f10,0x00000007aab00000)
 Metaspace       used 81885K, committed 84032K, reserved 1179648K
  class space    used 8436K, committed 9280K, reserved 1048576K
}
Event: 536.783 GC heap before
{Heap before GC invocations=798 (full 6):
 PSYoungGen      total 4608K, used 3360K [0x00000007aab00000, 0x00000007ab100000, 0x0000000800000000)
  eden space 2560K, 99% used [0x00000007aab00000,0x00000007aad7ffe0,0x00000007aad80000)
  from space 2048K, 39% used [0x00000007aad80000,0x00000007aae48060,0x00000007aaf80000)
  to   space 1536K, 0% used [0x00000007aaf80000,0x00000007aaf80000,0x00000007ab100000)
 ParOldGen       total 2796544K, used 84995K [0x0000000700000000, 0x00000007aab00000, 0x00000007aab00000)
  object space 2796544K, 3% used [0x0000000700000000,0x0000000705300f10,0x00000007aab00000)
 Metaspace       used 82025K, committed 84032K, reserved 1179648K
  class space    used 8453K, committed 9280K, reserved 1048576K
}
Event: 536.789 GC heap after
{Heap after GC invocations=798 (full 6):
 PSYoungGen      total 4608K, used 1056K [0x00000007aab00000, 0x00000007ab100000, 0x0000000800000000)
  eden space 3072K, 0% used [0x00000007aab00000,0x00000007aab00000,0x00000007aae00000)
  from space 1536K, 68% used [0x00000007aaf80000,0x00000007ab088080,0x00000007ab100000)
  to   space 1536K, 0% used [0x00000007aae00000,0x00000007aae00000,0x00000007aaf80000)
 ParOldGen       total 2796544K, used 84995K [0x0000000700000000, 0x00000007aab00000, 0x00000007aab00000)
  object space 2796544K, 3% used [0x0000000700000000,0x0000000705300f10,0x00000007aab00000)
 Metaspace       used 82025K, committed 84032K, reserved 1179648K
  class space    used 8453K, committed 9280K, reserved 1048576K
}
Event: 536.957 GC heap before
{Heap before GC invocations=799 (full 6):
 PSYoungGen      total 4608K, used 4128K [0x00000007aab00000, 0x00000007ab100000, 0x0000000800000000)
  eden space 3072K, 99% used [0x00000007aab00000,0x00000007aadffff8,0x00000007aae00000)
  from space 1536K, 68% used [0x00000007aaf80000,0x00000007ab088080,0x00000007ab100000)
  to   space 1536K, 0% used [0x00000007aae00000,0x00000007aae00000,0x00000007aaf80000)
 ParOldGen       total 2796544K, used 84995K [0x0000000700000000, 0x00000007aab00000, 0x00000007aab00000)
  object space 2796544K, 3% used [0x0000000700000000,0x0000000705300f10,0x00000007aab00000)
 Metaspace       used 82110K, committed 84032K, reserved 1179648K
  class space    used 8466K, committed 9280K, reserved 1048576K
}
Event: 536.964 GC heap after
{Heap after GC invocations=799 (full 6):
 PSYoungGen      total 4608K, used 1529K [0x00000007aab00000, 0x00000007ab380000, 0x0000000800000000)
  eden space 3072K, 0% used [0x00000007aab00000,0x00000007aab00000,0x00000007aae00000)
  from space 1536K, 99% used [0x00000007aae00000,0x00000007aaf7e7a0,0x00000007aaf80000)
  to   space 2560K, 0% used [0x00000007ab100000,0x00000007ab100000,0x00000007ab380000)
 ParOldGen       total 2796544K, used 85719K [0x0000000700000000, 0x00000007aab00000, 0x00000007aab00000)
  object space 2796544K, 3% used [0x0000000700000000,0x00000007053b5f30,0x00000007aab00000)
 Metaspace       used 82110K, committed 84032K, reserved 1179648K
  class space    used 8466K, committed 9280K, reserved 1048576K
}
Event: 537.067 GC heap before
{Heap before GC invocations=800 (full 6):
 PSYoungGen      total 4608K, used 4595K [0x00000007aab00000, 0x00000007ab380000, 0x0000000800000000)
  eden space 3072K, 99% used [0x00000007aab00000,0x00000007aadfe5d0,0x00000007aae00000)
  from space 1536K, 99% used [0x00000007aae00000,0x00000007aaf7e7a0,0x00000007aaf80000)
  to   space 2560K, 0% used [0x00000007ab100000,0x00000007ab100000,0x00000007ab380000)
 ParOldGen       total 2796544K, used 85719K [0x0000000700000000, 0x00000007aab00000, 0x00000007aab00000)
  object space 2796544K, 3% used [0x0000000700000000,0x00000007053b5f30,0x00000007aab00000)
 Metaspace       used 82126K, committed 84032K, reserved 1179648K
  class space    used 8467K, committed 9280K, reserved 1048576K
}
Event: 537.076 GC heap after
{Heap after GC invocations=800 (full 6):
 PSYoungGen      total 6144K, used 2435K [0x00000007aab00000, 0x00000007ab380000, 0x0000000800000000)
  eden space 3584K, 0% used [0x00000007aab00000,0x00000007aab00000,0x00000007aae80000)
  from space 2560K, 95% used [0x00000007ab100000,0x00000007ab360e80,0x00000007ab380000)
  to   space 2560K, 0% used [0x00000007aae80000,0x00000007aae80000,0x00000007ab100000)
 ParOldGen       total 2796544K, used 86314K [0x0000000700000000, 0x00000007aab00000, 0x00000007aab00000)
  object space 2796544K, 3% used [0x0000000700000000,0x000000070544ab20,0x00000007aab00000)
 Metaspace       used 82126K, committed 84032K, reserved 1179648K
  class space    used 8467K, committed 9280K, reserved 1048576K
}
Event: 537.101 GC heap before
{Heap before GC invocations=801 (full 6):
 PSYoungGen      total 6144K, used 3015K [0x00000007aab00000, 0x00000007ab380000, 0x0000000800000000)
  eden space 3584K, 16% used [0x00000007aab00000,0x00000007aab91010,0x00000007aae80000)
  from space 2560K, 95% used [0x00000007ab100000,0x00000007ab360e80,0x00000007ab380000)
  to   space 2560K, 0% used [0x00000007aae80000,0x00000007aae80000,0x00000007ab100000)
 ParOldGen       total 2796544K, used 86314K [0x0000000700000000, 0x00000007aab00000, 0x00000007aab00000)
  object space 2796544K, 3% used [0x0000000700000000,0x000000070544ab20,0x00000007aab00000)
 Metaspace       used 82127K, committed 84032K, reserved 1179648K
  class space    used 8467K, committed 9280K, reserved 1048576K
}
Event: 537.108 GC heap after
{Heap after GC invocations=801 (full 6):
 PSYoungGen      total 6144K, used 2531K [0x00000007aab00000, 0x00000007ab500000, 0x0000000800000000)
  eden space 3584K, 0% used [0x00000007aab00000,0x00000007aab00000,0x00000007aae80000)
  from space 2560K, 98% used [0x00000007aae80000,0x00000007ab0f8e80,0x00000007ab100000)
  to   space 3072K, 0% used [0x00000007ab200000,0x00000007ab200000,0x00000007ab500000)
 ParOldGen       total 2796544K, used 86322K [0x0000000700000000, 0x00000007aab00000, 0x00000007aab00000)
  object space 2796544K, 3% used [0x0000000700000000,0x000000070544cb20,0x00000007aab00000)
 Metaspace       used 82127K, committed 84032K, reserved 1179648K
  class space    used 8467K, committed 9280K, reserved 1048576K
}
Event: 537.108 GC heap before
{Heap before GC invocations=802 (full 6):
 PSYoungGen      total 6144K, used 2531K [0x00000007aab00000, 0x00000007ab500000, 0x0000000800000000)
  eden space 3584K, 0% used [0x00000007aab00000,0x00000007aab00000,0x00000007aae80000)
  from space 2560K, 98% used [0x00000007aae80000,0x00000007ab0f8e80,0x00000007ab100000)
  to   space 3072K, 0% used [0x00000007ab200000,0x00000007ab200000,0x00000007ab500000)
 ParOldGen       total 2796544K, used 86322K [0x0000000700000000, 0x00000007aab00000, 0x00000007aab00000)
  object space 2796544K, 3% used [0x0000000700000000,0x000000070544cb20,0x00000007aab00000)
 Metaspace       used 82127K, committed 84032K, reserved 1179648K
  class space    used 8467K, committed 9280K, reserved 1048576K
}
Event: 537.115 GC heap after
{Heap after GC invocations=802 (full 6):
 PSYoungGen      total 6656K, used 2275K [0x00000007aab00000, 0x00000007ab480000, 0x0000000800000000)
  eden space 4096K, 0% used [0x00000007aab00000,0x00000007aab00000,0x00000007aaf00000)
  from space 2560K, 88% used [0x00000007ab200000,0x00000007ab438e80,0x00000007ab480000)
  to   space 2560K, 0% used [0x00000007aaf80000,0x00000007aaf80000,0x00000007ab200000)
 ParOldGen       total 2796544K, used 86602K [0x0000000700000000, 0x00000007aab00000, 0x00000007aab00000)
  object space 2796544K, 3% used [0x0000000700000000,0x0000000705492b20,0x00000007aab00000)
 Metaspace       used 82127K, committed 84032K, reserved 1179648K
  class space    used 8467K, committed 9280K, reserved 1048576K
}
Event: 537.115 GC heap before
{Heap before GC invocations=803 (full 7):
 PSYoungGen      total 6656K, used 2275K [0x00000007aab00000, 0x00000007ab480000, 0x0000000800000000)
  eden space 4096K, 0% used [0x00000007aab00000,0x00000007aab00000,0x00000007aaf00000)
  from space 2560K, 88% used [0x00000007ab200000,0x00000007ab438e80,0x00000007ab480000)
  to   space 2560K, 0% used [0x00000007aaf80000,0x00000007aaf80000,0x00000007ab200000)
 ParOldGen       total 2796544K, used 86602K [0x0000000700000000, 0x00000007aab00000, 0x00000007aab00000)
  object space 2796544K, 3% used [0x0000000700000000,0x0000000705492b20,0x00000007aab00000)
 Metaspace       used 82127K, committed 84032K, reserved 1179648K
  class space    used 8467K, committed 9280K, reserved 1048576K
}
Event: 537.516 GC heap after
{Heap after GC invocations=803 (full 7):
 PSYoungGen      total 7168K, used 0K [0x00000007aab00000, 0x00000007ab500000, 0x0000000800000000)
  eden space 4608K, 0% used [0x00000007aab00000,0x00000007aab00000,0x00000007aaf80000)
  from space 2560K, 0% used [0x00000007aaf80000,0x00000007aaf80000,0x00000007ab200000)
  to   space 2560K, 0% used [0x00000007ab280000,0x00000007ab280000,0x00000007ab500000)
 ParOldGen       total 143872K, used 85350K [0x0000000700000000, 0x0000000708c80000, 0x00000007aab00000)
  object space 143872K, 59% used [0x0000000700000000,0x0000000705359878,0x0000000708c80000)
 Metaspace       used 82127K, committed 84032K, reserved 1179648K
  class space    used 8467K, committed 9280K, reserved 1048576K
}
Event: 537.542 GC heap before
{Heap before GC invocations=804 (full 7):
 PSYoungGen      total 7168K, used 0K [0x00000007aab00000, 0x00000007ab500000, 0x0000000800000000)
  eden space 4608K, 0% used [0x00000007aab00000,0x00000007aab00000,0x00000007aaf80000)
  from space 2560K, 0% used [0x00000007aaf80000,0x00000007aaf80000,0x00000007ab200000)
  to   space 2560K, 0% used [0x00000007ab280000,0x00000007ab280000,0x00000007ab500000)
 ParOldGen       total 2796544K, used 85350K [0x0000000700000000, 0x00000007aab00000, 0x00000007aab00000)
  object space 2796544K, 3% used [0x0000000700000000,0x0000000705359878,0x00000007aab00000)
 Metaspace       used 82127K, committed 84032K, reserved 1179648K
  class space    used 8467K, committed 9280K, reserved 1048576K
}
Event: 537.543 GC heap after
{Heap after GC invocations=804 (full 7):
 PSYoungGen      total 5632K, used 0K [0x00000007aab00000, 0x00000007ab300000, 0x0000000800000000)
  eden space 5120K, 0% used [0x00000007aab00000,0x00000007aab00000,0x00000007ab000000)
  from space 512K, 0% used [0x00000007ab280000,0x00000007ab280000,0x00000007ab300000)
  to   space 1024K, 0% used [0x00000007ab100000,0x00000007ab100000,0x00000007ab200000)
 ParOldGen       total 2796544K, used 85350K [0x0000000700000000, 0x00000007aab00000, 0x00000007aab00000)
  object space 2796544K, 3% used [0x0000000700000000,0x0000000705359878,0x00000007aab00000)
 Metaspace       used 82127K, committed 84032K, reserved 1179648K
  class space    used 8467K, committed 9280K, reserved 1048576K
}
Event: 537.543 GC heap before
{Heap before GC invocations=805 (full 8):
 PSYoungGen      total 5632K, used 0K [0x00000007aab00000, 0x00000007ab300000, 0x0000000800000000)
  eden space 5120K, 0% used [0x00000007aab00000,0x00000007aab00000,0x00000007ab000000)
  from space 512K, 0% used [0x00000007ab280000,0x00000007ab280000,0x00000007ab300000)
  to   space 1024K, 0% used [0x00000007ab100000,0x00000007ab100000,0x00000007ab200000)
 ParOldGen       total 2796544K, used 85350K [0x0000000700000000, 0x00000007aab00000, 0x00000007aab00000)
  object space 2796544K, 3% used [0x0000000700000000,0x0000000705359878,0x00000007aab00000)
 Metaspace       used 82127K, committed 84032K, reserved 1179648K
  class space    used 8467K, committed 9280K, reserved 1048576K
}
Event: 538.157 GC heap after
{Heap after GC invocations=805 (full 8):
 PSYoungGen      total 6656K, used 0K [0x00000007aab00000, 0x00000007ab300000, 0x0000000800000000)
  eden space 5632K, 0% used [0x00000007aab00000,0x00000007aab00000,0x00000007ab080000)
  from space 1024K, 0% used [0x00000007ab100000,0x00000007ab100000,0x00000007ab200000)
  to   space 1024K, 0% used [0x00000007ab200000,0x00000007ab200000,0x00000007ab300000)
 ParOldGen       total 165376K, used 84625K [0x0000000700000000, 0x000000070a180000, 0x00000007aab00000)
  object space 165376K, 51% used [0x0000000700000000,0x00000007052a4440,0x000000070a180000)
 Metaspace       used 82001K, committed 84032K, reserved 1179648K
  class space    used 8443K, committed 9280K, reserved 1048576K
}

