# JRE version: OpenJDK Runtime Environment Temurin-21.0.12.1+1 (21.0.12.1+1) (build 21.0.12.1+1-LTS)
# Java VM: OpenJDK 64-Bit Server VM Temurin-21.0.12.1+1 (21.0.12.1+1-LTS, mixed mode, sharing, tiered, compressed oops, compressed class ptrs, parallel gc, windows-amd64)
GC Precious Log:
 CardTable entry size: 512
 CPUs: 2 total, 2 available
 Memory: 8008M
 Large Page Support: Disabled
 NUMA Support: Disabled
 Compressed Oops: Enabled (Zero based)
 Alignments: Space 512K, Generation 512K, Heap 2M
 Heap Min Capacity: 100M
 Heap Initial Capacity: 100M
 Heap Max Capacity: 4G
 Pre-touch: Disabled
 Parallel Workers: 2
Heap:
 PSYoungGen      total 3584K, used 3051K [0x00000007aab00000, 0x00000007ab000000, 0x0000000800000000)
  eden space 2048K, 89% used [0x00000007aab00000,0x00000007aacca470,0x00000007aad00000)
  from space 1536K, 79% used [0x00000007aad00000,0x00000007aae30ad0,0x00000007aae80000)
  to   space 1536K, 0% used [0x00000007aae80000,0x00000007aae80000,0x00000007ab000000)
 ParOldGen       total 172544K, used 171943K [0x0000000700000000, 0x000000070a880000, 0x00000007aab00000)
  object space 172544K, 99% used [0x0000000700000000,0x000000070a7e9c60,0x000000070a880000)
 Metaspace       used 76101K, committed 77824K, reserved 1179648K
  class space    used 7761K, committed 8512K, reserved 1048576K
GC Heap History (20 events):
Event: 1252.729 GC heap before
{Heap before GC invocations=352 (full 4):
 PSYoungGen      total 2048K, used 2016K [0x00000007aab00000, 0x00000007aaf80000, 0x0000000800000000)
  eden space 1536K, 100% used [0x00000007aab00000,0x00000007aac80000,0x00000007aac80000)
  from space 512K, 93% used [0x00000007aae80000,0x00000007aaef8000,0x00000007aaf00000)
  to   space 512K, 0% used [0x00000007aaf00000,0x00000007aaf00000,0x00000007aaf80000)
 ParOldGen       total 164352K, used 164022K [0x0000000700000000, 0x000000070a080000, 0x00000007aab00000)
  object space 164352K, 99% used [0x0000000700000000,0x000000070a02dbb0,0x000000070a080000)
 Metaspace       used 76094K, committed 77824K, reserved 1179648K
  class space    used 7761K, committed 8512K, reserved 1048576K
}
Event: 1252.732 GC heap after
{Heap after GC invocations=352 (full 4):
 PSYoungGen      total 2048K, used 96K [0x00000007aab00000, 0x00000007aaf80000, 0x0000000800000000)
  eden space 1536K, 0% used [0x00000007aab00000,0x00000007aab00000,0x00000007aac80000)
  from space 512K, 18% used [0x00000007aaf00000,0x00000007aaf18000,0x00000007aaf80000)
  to   space 512K, 0% used [0x00000007aae80000,0x00000007aae80000,0x00000007aaf00000)
 ParOldGen       total 164352K, used 164339K [0x0000000700000000, 0x000000070a080000, 0x00000007aab00000)
  object space 164352K, 99% used [0x0000000700000000,0x000000070a07cd40,0x000000070a080000)
 Metaspace       used 76094K, committed 77824K, reserved 1179648K
  class space    used 7761K, committed 8512K, reserved 1048576K
}
Event: 1252.756 GC heap before
{Heap before GC invocations=353 (full 4):
 PSYoungGen      total 2048K, used 1632K [0x00000007aab00000, 0x00000007aaf80000, 0x0000000800000000)
  eden space 1536K, 100% used [0x00000007aab00000,0x00000007aac80000,0x00000007aac80000)
  from space 512K, 18% used [0x00000007aaf00000,0x00000007aaf18000,0x00000007aaf80000)
  to   space 512K, 0% used [0x00000007aae80000,0x00000007aae80000,0x00000007aaf00000)
 ParOldGen       total 164352K, used 164339K [0x0000000700000000, 0x000000070a080000, 0x00000007aab00000)
  object space 164352K, 99% used [0x0000000700000000,0x000000070a07cd40,0x000000070a080000)
 Metaspace       used 76094K, committed 77824K, reserved 1179648K
  class space    used 7761K, committed 8512K, reserved 1048576K
}
Event: 1252.758 GC heap after
{Heap after GC invocations=353 (full 4):
 PSYoungGen      total 2048K, used 432K [0x00000007aab00000, 0x00000007aaf80000, 0x0000000800000000)
  eden space 1536K, 0% used [0x00000007aab00000,0x00000007aab00000,0x00000007aac80000)
  from space 512K, 84% used [0x00000007aae80000,0x00000007aaeec030,0x00000007aaf00000)
  to   space 512K, 0% used [0x00000007aaf00000,0x00000007aaf00000,0x00000007aaf80000)
 ParOldGen       total 164864K, used 164363K [0x0000000700000000, 0x000000070a100000, 0x00000007aab00000)
  object space 164864K, 99% used [0x0000000700000000,0x000000070a082d40,0x000000070a100000)
 Metaspace       used 76094K, committed 77824K, reserved 1179648K
  class space    used 7761K, committed 8512K, reserved 1048576K
}
Event: 1252.941 GC heap before
{Heap before GC invocations=354 (full 4):
 PSYoungGen      total 2048K, used 1968K [0x00000007aab00000, 0x00000007aaf80000, 0x0000000800000000)
  eden space 1536K, 99% used [0x00000007aab00000,0x00000007aac7fff8,0x00000007aac80000)
  from space 512K, 84% used [0x00000007aae80000,0x00000007aaeec030,0x00000007aaf00000)
  to   space 512K, 0% used [0x00000007aaf00000,0x00000007aaf00000,0x00000007aaf80000)
 ParOldGen       total 164864K, used 164363K [0x0000000700000000, 0x000000070a100000, 0x00000007aab00000)
  object space 164864K, 99% used [0x0000000700000000,0x000000070a082d40,0x000000070a100000)
 Metaspace       used 76094K, committed 77824K, reserved 1179648K
  class space    used 7761K, committed 8512K, reserved 1048576K
}
Event: 1252.944 GC heap after
{Heap after GC invocations=354 (full 4):
 PSYoungGen      total 2048K, used 208K [0x00000007aab00000, 0x00000007aaf80000, 0x0000000800000000)
  eden space 1536K, 0% used [0x00000007aab00000,0x00000007aab00000,0x00000007aac80000)
  from space 512K, 40% used [0x00000007aaf00000,0x00000007aaf34010,0x00000007aaf80000)
  to   space 512K, 0% used [0x00000007aae80000,0x00000007aae80000,0x00000007aaf00000)
 ParOldGen       total 164864K, used 164371K [0x0000000700000000, 0x000000070a100000, 0x00000007aab00000)
  object space 164864K, 99% used [0x0000000700000000,0x000000070a084d40,0x000000070a100000)
 Metaspace       used 76094K, committed 77824K, reserved 1179648K
  class space    used 7761K, committed 8512K, reserved 1048576K
}
Event: 1252.965 GC heap before
{Heap before GC invocations=355 (full 4):
 PSYoungGen      total 2048K, used 1744K [0x00000007aab00000, 0x00000007aaf80000, 0x0000000800000000)
  eden space 1536K, 100% used [0x00000007aab00000,0x00000007aac80000,0x00000007aac80000)
  from space 512K, 40% used [0x00000007aaf00000,0x00000007aaf34010,0x00000007aaf80000)
  to   space 512K, 0% used [0x00000007aae80000,0x00000007aae80000,0x00000007aaf00000)
 ParOldGen       total 164864K, used 164371K [0x0000000700000000, 0x000000070a100000, 0x00000007aab00000)
  object space 164864K, 99% used [0x0000000700000000,0x000000070a084d40,0x000000070a100000)
 Metaspace       used 76094K, committed 77824K, reserved 1179648K
  class space    used 7761K, committed 8512K, reserved 1048576K
}
Event: 1252.969 GC heap after
{Heap after GC invocations=355 (full 4):
 PSYoungGen      total 2048K, used 512K [0x00000007aab00000, 0x00000007aaf80000, 0x0000000800000000)
  eden space 1536K, 0% used [0x00000007aab00000,0x00000007aab00000,0x00000007aac80000)
  from space 512K, 100% used [0x00000007aae80000,0x00000007aaf00000,0x00000007aaf00000)
  to   space 512K, 0% used [0x00000007aaf00000,0x00000007aaf00000,0x00000007aaf80000)
 ParOldGen       total 164864K, used 164513K [0x0000000700000000, 0x000000070a100000, 0x00000007aab00000)
  object space 164864K, 99% used [0x0000000700000000,0x000000070a0a87f0,0x000000070a100000)
 Metaspace       used 76094K, committed 77824K, reserved 1179648K
  class space    used 7761K, committed 8512K, reserved 1048576K
}
Event: 1253.249 GC heap before
{Heap before GC invocations=356 (full 4):
 PSYoungGen      total 2048K, used 2047K [0x00000007aab00000, 0x00000007aaf80000, 0x0000000800000000)
  eden space 1536K, 99% used [0x00000007aab00000,0x00000007aac7ffb0,0x00000007aac80000)
  from space 512K, 100% used [0x00000007aae80000,0x00000007aaf00000,0x00000007aaf00000)
  to   space 512K, 0% used [0x00000007aaf00000,0x00000007aaf00000,0x00000007aaf80000)
 ParOldGen       total 164864K, used 164513K [0x0000000700000000, 0x000000070a100000, 0x00000007aab00000)
  object space 164864K, 99% used [0x0000000700000000,0x000000070a0a87f0,0x000000070a100000)
 Metaspace       used 76098K, committed 77824K, reserved 1179648K
  class space    used 7761K, committed 8512K, reserved 1048576K
}
Event: 1253.252 GC heap after
{Heap after GC invocations=356 (full 4):
 PSYoungGen      total 2048K, used 224K [0x00000007aab00000, 0x00000007aaf80000, 0x0000000800000000)
  eden space 1536K, 0% used [0x00000007aab00000,0x00000007aab00000,0x00000007aac80000)
  from space 512K, 43% used [0x00000007aaf00000,0x00000007aaf38000,0x00000007aaf80000)
  to   space 512K, 0% used [0x00000007aae80000,0x00000007aae80000,0x00000007aaf00000)
 ParOldGen       total 165376K, used 165007K [0x0000000700000000, 0x000000070a180000, 0x00000007aab00000)
  object space 165376K, 99% used [0x0000000700000000,0x000000070a123d18,0x000000070a180000)
 Metaspace       used 76098K, committed 77824K, reserved 1179648K
  class space    used 7761K, committed 8512K, reserved 1048576K
}
Event: 1253.427 GC heap before
{Heap before GC invocations=357 (full 4):
 PSYoungGen      total 2048K, used 1616K [0x00000007aab00000, 0x00000007aaf80000, 0x0000000800000000)
  eden space 1536K, 90% used [0x00000007aab00000,0x00000007aac5c268,0x00000007aac80000)
  from space 512K, 43% used [0x00000007aaf00000,0x00000007aaf38000,0x00000007aaf80000)
  to   space 512K, 0% used [0x00000007aae80000,0x00000007aae80000,0x00000007aaf00000)
 ParOldGen       total 165376K, used 165007K [0x0000000700000000, 0x000000070a180000, 0x00000007aab00000)
  object space 165376K, 99% used [0x0000000700000000,0x000000070a123d18,0x000000070a180000)
 Metaspace       used 76101K, committed 77824K, reserved 1179648K
  class space    used 7761K, committed 8512K, reserved 1048576K
}
Event: 1253.430 GC heap after
{Heap after GC invocations=357 (full 4):
 PSYoungGen      total 2048K, used 384K [0x00000007aab00000, 0x00000007aaf80000, 0x0000000800000000)
  eden space 1536K, 0% used [0x00000007aab00000,0x00000007aab00000,0x00000007aac80000)
  from space 512K, 75% used [0x00000007aae80000,0x00000007aaee0000,0x00000007aaf00000)
  to   space 512K, 0% used [0x00000007aaf00000,0x00000007aaf00000,0x00000007aaf80000)
 ParOldGen       total 165376K, used 165221K [0x0000000700000000, 0x000000070a180000, 0x00000007aab00000)
  object space 165376K, 99% used [0x0000000700000000,0x000000070a1595e0,0x000000070a180000)
 Metaspace       used 76101K, committed 77824K, reserved 1179648K
  class space    used 7761K, committed 8512K, reserved 1048576K
}
Event: 1253.437 GC heap before
{Heap before GC invocations=358 (full 4):
 PSYoungGen      total 2048K, used 1920K [0x00000007aab00000, 0x00000007aaf80000, 0x0000000800000000)
  eden space 1536K, 100% used [0x00000007aab00000,0x00000007aac80000,0x00000007aac80000)
  from space 512K, 75% used [0x00000007aae80000,0x00000007aaee0000,0x00000007aaf00000)
  to   space 512K, 0% used [0x00000007aaf00000,0x00000007aaf00000,0x00000007aaf80000)
 ParOldGen       total 165376K, used 165221K [0x0000000700000000, 0x000000070a180000, 0x00000007aab00000)
  object space 165376K, 99% used [0x0000000700000000,0x000000070a1595e0,0x000000070a180000)
 Metaspace       used 76101K, committed 77824K, reserved 1179648K
  class space    used 7761K, committed 8512K, reserved 1048576K
}
Event: 1253.442 GC heap after
{Heap after GC invocations=358 (full 4):
 PSYoungGen      total 2048K, used 484K [0x00000007aab00000, 0x00000007ab180000, 0x0000000800000000)
  eden space 1536K, 0% used [0x00000007aab00000,0x00000007aab00000,0x00000007aac80000)
  from space 512K, 94% used [0x00000007aaf00000,0x00000007aaf79098,0x00000007aaf80000)
  to   space 2560K, 0% used [0x00000007aac80000,0x00000007aac80000,0x00000007aaf00000)
 ParOldGen       total 166912K, used 166558K [0x0000000700000000, 0x000000070a300000, 0x00000007aab00000)
  object space 166912K, 99% used [0x0000000700000000,0x000000070a2a79f8,0x000000070a300000)
 Metaspace       used 76101K, committed 77824K, reserved 1179648K
  class space    used 7761K, committed 8512K, reserved 1048576K
}
Event: 1253.454 GC heap before
{Heap before GC invocations=359 (full 4):
 PSYoungGen      total 2048K, used 2020K [0x00000007aab00000, 0x00000007ab180000, 0x0000000800000000)
  eden space 1536K, 100% used [0x00000007aab00000,0x00000007aac80000,0x00000007aac80000)
  from space 512K, 94% used [0x00000007aaf00000,0x00000007aaf79098,0x00000007aaf80000)
  to   space 2560K, 0% used [0x00000007aac80000,0x00000007aac80000,0x00000007aaf00000)
 ParOldGen       total 166912K, used 166558K [0x0000000700000000, 0x000000070a300000, 0x00000007aab00000)
  object space 166912K, 99% used [0x0000000700000000,0x000000070a2a79f8,0x000000070a300000)
 Metaspace       used 76101K, committed 77824K, reserved 1179648K
  class space    used 7761K, committed 8512K, reserved 1048576K
}
Event: 1253.458 GC heap after
{Heap after GC invocations=359 (full 4):
 PSYoungGen      total 3072K, used 1504K [0x00000007aab00000, 0x00000007ab080000, 0x0000000800000000)
  eden space 1536K, 0% used [0x00000007aab00000,0x00000007aab00000,0x00000007aac80000)
  from space 1536K, 97% used [0x00000007aac80000,0x00000007aadf8000,0x00000007aae00000)
  to   space 2048K, 0% used [0x00000007aae80000,0x00000007aae80000,0x00000007ab080000)
 ParOldGen       total 167424K, used 167050K [0x0000000700000000, 0x000000070a380000, 0x00000007aab00000)
  object space 167424K, 99% used [0x0000000700000000,0x000000070a322a90,0x000000070a380000)
 Metaspace       used 76101K, committed 77824K, reserved 1179648K
  class space    used 7761K, committed 8512K, reserved 1048576K
}
Event: 1253.467 GC heap before
{Heap before GC invocations=360 (full 4):
 PSYoungGen      total 3072K, used 3040K [0x00000007aab00000, 0x00000007ab080000, 0x0000000800000000)
  eden space 1536K, 100% used [0x00000007aab00000,0x00000007aac80000,0x00000007aac80000)
  from space 1536K, 97% used [0x00000007aac80000,0x00000007aadf8000,0x00000007aae00000)
  to   space 2048K, 0% used [0x00000007aae80000,0x00000007aae80000,0x00000007ab080000)
 ParOldGen       total 167424K, used 167050K [0x0000000700000000, 0x000000070a380000, 0x00000007aab00000)
  object space 167424K, 99% used [0x0000000700000000,0x000000070a322a90,0x000000070a380000)
 Metaspace       used 76101K, committed 77824K, reserved 1179648K
  class space    used 7761K, committed 8512K, reserved 1048576K
}
Event: 1253.472 GC heap after
{Heap after GC invocations=360 (full 4):
 PSYoungGen      total 3584K, used 1504K [0x00000007aab00000, 0x00000007ab000000, 0x0000000800000000)
  eden space 2048K, 0% used [0x00000007aab00000,0x00000007aab00000,0x00000007aad00000)
  from space 1536K, 97% used [0x00000007aae80000,0x00000007aaff8000,0x00000007ab000000)
  to   space 1536K, 0% used [0x00000007aad00000,0x00000007aad00000,0x00000007aae80000)
 ParOldGen       total 168960K, used 168554K [0x0000000700000000, 0x000000070a500000, 0x00000007aab00000)
  object space 168960K, 99% used [0x0000000700000000,0x000000070a49aa90,0x000000070a500000)
 Metaspace       used 76101K, committed 77824K, reserved 1179648K
  class space    used 7761K, committed 8512K, reserved 1048576K
}
Event: 1253.494 GC heap before
{Heap before GC invocations=361 (full 4):
 PSYoungGen      total 3584K, used 3552K [0x00000007aab00000, 0x00000007ab000000, 0x0000000800000000)
  eden space 2048K, 100% used [0x00000007aab00000,0x00000007aad00000,0x00000007aad00000)
  from space 1536K, 97% used [0x00000007aae80000,0x00000007aaff8000,0x00000007ab000000)
  to   space 1536K, 0% used [0x00000007aad00000,0x00000007aad00000,0x00000007aae80000)
 ParOldGen       total 168960K, used 168554K [0x0000000700000000, 0x000000070a500000, 0x00000007aab00000)
  object space 168960K, 99% used [0x0000000700000000,0x000000070a49aa90,0x000000070a500000)
 Metaspace       used 76101K, committed 77824K, reserved 1179648K
  class space    used 7761K, committed 8512K, reserved 1048576K
}
Event: 1253.499 GC heap after
{Heap after GC invocations=361 (full 4):
 PSYoungGen      total 3584K, used 1218K [0x00000007aab00000, 0x00000007ab000000, 0x0000000800000000)
  eden space 2048K, 0% used [0x00000007aab00000,0x00000007aab00000,0x00000007aad00000)
  from space 1536K, 79% used [0x00000007aad00000,0x00000007aae30ad0,0x00000007aae80000)
  to   space 1536K, 0% used [0x00000007aae80000,0x00000007aae80000,0x00000007ab000000)
 ParOldGen       total 170496K, used 170050K [0x0000000700000000, 0x000000070a680000, 0x00000007aab00000)
  object space 170496K, 99% used [0x0000000700000000,0x000000070a610a90,0x000000070a680000)
 Metaspace       used 76101K, committed 77824K, reserved 1179648K
  class space    used 7761K, committed 8512K, reserved 1048576K
}

