# JRE version: OpenJDK Runtime Environment Temurin-21.0.12.1+1 (21.0.12.1+1) (build 21.0.12.1+1-LTS)
# Java VM: OpenJDK 64-Bit Server VM Temurin-21.0.12.1+1 (21.0.12.1+1-LTS, mixed mode, sharing, tiered, compressed oops, compressed class ptrs, parallel gc, windows-amd64)
GC Precious Log:
 CardTable entry size: 512
 CPUs: 2 total, 2 available
 Memory: 8008M
 Large Page Support: Disabled
 NUMA Support: Disabled
 Compressed Oops: Enabled (Zero based)
 Alignments: Space 512K, Generation 512K, Heap 2M
 Heap Min Capacity: 100M
 Heap Initial Capacity: 100M
 Heap Max Capacity: 4G
 Pre-touch: Disabled
 Parallel Workers: 2
Heap:
 PSYoungGen      total 5120K, used 2757K [0x00000007aab00000, 0x00000007ab280000, 0x0000000800000000)
  eden space 4096K, 61% used [0x00000007aab00000,0x00000007aad71780,0x00000007aaf00000)
  from space 1024K, 25% used [0x00000007ab080000,0x00000007ab0c0020,0x00000007ab180000)
  to   space 512K, 0% used [0x00000007ab200000,0x00000007ab200000,0x00000007ab280000)
 ParOldGen       total 188928K, used 44817K [0x0000000700000000, 0x000000070b880000, 0x00000007aab00000)
  object space 188928K, 23% used [0x0000000700000000,0x0000000702bc4728,0x000000070b880000)
 Metaspace       used 78663K, committed 80384K, reserved 1179648K
  class space    used 8140K, committed 8896K, reserved 1048576K
GC Heap History (20 events):
Event: 468.906 GC heap before
{Heap before GC invocations=264 (full 4):
 PSYoungGen      total 4608K, used 4091K [0x00000007aab00000, 0x00000007ab280000, 0x0000000800000000)
  eden space 4096K, 99% used [0x00000007aab00000,0x00000007aaefee18,0x00000007aaf00000)
  from space 512K, 0% used [0x00000007ab180000,0x00000007ab180000,0x00000007ab200000)
  to   space 512K, 0% used [0x00000007ab200000,0x00000007ab200000,0x00000007ab280000)
 ParOldGen       total 188928K, used 43242K [0x0000000700000000, 0x000000070b880000, 0x00000007aab00000)
  object space 188928K, 22% used [0x0000000700000000,0x0000000702a3a8a0,0x000000070b880000)
 Metaspace       used 78338K, committed 80064K, reserved 1179648K
  class space    used 8130K, committed 8832K, reserved 1048576K
}
Event: 468.909 GC heap after
{Heap after GC invocations=264 (full 4):
 PSYoungGen      total 4608K, used 384K [0x00000007aab00000, 0x00000007ab280000, 0x0000000800000000)
  eden space 4096K, 0% used [0x00000007aab00000,0x00000007aab00000,0x00000007aaf00000)
  from space 512K, 75% used [0x00000007ab200000,0x00000007ab260080,0x00000007ab280000)
  to   space 512K, 0% used [0x00000007ab180000,0x00000007ab180000,0x00000007ab200000)
 ParOldGen       total 188928K, used 43242K [0x0000000700000000, 0x000000070b880000, 0x00000007aab00000)
  object space 188928K, 22% used [0x0000000700000000,0x0000000702a3a8a0,0x000000070b880000)
 Metaspace       used 78338K, committed 80064K, reserved 1179648K
  class space    used 8130K, committed 8832K, reserved 1048576K
}
Event: 472.209 GC heap before
{Heap before GC invocations=265 (full 4):
 PSYoungGen      total 4608K, used 4480K [0x00000007aab00000, 0x00000007ab280000, 0x0000000800000000)
  eden space 4096K, 100% used [0x00000007aab00000,0x00000007aaf00000,0x00000007aaf00000)
  from space 512K, 75% used [0x00000007ab200000,0x00000007ab260080,0x00000007ab280000)
  to   space 512K, 0% used [0x00000007ab180000,0x00000007ab180000,0x00000007ab200000)
 ParOldGen       total 188928K, used 43242K [0x0000000700000000, 0x000000070b880000, 0x00000007aab00000)
  object space 188928K, 22% used [0x0000000700000000,0x0000000702a3a8a0,0x000000070b880000)
 Metaspace       used 78433K, committed 80128K, reserved 1179648K
  class space    used 8136K, committed 8832K, reserved 1048576K
}
Event: 472.211 GC heap after
{Heap after GC invocations=265 (full 4):
 PSYoungGen      total 4608K, used 352K [0x00000007aab00000, 0x00000007ab280000, 0x0000000800000000)
  eden space 4096K, 0% used [0x00000007aab00000,0x00000007aab00000,0x00000007aaf00000)
  from space 512K, 68% used [0x00000007ab180000,0x00000007ab1d8020,0x00000007ab200000)
  to   space 512K, 0% used [0x00000007ab200000,0x00000007ab200000,0x00000007ab280000)
 ParOldGen       total 188928K, used 43322K [0x0000000700000000, 0x000000070b880000, 0x00000007aab00000)
  object space 188928K, 22% used [0x0000000700000000,0x0000000702a4e8a0,0x000000070b880000)
 Metaspace       used 78433K, committed 80128K, reserved 1179648K
  class space    used 8136K, committed 8832K, reserved 1048576K
}
Event: 472.392 GC heap before
{Heap before GC invocations=266 (full 4):
 PSYoungGen      total 4608K, used 4448K [0x00000007aab00000, 0x00000007ab280000, 0x0000000800000000)
  eden space 4096K, 100% used [0x00000007aab00000,0x00000007aaf00000,0x00000007aaf00000)
  from space 512K, 68% used [0x00000007ab180000,0x00000007ab1d8020,0x00000007ab200000)
  to   space 512K, 0% used [0x00000007ab200000,0x00000007ab200000,0x00000007ab280000)
 ParOldGen       total 188928K, used 43322K [0x0000000700000000, 0x000000070b880000, 0x00000007aab00000)
  object space 188928K, 22% used [0x0000000700000000,0x0000000702a4e8a0,0x000000070b880000)
 Metaspace       used 78483K, committed 80256K, reserved 1179648K
  class space    used 8139K, committed 8896K, reserved 1048576K
}
Event: 472.394 GC heap after
{Heap after GC invocations=266 (full 4):
 PSYoungGen      total 4608K, used 64K [0x00000007aab00000, 0x00000007ab280000, 0x0000000800000000)
  eden space 4096K, 0% used [0x00000007aab00000,0x00000007aab00000,0x00000007aaf00000)
  from space 512K, 12% used [0x00000007ab200000,0x00000007ab210000,0x00000007ab280000)
  to   space 512K, 0% used [0x00000007ab180000,0x00000007ab180000,0x00000007ab200000)
 ParOldGen       total 188928K, used 43643K [0x0000000700000000, 0x000000070b880000, 0x00000007aab00000)
  object space 188928K, 23% used [0x0000000700000000,0x0000000702a9efc8,0x000000070b880000)
 Metaspace       used 78483K, committed 80256K, reserved 1179648K
  class space    used 8139K, committed 8896K, reserved 1048576K
}
Event: 473.802 GC heap before
{Heap before GC invocations=267 (full 4):
 PSYoungGen      total 4608K, used 4150K [0x00000007aab00000, 0x00000007ab280000, 0x0000000800000000)
  eden space 4096K, 99% used [0x00000007aab00000,0x00000007aaefda38,0x00000007aaf00000)
  from space 512K, 12% used [0x00000007ab200000,0x00000007ab210000,0x00000007ab280000)
  to   space 512K, 0% used [0x00000007ab180000,0x00000007ab180000,0x00000007ab200000)
 ParOldGen       total 188928K, used 43643K [0x0000000700000000, 0x000000070b880000, 0x00000007aab00000)
  object space 188928K, 23% used [0x0000000700000000,0x0000000702a9efc8,0x000000070b880000)
 Metaspace       used 78537K, committed 80320K, reserved 1179648K
  class space    used 8139K, committed 8896K, reserved 1048576K
}
Event: 473.804 GC heap after
{Heap after GC invocations=267 (full 4):
 PSYoungGen      total 4608K, used 496K [0x00000007aab00000, 0x00000007ab280000, 0x0000000800000000)
  eden space 4096K, 0% used [0x00000007aab00000,0x00000007aab00000,0x00000007aaf00000)
  from space 512K, 96% used [0x00000007ab180000,0x00000007ab1fc280,0x00000007ab200000)
  to   space 512K, 0% used [0x00000007ab200000,0x00000007ab200000,0x00000007ab280000)
 ParOldGen       total 188928K, used 43699K [0x0000000700000000, 0x000000070b880000, 0x00000007aab00000)
  object space 188928K, 23% used [0x0000000700000000,0x0000000702aacfd8,0x000000070b880000)
 Metaspace       used 78537K, committed 80320K, reserved 1179648K
  class space    used 8139K, committed 8896K, reserved 1048576K
}
Event: 476.265 GC heap before
{Heap before GC invocations=268 (full 4):
 PSYoungGen      total 4608K, used 4572K [0x00000007aab00000, 0x00000007ab280000, 0x0000000800000000)
  eden space 4096K, 99% used [0x00000007aab00000,0x00000007aaefadc8,0x00000007aaf00000)
  from space 512K, 96% used [0x00000007ab180000,0x00000007ab1fc280,0x00000007ab200000)
  to   space 512K, 0% used [0x00000007ab200000,0x00000007ab200000,0x00000007ab280000)
 ParOldGen       total 188928K, used 43699K [0x0000000700000000, 0x000000070b880000, 0x00000007aab00000)
  object space 188928K, 23% used [0x0000000700000000,0x0000000702aacfd8,0x000000070b880000)
 Metaspace       used 78574K, committed 80320K, reserved 1179648K
  class space    used 8140K, committed 8896K, reserved 1048576K
}
Event: 476.268 GC heap after
{Heap after GC invocations=268 (full 4):
 PSYoungGen      total 4608K, used 64K [0x00000007aab00000, 0x00000007ab280000, 0x0000000800000000)
  eden space 4096K, 0% used [0x00000007aab00000,0x00000007aab00000,0x00000007aaf00000)
  from space 512K, 12% used [0x00000007ab200000,0x00000007ab210000,0x00000007ab280000)
  to   space 512K, 0% used [0x00000007ab180000,0x00000007ab180000,0x00000007ab200000)
 ParOldGen       total 188928K, used 44101K [0x0000000700000000, 0x000000070b880000, 0x00000007aab00000)
  object space 188928K, 23% used [0x0000000700000000,0x0000000702b11700,0x000000070b880000)
 Metaspace       used 78574K, committed 80320K, reserved 1179648K
  class space    used 8140K, committed 8896K, reserved 1048576K
}
Event: 476.755 GC heap before
{Heap before GC invocations=269 (full 4):
 PSYoungGen      total 4608K, used 4160K [0x00000007aab00000, 0x00000007ab280000, 0x0000000800000000)
  eden space 4096K, 100% used [0x00000007aab00000,0x00000007aaf00000,0x00000007aaf00000)
  from space 512K, 12% used [0x00000007ab200000,0x00000007ab210000,0x00000007ab280000)
  to   space 512K, 0% used [0x00000007ab180000,0x00000007ab180000,0x00000007ab200000)
 ParOldGen       total 188928K, used 44101K [0x0000000700000000, 0x000000070b880000, 0x00000007aab00000)
  object space 188928K, 23% used [0x0000000700000000,0x0000000702b11700,0x000000070b880000)
 Metaspace       used 78596K, committed 80384K, reserved 1179648K
  class space    used 8140K, committed 8896K, reserved 1048576K
}
Event: 476.758 GC heap after
{Heap after GC invocations=269 (full 4):
 PSYoungGen      total 4608K, used 464K [0x00000007aab00000, 0x00000007ab280000, 0x0000000800000000)
  eden space 4096K, 0% used [0x00000007aab00000,0x00000007aab00000,0x00000007aaf00000)
  from space 512K, 90% used [0x00000007ab180000,0x00000007ab1f4030,0x00000007ab200000)
  to   space 512K, 0% used [0x00000007ab200000,0x00000007ab200000,0x00000007ab280000)
 ParOldGen       total 188928K, used 44117K [0x0000000700000000, 0x000000070b880000, 0x00000007aab00000)
  object space 188928K, 23% used [0x0000000700000000,0x0000000702b15700,0x000000070b880000)
 Metaspace       used 78596K, committed 80384K, reserved 1179648K
  class space    used 8140K, committed 8896K, reserved 1048576K
}
Event: 477.858 GC heap before
{Heap before GC invocations=270 (full 4):
 PSYoungGen      total 4608K, used 4560K [0x00000007aab00000, 0x00000007ab280000, 0x0000000800000000)
  eden space 4096K, 100% used [0x00000007aab00000,0x00000007aaf00000,0x00000007aaf00000)
  from space 512K, 90% used [0x00000007ab180000,0x00000007ab1f4030,0x00000007ab200000)
  to   space 512K, 0% used [0x00000007ab200000,0x00000007ab200000,0x00000007ab280000)
 ParOldGen       total 188928K, used 44117K [0x0000000700000000, 0x000000070b880000, 0x00000007aab00000)
  object space 188928K, 23% used [0x0000000700000000,0x0000000702b15700,0x000000070b880000)
 Metaspace       used 78619K, committed 80384K, reserved 1179648K
  class space    used 8140K, committed 8896K, reserved 1048576K
}
Event: 477.860 GC heap after
{Heap after GC invocations=270 (full 4):
 PSYoungGen      total 4608K, used 496K [0x00000007aab00000, 0x00000007ab280000, 0x0000000800000000)
  eden space 4096K, 0% used [0x00000007aab00000,0x00000007aab00000,0x00000007aaf00000)
  from space 512K, 96% used [0x00000007ab200000,0x00000007ab27c050,0x00000007ab280000)
  to   space 1024K, 0% used [0x00000007ab080000,0x00000007ab080000,0x00000007ab180000)
 ParOldGen       total 188928K, used 44133K [0x0000000700000000, 0x000000070b880000, 0x00000007aab00000)
  object space 188928K, 23% used [0x0000000700000000,0x0000000702b19700,0x000000070b880000)
 Metaspace       used 78619K, committed 80384K, reserved 1179648K
  class space    used 8140K, committed 8896K, reserved 1048576K
}
Event: 479.617 GC heap before
{Heap before GC invocations=271 (full 4):
 PSYoungGen      total 4608K, used 4592K [0x00000007aab00000, 0x00000007ab280000, 0x0000000800000000)
  eden space 4096K, 100% used [0x00000007aab00000,0x00000007aaf00000,0x00000007aaf00000)
  from space 512K, 96% used [0x00000007ab200000,0x00000007ab27c050,0x00000007ab280000)
  to   space 1024K, 0% used [0x00000007ab080000,0x00000007ab080000,0x00000007ab180000)
 ParOldGen       total 188928K, used 44133K [0x0000000700000000, 0x000000070b880000, 0x00000007aab00000)
  object space 188928K, 23% used [0x0000000700000000,0x0000000702b19700,0x000000070b880000)
 Metaspace       used 78621K, committed 80384K, reserved 1179648K
  class space    used 8140K, committed 8896K, reserved 1048576K
}
Event: 479.619 GC heap after
{Heap after GC invocations=271 (full 4):
 PSYoungGen      total 5120K, used 272K [0x00000007aab00000, 0x00000007ab280000, 0x0000000800000000)
  eden space 4096K, 0% used [0x00000007aab00000,0x00000007aab00000,0x00000007aaf00000)
  from space 1024K, 26% used [0x00000007ab080000,0x00000007ab0c4010,0x00000007ab180000)
  to   space 512K, 0% used [0x00000007ab200000,0x00000007ab200000,0x00000007ab280000)
 ParOldGen       total 188928K, used 44543K [0x0000000700000000, 0x000000070b880000, 0x00000007aab00000)
  object space 188928K, 23% used [0x0000000700000000,0x0000000702b7fe28,0x000000070b880000)
 Metaspace       used 78621K, committed 80384K, reserved 1179648K
  class space    used 8140K, committed 8896K, reserved 1048576K
}
Event: 481.097 GC heap before
{Heap before GC invocations=272 (full 4):
 PSYoungGen      total 5120K, used 4368K [0x00000007aab00000, 0x00000007ab280000, 0x0000000800000000)
  eden space 4096K, 100% used [0x00000007aab00000,0x00000007aaf00000,0x00000007aaf00000)
  from space 1024K, 26% used [0x00000007ab080000,0x00000007ab0c4010,0x00000007ab180000)
  to   space 512K, 0% used [0x00000007ab200000,0x00000007ab200000,0x00000007ab280000)
 ParOldGen       total 188928K, used 44543K [0x0000000700000000, 0x000000070b880000, 0x00000007aab00000)
  object space 188928K, 23% used [0x0000000700000000,0x0000000702b7fe28,0x000000070b880000)
 Metaspace       used 78650K, committed 80384K, reserved 1179648K
  class space    used 8140K, committed 8896K, reserved 1048576K
}
Event: 481.099 GC heap after
{Heap after GC invocations=272 (full 4):
 PSYoungGen      total 4608K, used 480K [0x00000007aab00000, 0x00000007ab280000, 0x0000000800000000)
  eden space 4096K, 0% used [0x00000007aab00000,0x00000007aab00000,0x00000007aaf00000)
  from space 512K, 93% used [0x00000007ab200000,0x00000007ab278000,0x00000007ab280000)
  to   space 1024K, 0% used [0x00000007ab080000,0x00000007ab080000,0x00000007ab180000)
 ParOldGen       total 188928K, used 44567K [0x0000000700000000, 0x000000070b880000, 0x00000007aab00000)
  object space 188928K, 23% used [0x0000000700000000,0x0000000702b85e28,0x000000070b880000)
 Metaspace       used 78650K, committed 80384K, reserved 1179648K
  class space    used 8140K, committed 8896K, reserved 1048576K
}
Event: 481.741 GC heap before
{Heap before GC invocations=273 (full 4):
 PSYoungGen      total 4608K, used 4576K [0x00000007aab00000, 0x00000007ab280000, 0x0000000800000000)
  eden space 4096K, 100% used [0x00000007aab00000,0x00000007aaf00000,0x00000007aaf00000)
  from space 512K, 93% used [0x00000007ab200000,0x00000007ab278000,0x00000007ab280000)
  to   space 1024K, 0% used [0x00000007ab080000,0x00000007ab080000,0x00000007ab180000)
 ParOldGen       total 188928K, used 44567K [0x0000000700000000, 0x000000070b880000, 0x00000007aab00000)
  object space 188928K, 23% used [0x0000000700000000,0x0000000702b85e28,0x000000070b880000)
 Metaspace       used 78652K, committed 80384K, reserved 1179648K
  class space    used 8140K, committed 8896K, reserved 1048576K
}
Event: 481.744 GC heap after
{Heap after GC invocations=273 (full 4):
 PSYoungGen      total 5120K, used 256K [0x00000007aab00000, 0x00000007ab280000, 0x0000000800000000)
  eden space 4096K, 0% used [0x00000007aab00000,0x00000007aab00000,0x00000007aaf00000)
  from space 1024K, 25% used [0x00000007ab080000,0x00000007ab0c0020,0x00000007ab180000)
  to   space 512K, 0% used [0x00000007ab200000,0x00000007ab200000,0x00000007ab280000)
 ParOldGen       total 188928K, used 44817K [0x0000000700000000, 0x000000070b880000, 0x00000007aab00000)
  object space 188928K, 23% used [0x0000000700000000,0x0000000702bc4728,0x000000070b880000)
 Metaspace       used 78652K, committed 80384K, reserved 1179648K
  class space    used 8140K, committed 8896K, reserved 1048576K
}

