# JRE version: OpenJDK Runtime Environment Temurin-21.0.12.1+1 (21.0.12.1+1) (build 21.0.12.1+1-LTS)
# Java VM: OpenJDK 64-Bit Server VM Temurin-21.0.12.1+1 (21.0.12.1+1-LTS, mixed mode, sharing, tiered, compressed oops, compressed class ptrs, parallel gc, windows-amd64)
GC Precious Log:
 CardTable entry size: 512
 CPUs: 2 total, 2 available
 Memory: 8008M
 Large Page Support: Disabled
 NUMA Support: Disabled
 Compressed Oops: Enabled (Zero based)
 Alignments: Space 512K, Generation 512K, Heap 2M
 Heap Min Capacity: 100M
 Heap Initial Capacity: 100M
 Heap Max Capacity: 4G
 Pre-touch: Disabled
 Parallel Workers: 2
Heap:
 PSYoungGen      total 22528K, used 12721K [0x00000007aab00000, 0x00000007ac600000, 0x0000000800000000)
  eden space 22016K, 57% used [0x00000007aab00000,0x00000007ab76c420,0x00000007ac080000)
  from space 512K, 0% used [0x00000007ac580000,0x00000007ac580000,0x00000007ac600000)
  to   space 1024K, 0% used [0x00000007ac400000,0x00000007ac400000,0x00000007ac500000)
 ParOldGen       total 68608K, used 15903K [0x0000000700000000, 0x0000000704300000, 0x00000007aab00000)
  object space 68608K, 23% used [0x0000000700000000,0x0000000700f87c30,0x0000000704300000)
 Metaspace       used 35720K, committed 36672K, reserved 1114112K
  class space    used 3579K, committed 3968K, reserved 1048576K
GC Heap History (20 events):
Event: 11.218 GC heap before
{Heap before GC invocations=5 (full 0):
 PSYoungGen      total 29696K, used 29656K [0x00000007aab00000, 0x00000007acc00000, 0x0000000800000000)
  eden space 25600K, 99% used [0x00000007aab00000,0x00000007ac3f6ce8,0x00000007ac400000)
  from space 4096K, 99% used [0x00000007ac800000,0x00000007acbff638,0x00000007acc00000)
  to   space 4096K, 0% used [0x00000007ac400000,0x00000007ac400000,0x00000007ac800000)
 ParOldGen       total 68608K, used 4596K [0x0000000700000000, 0x0000000704300000, 0x00000007aab00000)
  object space 68608K, 6% used [0x0000000700000000,0x000000070047d028,0x0000000704300000)
 Metaspace       used 20472K, committed 21184K, reserved 1114112K
  class space    used 2031K, committed 2304K, reserved 1048576K
}
Event: 11.233 GC heap after
{Heap after GC invocations=5 (full 0):
 PSYoungGen      total 29184K, used 4085K [0x00000007aab00000, 0x00000007acd80000, 0x0000000800000000)
  eden space 25088K, 0% used [0x00000007aab00000,0x00000007aab00000,0x00000007ac380000)
  from space 4096K, 99% used [0x00000007ac400000,0x00000007ac7fd6b8,0x00000007ac800000)
  to   space 5120K, 0% used [0x00000007ac880000,0x00000007ac880000,0x00000007acd80000)
 ParOldGen       total 68608K, used 4772K [0x0000000700000000, 0x0000000704300000, 0x00000007aab00000)
  object space 68608K, 6% used [0x0000000700000000,0x00000007004a9028,0x0000000704300000)
 Metaspace       used 20472K, committed 21184K, reserved 1114112K
  class space    used 2031K, committed 2304K, reserved 1048576K
}
Event: 11.293 GC heap before
{Heap before GC invocations=6 (full 0):
 PSYoungGen      total 29184K, used 10291K [0x00000007aab00000, 0x00000007acd80000, 0x0000000800000000)
  eden space 25088K, 24% used [0x00000007aab00000,0x00000007ab10f6f0,0x00000007ac380000)
  from space 4096K, 99% used [0x00000007ac400000,0x00000007ac7fd6b8,0x00000007ac800000)
  to   space 5120K, 0% used [0x00000007ac880000,0x00000007ac880000,0x00000007acd80000)
 ParOldGen       total 68608K, used 4772K [0x0000000700000000, 0x0000000704300000, 0x00000007aab00000)
  object space 68608K, 6% used [0x0000000700000000,0x00000007004a9028,0x0000000704300000)
 Metaspace       used 20801K, committed 21504K, reserved 1114112K
  class space    used 2069K, committed 2368K, reserved 1048576K
}
Event: 11.307 GC heap after
{Heap after GC invocations=6 (full 0):
 PSYoungGen      total 29696K, used 4481K [0x00000007aab00000, 0x00000007acd00000, 0x0000000800000000)
  eden space 25088K, 0% used [0x00000007aab00000,0x00000007aab00000,0x00000007ac380000)
  from space 4608K, 97% used [0x00000007ac880000,0x00000007acce0760,0x00000007acd00000)
  to   space 4608K, 0% used [0x00000007ac400000,0x00000007ac400000,0x00000007ac880000)
 ParOldGen       total 68608K, used 4772K [0x0000000700000000, 0x0000000704300000, 0x00000007aab00000)
  object space 68608K, 6% used [0x0000000700000000,0x00000007004a9028,0x0000000704300000)
 Metaspace       used 20801K, committed 21504K, reserved 1114112K
  class space    used 2069K, committed 2368K, reserved 1048576K
}
Event: 11.307 GC heap before
{Heap before GC invocations=7 (full 1):
 PSYoungGen      total 29696K, used 4481K [0x00000007aab00000, 0x00000007acd00000, 0x0000000800000000)
  eden space 25088K, 0% used [0x00000007aab00000,0x00000007aab00000,0x00000007ac380000)
  from space 4608K, 97% used [0x00000007ac880000,0x00000007acce0760,0x00000007acd00000)
  to   space 4608K, 0% used [0x00000007ac400000,0x00000007ac400000,0x00000007ac880000)
 ParOldGen       total 68608K, used 4772K [0x0000000700000000, 0x0000000704300000, 0x00000007aab00000)
  object space 68608K, 6% used [0x0000000700000000,0x00000007004a9028,0x0000000704300000)
 Metaspace       used 20801K, committed 21504K, reserved 1114112K
  class space    used 2069K, committed 2368K, reserved 1048576K
}
Event: 11.401 GC heap after
{Heap after GC invocations=7 (full 1):
 PSYoungGen      total 29696K, used 0K [0x00000007aab00000, 0x00000007acd00000, 0x0000000800000000)
  eden space 25088K, 0% used [0x00000007aab00000,0x00000007aab00000,0x00000007ac380000)
  from space 4608K, 0% used [0x00000007ac880000,0x00000007ac880000,0x00000007acd00000)
  to   space 4608K, 0% used [0x00000007ac400000,0x00000007ac400000,0x00000007ac880000)
 ParOldGen       total 68608K, used 8920K [0x0000000700000000, 0x0000000704300000, 0x00000007aab00000)
  object space 68608K, 13% used [0x0000000700000000,0x00000007008b61d8,0x0000000704300000)
 Metaspace       used 20788K, committed 21504K, reserved 1114112K
  class space    used 2065K, committed 2368K, reserved 1048576K
}
Event: 17.295 GC heap before
{Heap before GC invocations=8 (full 1):
 PSYoungGen      total 29696K, used 25051K [0x00000007aab00000, 0x00000007acd00000, 0x0000000800000000)
  eden space 25088K, 99% used [0x00000007aab00000,0x00000007ac376e60,0x00000007ac380000)
  from space 4608K, 0% used [0x00000007ac880000,0x00000007ac880000,0x00000007acd00000)
  to   space 4608K, 0% used [0x00000007ac400000,0x00000007ac400000,0x00000007ac880000)
 ParOldGen       total 68608K, used 8920K [0x0000000700000000, 0x0000000704300000, 0x00000007aab00000)
  object space 68608K, 13% used [0x0000000700000000,0x00000007008b61d8,0x0000000704300000)
 Metaspace       used 23149K, committed 23872K, reserved 1114112K
  class space    used 2245K, committed 2560K, reserved 1048576K
}
Event: 17.299 GC heap after
{Heap after GC invocations=8 (full 1):
 PSYoungGen      total 27136K, used 2345K [0x00000007aab00000, 0x00000007aca00000, 0x0000000800000000)
  eden space 24576K, 0% used [0x00000007aab00000,0x00000007aab00000,0x00000007ac300000)
  from space 2560K, 91% used [0x00000007ac400000,0x00000007ac64a5e0,0x00000007ac680000)
  to   space 3584K, 0% used [0x00000007ac680000,0x00000007ac680000,0x00000007aca00000)
 ParOldGen       total 68608K, used 8928K [0x0000000700000000, 0x0000000704300000, 0x00000007aab00000)
  object space 68608K, 13% used [0x0000000700000000,0x00000007008b81d8,0x0000000704300000)
 Metaspace       used 23149K, committed 23872K, reserved 1114112K
  class space    used 2245K, committed 2560K, reserved 1048576K
}
Event: 21.013 GC heap before
{Heap before GC invocations=9 (full 1):
 PSYoungGen      total 27136K, used 26921K [0x00000007aab00000, 0x00000007aca00000, 0x0000000800000000)
  eden space 24576K, 100% used [0x00000007aab00000,0x00000007ac300000,0x00000007ac300000)
  from space 2560K, 91% used [0x00000007ac400000,0x00000007ac64a5e0,0x00000007ac680000)
  to   space 3584K, 0% used [0x00000007ac680000,0x00000007ac680000,0x00000007aca00000)
 ParOldGen       total 68608K, used 8928K [0x0000000700000000, 0x0000000704300000, 0x00000007aab00000)
  object space 68608K, 13% used [0x0000000700000000,0x00000007008b81d8,0x0000000704300000)
 Metaspace       used 26800K, committed 27712K, reserved 1114112K
  class space    used 2638K, committed 3008K, reserved 1048576K
}
Event: 21.028 GC heap after
{Heap after GC invocations=9 (full 1):
 PSYoungGen      total 27136K, used 3553K [0x00000007aab00000, 0x00000007acb80000, 0x0000000800000000)
  eden space 23552K, 0% used [0x00000007aab00000,0x00000007aab00000,0x00000007ac200000)
  from space 3584K, 99% used [0x00000007ac680000,0x00000007ac9f8780,0x00000007aca00000)
  to   space 4608K, 0% used [0x00000007ac200000,0x00000007ac200000,0x00000007ac680000)
 ParOldGen       total 68608K, used 9624K [0x0000000700000000, 0x0000000704300000, 0x00000007aab00000)
  object space 68608K, 14% used [0x0000000700000000,0x0000000700966238,0x0000000704300000)
 Metaspace       used 26800K, committed 27712K, reserved 1114112K
  class space    used 2638K, committed 3008K, reserved 1048576K
}
Event: 23.791 GC heap before
{Heap before GC invocations=10 (full 1):
 PSYoungGen      total 27136K, used 27105K [0x00000007aab00000, 0x00000007acb80000, 0x0000000800000000)
  eden space 23552K, 100% used [0x00000007aab00000,0x00000007ac200000,0x00000007ac200000)
  from space 3584K, 99% used [0x00000007ac680000,0x00000007ac9f8780,0x00000007aca00000)
  to   space 4608K, 0% used [0x00000007ac200000,0x00000007ac200000,0x00000007ac680000)
 ParOldGen       total 68608K, used 9624K [0x0000000700000000, 0x0000000704300000, 0x00000007aab00000)
  object space 68608K, 14% used [0x0000000700000000,0x0000000700966238,0x0000000704300000)
 Metaspace       used 29598K, committed 30464K, reserved 1114112K
  class space    used 2948K, committed 3328K, reserved 1048576K
}
Event: 23.807 GC heap after
{Heap after GC invocations=10 (full 1):
 PSYoungGen      total 27648K, used 4587K [0x00000007aab00000, 0x00000007acc80000, 0x0000000800000000)
  eden space 23040K, 0% used [0x00000007aab00000,0x00000007aab00000,0x00000007ac180000)
  from space 4608K, 99% used [0x00000007ac200000,0x00000007ac67ada8,0x00000007ac680000)
  to   space 5632K, 0% used [0x00000007ac700000,0x00000007ac700000,0x00000007acc80000)
 ParOldGen       total 68608K, used 10072K [0x0000000700000000, 0x0000000704300000, 0x00000007aab00000)
  object space 68608K, 14% used [0x0000000700000000,0x00000007009d6238,0x0000000704300000)
 Metaspace       used 29598K, committed 30464K, reserved 1114112K
  class space    used 2948K, committed 3328K, reserved 1048576K
}
Event: 27.170 GC heap before
{Heap before GC invocations=11 (full 1):
 PSYoungGen      total 27648K, used 27627K [0x00000007aab00000, 0x00000007acc80000, 0x0000000800000000)
  eden space 23040K, 100% used [0x00000007aab00000,0x00000007ac180000,0x00000007ac180000)
  from space 4608K, 99% used [0x00000007ac200000,0x00000007ac67ada8,0x00000007ac680000)
  to   space 5632K, 0% used [0x00000007ac700000,0x00000007ac700000,0x00000007acc80000)
 ParOldGen       total 68608K, used 10072K [0x0000000700000000, 0x0000000704300000, 0x00000007aab00000)
  object space 68608K, 14% used [0x0000000700000000,0x00000007009d6238,0x0000000704300000)
 Metaspace       used 31637K, committed 32640K, reserved 1114112K
  class space    used 3153K, committed 3584K, reserved 1048576K
}
Event: 27.192 GC heap after
{Heap after GC invocations=11 (full 1):
 PSYoungGen      total 25088K, used 2127K [0x00000007aab00000, 0x00000007ac980000, 0x0000000800000000)
  eden space 22528K, 0% used [0x00000007aab00000,0x00000007aab00000,0x00000007ac100000)
  from space 2560K, 83% used [0x00000007ac700000,0x00000007ac913c58,0x00000007ac980000)
  to   space 3584K, 0% used [0x00000007ac280000,0x00000007ac280000,0x00000007ac600000)
 ParOldGen       total 68608K, used 13606K [0x0000000700000000, 0x0000000704300000, 0x00000007aab00000)
  object space 68608K, 19% used [0x0000000700000000,0x0000000700d49998,0x0000000704300000)
 Metaspace       used 31637K, committed 32640K, reserved 1114112K
  class space    used 3153K, committed 3584K, reserved 1048576K
}
Event: 29.780 GC heap before
{Heap before GC invocations=12 (full 1):
 PSYoungGen      total 25088K, used 24595K [0x00000007aab00000, 0x00000007ac980000, 0x0000000800000000)
  eden space 22528K, 99% used [0x00000007aab00000,0x00000007ac0f1238,0x00000007ac100000)
  from space 2560K, 83% used [0x00000007ac700000,0x00000007ac913c58,0x00000007ac980000)
  to   space 3584K, 0% used [0x00000007ac280000,0x00000007ac280000,0x00000007ac600000)
 ParOldGen       total 68608K, used 13606K [0x0000000700000000, 0x0000000704300000, 0x00000007aab00000)
  object space 68608K, 19% used [0x0000000700000000,0x0000000700d49998,0x0000000704300000)
 Metaspace       used 34014K, committed 35008K, reserved 1114112K
  class space    used 3431K, committed 3840K, reserved 1048576K
}
Event: 29.798 GC heap after
{Heap after GC invocations=12 (full 1):
 PSYoungGen      total 23040K, used 952K [0x00000007aab00000, 0x00000007ac780000, 0x0000000800000000)
  eden space 22016K, 0% used [0x00000007aab00000,0x00000007aab00000,0x00000007ac080000)
  from space 1024K, 93% used [0x00000007ac280000,0x00000007ac36e328,0x00000007ac380000)
  to   space 2048K, 0% used [0x00000007ac580000,0x00000007ac580000,0x00000007ac780000)
 ParOldGen       total 68608K, used 15664K [0x0000000700000000, 0x0000000704300000, 0x00000007aab00000)
  object space 68608K, 22% used [0x0000000700000000,0x0000000700f4c2d0,0x0000000704300000)
 Metaspace       used 34014K, committed 35008K, reserved 1114112K
  class space    used 3431K, committed 3840K, reserved 1048576K
}
Event: 32.502 GC heap before
{Heap before GC invocations=13 (full 1):
 PSYoungGen      total 23040K, used 16571K [0x00000007aab00000, 0x00000007ac780000, 0x0000000800000000)
  eden space 22016K, 70% used [0x00000007aab00000,0x00000007aba409c8,0x00000007ac080000)
  from space 1024K, 93% used [0x00000007ac280000,0x00000007ac36e328,0x00000007ac380000)
  to   space 2048K, 0% used [0x00000007ac580000,0x00000007ac580000,0x00000007ac780000)
 ParOldGen       total 68608K, used 15664K [0x0000000700000000, 0x0000000704300000, 0x00000007aab00000)
  object space 68608K, 22% used [0x0000000700000000,0x0000000700f4c2d0,0x0000000704300000)
 Metaspace       used 34911K, committed 35840K, reserved 1114112K
  class space    used 3514K, committed 3904K, reserved 1048576K
}
Event: 32.509 GC heap after
{Heap after GC invocations=13 (full 1):
 PSYoungGen      total 22528K, used 372K [0x00000007aab00000, 0x00000007ac600000, 0x0000000800000000)
  eden space 22016K, 0% used [0x00000007aab00000,0x00000007aab00000,0x00000007ac080000)
  from space 512K, 72% used [0x00000007ac580000,0x00000007ac5dd340,0x00000007ac600000)
  to   space 1024K, 0% used [0x00000007ac400000,0x00000007ac400000,0x00000007ac500000)
 ParOldGen       total 68608K, used 16578K [0x0000000700000000, 0x0000000704300000, 0x00000007aab00000)
  object space 68608K, 24% used [0x0000000700000000,0x0000000701030b38,0x0000000704300000)
 Metaspace       used 34911K, committed 35840K, reserved 1114112K
  class space    used 3514K, committed 3904K, reserved 1048576K
}
Event: 32.509 GC heap before
{Heap before GC invocations=14 (full 2):
 PSYoungGen      total 22528K, used 372K [0x00000007aab00000, 0x00000007ac600000, 0x0000000800000000)
  eden space 22016K, 0% used [0x00000007aab00000,0x00000007aab00000,0x00000007ac080000)
  from space 512K, 72% used [0x00000007ac580000,0x00000007ac5dd340,0x00000007ac600000)
  to   space 1024K, 0% used [0x00000007ac400000,0x00000007ac400000,0x00000007ac500000)
 ParOldGen       total 68608K, used 16578K [0x0000000700000000, 0x0000000704300000, 0x00000007aab00000)
  object space 68608K, 24% used [0x0000000700000000,0x0000000701030b38,0x0000000704300000)
 Metaspace       used 34911K, committed 35840K, reserved 1114112K
  class space    used 3514K, committed 3904K, reserved 1048576K
}
Event: 32.699 GC heap after
{Heap after GC invocations=14 (full 2):
 PSYoungGen      total 22528K, used 0K [0x00000007aab00000, 0x00000007ac600000, 0x0000000800000000)
  eden space 22016K, 0% used [0x00000007aab00000,0x00000007aab00000,0x00000007ac080000)
  from space 512K, 0% used [0x00000007ac580000,0x00000007ac580000,0x00000007ac600000)
  to   space 1024K, 0% used [0x00000007ac400000,0x00000007ac400000,0x00000007ac500000)
 ParOldGen       total 68608K, used 15903K [0x0000000700000000, 0x0000000704300000, 0x00000007aab00000)
  object space 68608K, 23% used [0x0000000700000000,0x0000000700f87c30,0x0000000704300000)
 Metaspace       used 34911K, committed 35840K, reserved 1114112K
  class space    used 3514K, committed 3904K, reserved 1048576K
}

