# JRE version: OpenJDK Runtime Environment Temurin-21.0.12.1+1 (21.0.12.1+1) (build 21.0.12.1+1-LTS)
# Java VM: OpenJDK 64-Bit Server VM Temurin-21.0.12.1+1 (21.0.12.1+1-LTS, mixed mode, sharing, tiered, compressed oops, compressed class ptrs, parallel gc, windows-amd64)
GC Precious Log:
 CardTable entry size: 512
 CPUs: 2 total, 2 available
 Memory: 8008M
 Large Page Support: Disabled
 NUMA Support: Disabled
 Compressed Oops: Enabled (Zero based)
 Alignments: Space 512K, Generation 512K, Heap 2M
 Heap Min Capacity: 100M
 Heap Initial Capacity: 100M
 Heap Max Capacity: 4G
 Pre-touch: Disabled
 Parallel Workers: 2
Heap:
 PSYoungGen      total 22016K, used 13789K [0x00000007aab00000, 0x00000007ac300000, 0x0000000800000000)
  eden space 19968K, 60% used [0x00000007aab00000,0x00000007ab6b6750,0x00000007abe80000)
  from space 2048K, 87% used [0x00000007abe80000,0x00000007ac040f48,0x00000007ac080000)
  to   space 2048K, 0% used [0x00000007ac100000,0x00000007ac100000,0x00000007ac300000)
 ParOldGen       total 2796544K, used 38597K [0x0000000700000000, 0x00000007aab00000, 0x00000007aab00000)
  object space 2796544K, 1% used [0x0000000700000000,0x00000007025b1718,0x00000007aab00000)
 Metaspace       used 69131K, committed 70912K, reserved 1114112K
  class space    used 7047K, committed 7872K, reserved 1048576K
GC Heap History (20 events):
Event: 1380.011 GC heap before
{Heap before GC invocations=77 (full 3):
 PSYoungGen      total 16896K, used 256K [0x00000007aab00000, 0x00000007abd00000, 0x0000000800000000)
  eden space 16384K, 0% used [0x00000007aab00000,0x00000007aab00000,0x00000007abb00000)
  from space 512K, 50% used [0x00000007abb00000,0x00000007abb40020,0x00000007abb80000)
  to   space 1024K, 0% used [0x00000007abc00000,0x00000007abc00000,0x00000007abd00000)
 ParOldGen       total 2796544K, used 61079K [0x0000000700000000, 0x00000007aab00000, 0x00000007aab00000)
  object space 2796544K, 2% used [0x0000000700000000,0x0000000703ba5d78,0x00000007aab00000)
 Metaspace       used 69261K, committed 70848K, reserved 1114112K
  class space    used 7128K, committed 7872K, reserved 1048576K
}
Event: 1380.013 GC heap after
{Heap after GC invocations=77 (full 3):
 PSYoungGen      total 17920K, used 0K [0x00000007aab00000, 0x00000007abf80000, 0x0000000800000000)
  eden space 16896K, 0% used [0x00000007aab00000,0x00000007aab00000,0x00000007abb80000)
  from space 1024K, 0% used [0x00000007abc00000,0x00000007abc00000,0x00000007abd00000)
  to   space 512K, 0% used [0x00000007abb80000,0x00000007abb80000,0x00000007abc00000)
 ParOldGen       total 2796544K, used 61311K [0x0000000700000000, 0x00000007aab00000, 0x00000007aab00000)
  object space 2796544K, 2% used [0x0000000700000000,0x0000000703bdfc90,0x00000007aab00000)
 Metaspace       used 69261K, committed 70848K, reserved 1114112K
  class space    used 7128K, committed 7872K, reserved 1048576K
}
Event: 1380.013 GC heap before
{Heap before GC invocations=78 (full 4):
 PSYoungGen      total 17920K, used 0K [0x00000007aab00000, 0x00000007abf80000, 0x0000000800000000)
  eden space 16896K, 0% used [0x00000007aab00000,0x00000007aab00000,0x00000007abb80000)
  from space 1024K, 0% used [0x00000007abc00000,0x00000007abc00000,0x00000007abd00000)
  to   space 512K, 0% used [0x00000007abb80000,0x00000007abb80000,0x00000007abc00000)
 ParOldGen       total 2796544K, used 61311K [0x0000000700000000, 0x00000007aab00000, 0x00000007aab00000)
  object space 2796544K, 2% used [0x0000000700000000,0x0000000703bdfc90,0x00000007aab00000)
 Metaspace       used 69261K, committed 70848K, reserved 1114112K
  class space    used 7128K, committed 7872K, reserved 1048576K
}
Event: 1380.308 GC heap after
{Heap after GC invocations=78 (full 4):
 PSYoungGen      total 17408K, used 0K [0x00000007aab00000, 0x00000007ac000000, 0x0000000800000000)
  eden space 16896K, 0% used [0x00000007aab00000,0x00000007aab00000,0x00000007abb80000)
  from space 512K, 0% used [0x00000007abb80000,0x00000007abb80000,0x00000007abc00000)
  to   space 512K, 0% used [0x00000007abf80000,0x00000007abf80000,0x00000007ac000000)
 ParOldGen       total 68608K, used 39129K [0x0000000700000000, 0x0000000704300000, 0x00000007aab00000)
  object space 68608K, 57% used [0x0000000700000000,0x0000000702636440,0x0000000704300000)
 Metaspace       used 69261K, committed 70848K, reserved 1114112K
  class space    used 7128K, committed 7872K, reserved 1048576K
}
Event: 1380.335 GC heap before
{Heap before GC invocations=79 (full 4):
 PSYoungGen      total 17408K, used 0K [0x00000007aab00000, 0x00000007ac000000, 0x0000000800000000)
  eden space 16896K, 0% used [0x00000007aab00000,0x00000007aab00000,0x00000007abb80000)
  from space 512K, 0% used [0x00000007abb80000,0x00000007abb80000,0x00000007abc00000)
  to   space 512K, 0% used [0x00000007abf80000,0x00000007abf80000,0x00000007ac000000)
 ParOldGen       total 2796544K, used 39129K [0x0000000700000000, 0x00000007aab00000, 0x00000007aab00000)
  object space 2796544K, 1% used [0x0000000700000000,0x0000000702636440,0x00000007aab00000)
 Metaspace       used 69261K, committed 70848K, reserved 1114112K
  class space    used 7128K, committed 7872K, reserved 1048576K
}
Event: 1380.336 GC heap after
{Heap after GC invocations=79 (full 4):
 PSYoungGen      total 17408K, used 0K [0x00000007aab00000, 0x00000007ac000000, 0x0000000800000000)
  eden space 16896K, 0% used [0x00000007aab00000,0x00000007aab00000,0x00000007abb80000)
  from space 512K, 0% used [0x00000007abf80000,0x00000007abf80000,0x00000007ac000000)
  to   space 512K, 0% used [0x00000007abb80000,0x00000007abb80000,0x00000007abc00000)
 ParOldGen       total 2796544K, used 39129K [0x0000000700000000, 0x00000007aab00000, 0x00000007aab00000)
  object space 2796544K, 1% used [0x0000000700000000,0x0000000702636440,0x00000007aab00000)
 Metaspace       used 69261K, committed 70848K, reserved 1114112K
  class space    used 7128K, committed 7872K, reserved 1048576K
}
Event: 1380.336 GC heap before
{Heap before GC invocations=80 (full 5):
 PSYoungGen      total 17408K, used 0K [0x00000007aab00000, 0x00000007ac000000, 0x0000000800000000)
  eden space 16896K, 0% used [0x00000007aab00000,0x00000007aab00000,0x00000007abb80000)
  from space 512K, 0% used [0x00000007abf80000,0x00000007abf80000,0x00000007ac000000)
  to   space 512K, 0% used [0x00000007abb80000,0x00000007abb80000,0x00000007abc00000)
 ParOldGen       total 2796544K, used 39129K [0x0000000700000000, 0x00000007aab00000, 0x00000007aab00000)
  object space 2796544K, 1% used [0x0000000700000000,0x0000000702636440,0x00000007aab00000)
 Metaspace       used 69261K, committed 70848K, reserved 1114112K
  class space    used 7128K, committed 7872K, reserved 1048576K
}
Event: 1380.733 GC heap after
{Heap after GC invocations=80 (full 5):
 PSYoungGen      total 17408K, used 0K [0x00000007aab00000, 0x00000007ac000000, 0x0000000800000000)
  eden space 16896K, 0% used [0x00000007aab00000,0x00000007aab00000,0x00000007abb80000)
  from space 512K, 0% used [0x00000007abb80000,0x00000007abb80000,0x00000007abc00000)
  to   space 512K, 0% used [0x00000007abf80000,0x00000007abf80000,0x00000007ac000000)
 ParOldGen       total 79360K, used 34267K [0x0000000700000000, 0x0000000704d80000, 0x00000007aab00000)
  object space 79360K, 43% used [0x0000000700000000,0x0000000702176f90,0x0000000704d80000)
 Metaspace       used 68814K, committed 70848K, reserved 1114112K
  class space    used 7015K, committed 7872K, reserved 1048576K
}
Event: 1381.569 GC heap before
{Heap before GC invocations=81 (full 5):
 PSYoungGen      total 17408K, used 16896K [0x00000007aab00000, 0x00000007ac000000, 0x0000000800000000)
  eden space 16896K, 100% used [0x00000007aab00000,0x00000007abb80000,0x00000007abb80000)
  from space 512K, 0% used [0x00000007abb80000,0x00000007abb80000,0x00000007abc00000)
  to   space 512K, 0% used [0x00000007abf80000,0x00000007abf80000,0x00000007ac000000)
 ParOldGen       total 2796544K, used 34267K [0x0000000700000000, 0x00000007aab00000, 0x00000007aab00000)
  object space 2796544K, 1% used [0x0000000700000000,0x0000000702176f90,0x00000007aab00000)
 Metaspace       used 68921K, committed 70848K, reserved 1114112K
  class space    used 7025K, committed 7872K, reserved 1048576K
}
Event: 1381.576 GC heap after
{Heap after GC invocations=81 (full 5):
 PSYoungGen      total 18432K, used 480K [0x00000007aab00000, 0x00000007ac280000, 0x0000000800000000)
  eden space 17920K, 0% used [0x00000007aab00000,0x00000007aab00000,0x00000007abc80000)
  from space 512K, 93% used [0x00000007abf80000,0x00000007abff8020,0x00000007ac000000)
  to   space 3072K, 0% used [0x00000007abc80000,0x00000007abc80000,0x00000007abf80000)
 ParOldGen       total 2796544K, used 36272K [0x0000000700000000, 0x00000007aab00000, 0x00000007aab00000)
  object space 2796544K, 1% used [0x0000000700000000,0x000000070236c160,0x00000007aab00000)
 Metaspace       used 68921K, committed 70848K, reserved 1114112K
  class space    used 7025K, committed 7872K, reserved 1048576K
}
Event: 1381.979 GC heap before
{Heap before GC invocations=82 (full 5):
 PSYoungGen      total 18432K, used 18400K [0x00000007aab00000, 0x00000007ac280000, 0x0000000800000000)
  eden space 17920K, 100% used [0x00000007aab00000,0x00000007abc80000,0x00000007abc80000)
  from space 512K, 93% used [0x00000007abf80000,0x00000007abff8020,0x00000007ac000000)
  to   space 3072K, 0% used [0x00000007abc80000,0x00000007abc80000,0x00000007abf80000)
 ParOldGen       total 2796544K, used 36272K [0x0000000700000000, 0x00000007aab00000, 0x00000007aab00000)
  object space 2796544K, 1% used [0x0000000700000000,0x000000070236c160,0x00000007aab00000)
 Metaspace       used 68963K, committed 70848K, reserved 1114112K
  class space    used 7035K, committed 7872K, reserved 1048576K
}
Event: 1381.990 GC heap after
{Heap after GC invocations=82 (full 5):
 PSYoungGen      total 20992K, used 2792K [0x00000007aab00000, 0x00000007ac380000, 0x0000000800000000)
  eden space 17920K, 0% used [0x00000007aab00000,0x00000007aab00000,0x00000007abc80000)
  from space 3072K, 90% used [0x00000007abc80000,0x00000007abf3a0c8,0x00000007abf80000)
  to   space 3072K, 0% used [0x00000007ac080000,0x00000007ac080000,0x00000007ac380000)
 ParOldGen       total 2796544K, used 36705K [0x0000000700000000, 0x00000007aab00000, 0x00000007aab00000)
  object space 2796544K, 1% used [0x0000000700000000,0x00000007023d8548,0x00000007aab00000)
 Metaspace       used 68963K, committed 70848K, reserved 1114112K
  class space    used 7035K, committed 7872K, reserved 1048576K
}
Event: 1382.541 GC heap before
{Heap before GC invocations=83 (full 5):
 PSYoungGen      total 20992K, used 20419K [0x00000007aab00000, 0x00000007ac380000, 0x0000000800000000)
  eden space 17920K, 98% used [0x00000007aab00000,0x00000007abc36db8,0x00000007abc80000)
  from space 3072K, 90% used [0x00000007abc80000,0x00000007abf3a0c8,0x00000007abf80000)
  to   space 3072K, 0% used [0x00000007ac080000,0x00000007ac080000,0x00000007ac380000)
 ParOldGen       total 2796544K, used 36705K [0x0000000700000000, 0x00000007aab00000, 0x00000007aab00000)
  object space 2796544K, 1% used [0x0000000700000000,0x00000007023d8548,0x00000007aab00000)
 Metaspace       used 68985K, committed 70848K, reserved 1114112K
  class space    used 7036K, committed 7872K, reserved 1048576K
}
Event: 1382.546 GC heap after
{Heap after GC invocations=83 (full 5):
 PSYoungGen      total 20480K, used 1136K [0x00000007aab00000, 0x00000007ac200000, 0x0000000800000000)
  eden space 18944K, 0% used [0x00000007aab00000,0x00000007aab00000,0x00000007abd80000)
  from space 1536K, 73% used [0x00000007ac080000,0x00000007ac19c050,0x00000007ac200000)
  to   space 2048K, 0% used [0x00000007abe00000,0x00000007abe00000,0x00000007ac000000)
 ParOldGen       total 2796544K, used 36705K [0x0000000700000000, 0x00000007aab00000, 0x00000007aab00000)
  object space 2796544K, 1% used [0x0000000700000000,0x00000007023d8548,0x00000007aab00000)
 Metaspace       used 68985K, committed 70848K, reserved 1114112K
  class space    used 7036K, committed 7872K, reserved 1048576K
}
Event: 1382.965 GC heap before
{Heap before GC invocations=84 (full 5):
 PSYoungGen      total 20480K, used 19114K [0x00000007aab00000, 0x00000007ac200000, 0x0000000800000000)
  eden space 18944K, 94% used [0x00000007aab00000,0x00000007abc8eb70,0x00000007abd80000)
  from space 1536K, 73% used [0x00000007ac080000,0x00000007ac19c050,0x00000007ac200000)
  to   space 2048K, 0% used [0x00000007abe00000,0x00000007abe00000,0x00000007ac000000)
 ParOldGen       total 2796544K, used 36705K [0x0000000700000000, 0x00000007aab00000, 0x00000007aab00000)
  object space 2796544K, 1% used [0x0000000700000000,0x00000007023d8548,0x00000007aab00000)
 Metaspace       used 69023K, committed 70848K, reserved 1114112K
  class space    used 7040K, committed 7872K, reserved 1048576K
}
Event: 1382.972 GC heap after
{Heap after GC invocations=84 (full 5):
 PSYoungGen      total 21504K, used 1616K [0x00000007aab00000, 0x00000007ac280000, 0x0000000800000000)
  eden space 19456K, 0% used [0x00000007aab00000,0x00000007aab00000,0x00000007abe00000)
  from space 2048K, 78% used [0x00000007abe00000,0x00000007abf94050,0x00000007ac000000)
  to   space 2048K, 0% used [0x00000007ac080000,0x00000007ac080000,0x00000007ac280000)
 ParOldGen       total 2796544K, used 36705K [0x0000000700000000, 0x00000007aab00000, 0x00000007aab00000)
  object space 2796544K, 1% used [0x0000000700000000,0x00000007023d8548,0x00000007aab00000)
 Metaspace       used 69023K, committed 70848K, reserved 1114112K
  class space    used 7040K, committed 7872K, reserved 1048576K
}
Event: 1383.342 GC heap before
{Heap before GC invocations=85 (full 5):
 PSYoungGen      total 21504K, used 20026K [0x00000007aab00000, 0x00000007ac280000, 0x0000000800000000)
  eden space 19456K, 94% used [0x00000007aab00000,0x00000007abcfa9c8,0x00000007abe00000)
  from space 2048K, 78% used [0x00000007abe00000,0x00000007abf94050,0x00000007ac000000)
  to   space 2048K, 0% used [0x00000007ac080000,0x00000007ac080000,0x00000007ac280000)
 ParOldGen       total 2796544K, used 36705K [0x0000000700000000, 0x00000007aab00000, 0x00000007aab00000)
  object space 2796544K, 1% used [0x0000000700000000,0x00000007023d8548,0x00000007aab00000)
 Metaspace       used 69029K, committed 70848K, reserved 1114112K
  class space    used 7042K, committed 7872K, reserved 1048576K
}
Event: 1383.348 GC heap after
{Heap after GC invocations=85 (full 5):
 PSYoungGen      total 22016K, used 1712K [0x00000007aab00000, 0x00000007ac280000, 0x0000000800000000)
  eden space 19968K, 0% used [0x00000007aab00000,0x00000007aab00000,0x00000007abe80000)
  from space 2048K, 83% used [0x00000007ac080000,0x00000007ac22c050,0x00000007ac280000)
  to   space 2048K, 0% used [0x00000007abe80000,0x00000007abe80000,0x00000007ac080000)
 ParOldGen       total 2796544K, used 36705K [0x0000000700000000, 0x00000007aab00000, 0x00000007aab00000)
  object space 2796544K, 1% used [0x0000000700000000,0x00000007023d8548,0x00000007aab00000)
 Metaspace       used 69029K, committed 70848K, reserved 1114112K
  class space    used 7042K, committed 7872K, reserved 1048576K
}
Event: 1383.944 GC heap before
{Heap before GC invocations=86 (full 5):
 PSYoungGen      total 22016K, used 21658K [0x00000007aab00000, 0x00000007ac280000, 0x0000000800000000)
  eden space 19968K, 99% used [0x00000007aab00000,0x00000007abe7aa18,0x00000007abe80000)
  from space 2048K, 83% used [0x00000007ac080000,0x00000007ac22c050,0x00000007ac280000)
  to   space 2048K, 0% used [0x00000007abe80000,0x00000007abe80000,0x00000007ac080000)
 ParOldGen       total 2796544K, used 36705K [0x0000000700000000, 0x00000007aab00000, 0x00000007aab00000)
  object space 2796544K, 1% used [0x0000000700000000,0x00000007023d8548,0x00000007aab00000)
 Metaspace       used 69029K, committed 70848K, reserved 1114112K
  class space    used 7042K, committed 7872K, reserved 1048576K
}
Event: 1383.952 GC heap after
{Heap after GC invocations=86 (full 5):
 PSYoungGen      total 22016K, used 1795K [0x00000007aab00000, 0x00000007ac300000, 0x0000000800000000)
  eden space 19968K, 0% used [0x00000007aab00000,0x00000007aab00000,0x00000007abe80000)
  from space 2048K, 87% used [0x00000007abe80000,0x00000007ac040f48,0x00000007ac080000)
  to   space 2048K, 0% used [0x00000007ac100000,0x00000007ac100000,0x00000007ac300000)
 ParOldGen       total 2796544K, used 38597K [0x0000000700000000, 0x00000007aab00000, 0x00000007aab00000)
  object space 2796544K, 1% used [0x0000000700000000,0x00000007025b1718,0x00000007aab00000)
 Metaspace       used 69029K, committed 70848K, reserved 1114112K
  class space    used 7042K, committed 7872K, reserved 1048576K
}

