# JRE version: OpenJDK Runtime Environment Temurin-21.0.12.1+1 (21.0.12.1+1) (build 21.0.12.1+1-LTS)
# Java VM: OpenJDK 64-Bit Server VM Temurin-21.0.12.1+1 (21.0.12.1+1-LTS, mixed mode, sharing, tiered, compressed oops, compressed class ptrs, parallel gc, windows-amd64)
GC Precious Log:
 CardTable entry size: 512
 CPUs: 2 total, 2 available
 Memory: 8008M
 Large Page Support: Disabled
 NUMA Support: Disabled
 Compressed Oops: Enabled (Zero based)
 Alignments: Space 512K, Generation 512K, Heap 2M
 Heap Min Capacity: 100M
 Heap Initial Capacity: 100M
 Heap Max Capacity: 4G
 Pre-touch: Disabled
 Parallel Workers: 2
Heap:
 PSYoungGen      total 19968K, used 18439K [0x00000007aab00000, 0x00000007ac200000, 0x0000000800000000)
  eden space 17408K, 93% used [0x00000007aab00000,0x00000007abae9d50,0x00000007abc00000)
  from space 2560K, 83% used [0x00000007abf80000,0x00000007ac198000,0x00000007ac200000)
  to   space 2560K, 0% used [0x00000007abc00000,0x00000007abc00000,0x00000007abe80000)
 ParOldGen       total 68608K, used 59211K [0x0000000700000000, 0x0000000704300000, 0x00000007aab00000)
  object space 68608K, 86% used [0x0000000700000000,0x00000007039d2c38,0x0000000704300000)
 Metaspace       used 67311K, committed 68800K, reserved 1114112K
  class space    used 6982K, committed 7616K, reserved 1048576K
GC Heap History (20 events):
Event: 120.762 GC heap before
{Heap before GC invocations=84 (full 3):
 PSYoungGen      total 22528K, used 22058K [0x00000007aab00000, 0x00000007ac500000, 0x0000000800000000)
  eden space 20992K, 100% used [0x00000007aab00000,0x00000007abf80000,0x00000007abf80000)
  from space 1536K, 69% used [0x00000007ac380000,0x00000007ac48a9a8,0x00000007ac500000)
  to   space 2048K, 0% used [0x00000007ac100000,0x00000007ac100000,0x00000007ac300000)
 ParOldGen       total 68608K, used 46312K [0x0000000700000000, 0x0000000704300000, 0x00000007aab00000)
  object space 68608K, 67% used [0x0000000700000000,0x0000000702d3a068,0x0000000704300000)
 Metaspace       used 60932K, committed 62336K, reserved 1114112K
  class space    used 6503K, committed 7104K, reserved 1048576K
}
Event: 120.766 GC heap after
{Heap after GC invocations=84 (full 3):
 PSYoungGen      total 23040K, used 480K [0x00000007aab00000, 0x00000007ac400000, 0x0000000800000000)
  eden space 20992K, 0% used [0x00000007aab00000,0x00000007aab00000,0x00000007abf80000)
  from space 2048K, 23% used [0x00000007ac100000,0x00000007ac178000,0x00000007ac300000)
  to   space 1024K, 0% used [0x00000007ac300000,0x00000007ac300000,0x00000007ac400000)
 ParOldGen       total 68608K, used 46512K [0x0000000700000000, 0x0000000704300000, 0x00000007aab00000)
  object space 68608K, 67% used [0x0000000700000000,0x0000000702d6c068,0x0000000704300000)
 Metaspace       used 60932K, committed 62336K, reserved 1114112K
  class space    used 6503K, committed 7104K, reserved 1048576K
}
Event: 121.706 GC heap before
{Heap before GC invocations=85 (full 3):
 PSYoungGen      total 23040K, used 21472K [0x00000007aab00000, 0x00000007ac400000, 0x0000000800000000)
  eden space 20992K, 100% used [0x00000007aab00000,0x00000007abf80000,0x00000007abf80000)
  from space 2048K, 23% used [0x00000007ac100000,0x00000007ac178000,0x00000007ac300000)
  to   space 1024K, 0% used [0x00000007ac300000,0x00000007ac300000,0x00000007ac400000)
 ParOldGen       total 68608K, used 46512K [0x0000000700000000, 0x0000000704300000, 0x00000007aab00000)
  object space 68608K, 67% used [0x0000000700000000,0x0000000702d6c068,0x0000000704300000)
 Metaspace       used 61573K, committed 62976K, reserved 1114112K
  class space    used 6545K, committed 7168K, reserved 1048576K
}
Event: 121.713 GC heap after
{Heap after GC invocations=85 (full 3):
 PSYoungGen      total 22016K, used 832K [0x00000007aab00000, 0x00000007ac400000, 0x0000000800000000)
  eden space 20992K, 0% used [0x00000007aab00000,0x00000007aab00000,0x00000007abf80000)
  from space 1024K, 81% used [0x00000007ac300000,0x00000007ac3d0000,0x00000007ac400000)
  to   space 1024K, 0% used [0x00000007ac200000,0x00000007ac200000,0x00000007ac300000)
 ParOldGen       total 68608K, used 46937K [0x0000000700000000, 0x0000000704300000, 0x00000007aab00000)
  object space 68608K, 68% used [0x0000000700000000,0x0000000702dd64d8,0x0000000704300000)
 Metaspace       used 61573K, committed 62976K, reserved 1114112K
  class space    used 6545K, committed 7168K, reserved 1048576K
}
Event: 124.220 GC heap before
{Heap before GC invocations=86 (full 3):
 PSYoungGen      total 22016K, used 21824K [0x00000007aab00000, 0x00000007ac400000, 0x0000000800000000)
  eden space 20992K, 100% used [0x00000007aab00000,0x00000007abf80000,0x00000007abf80000)
  from space 1024K, 81% used [0x00000007ac300000,0x00000007ac3d0000,0x00000007ac400000)
  to   space 1024K, 0% used [0x00000007ac200000,0x00000007ac200000,0x00000007ac300000)
 ParOldGen       total 68608K, used 46937K [0x0000000700000000, 0x0000000704300000, 0x00000007aab00000)
  object space 68608K, 68% used [0x0000000700000000,0x0000000702dd64d8,0x0000000704300000)
 Metaspace       used 62578K, committed 63936K, reserved 1114112K
  class space    used 6627K, committed 7232K, reserved 1048576K
}
Event: 124.227 GC heap after
{Heap after GC invocations=86 (full 3):
 PSYoungGen      total 22016K, used 883K [0x00000007aab00000, 0x00000007ac380000, 0x0000000800000000)
  eden space 20992K, 0% used [0x00000007aab00000,0x00000007aab00000,0x00000007abf80000)
  from space 1024K, 86% used [0x00000007ac200000,0x00000007ac2dcea8,0x00000007ac300000)
  to   space 512K, 0% used [0x00000007ac300000,0x00000007ac300000,0x00000007ac380000)
 ParOldGen       total 68608K, used 49077K [0x0000000700000000, 0x0000000704300000, 0x00000007aab00000)
  object space 68608K, 71% used [0x0000000700000000,0x0000000702fed6a8,0x0000000704300000)
 Metaspace       used 62578K, committed 63936K, reserved 1114112K
  class space    used 6627K, committed 7232K, reserved 1048576K
}
Event: 125.323 GC heap before
{Heap before GC invocations=87 (full 3):
 PSYoungGen      total 22016K, used 21875K [0x00000007aab00000, 0x00000007ac380000, 0x0000000800000000)
  eden space 20992K, 100% used [0x00000007aab00000,0x00000007abf80000,0x00000007abf80000)
  from space 1024K, 86% used [0x00000007ac200000,0x00000007ac2dcea8,0x00000007ac300000)
  to   space 512K, 0% used [0x00000007ac300000,0x00000007ac300000,0x00000007ac380000)
 ParOldGen       total 68608K, used 49077K [0x0000000700000000, 0x0000000704300000, 0x00000007aab00000)
  object space 68608K, 71% used [0x0000000700000000,0x0000000702fed6a8,0x0000000704300000)
 Metaspace       used 62589K, committed 64000K, reserved 1114112K
  class space    used 6628K, committed 7232K, reserved 1048576K
}
Event: 125.327 GC heap after
{Heap after GC invocations=87 (full 3):
 PSYoungGen      total 21504K, used 512K [0x00000007aab00000, 0x00000007ac380000, 0x0000000800000000)
  eden space 20992K, 0% used [0x00000007aab00000,0x00000007aab00000,0x00000007abf80000)
  from space 512K, 100% used [0x00000007ac300000,0x00000007ac380000,0x00000007ac380000)
  to   space 1536K, 0% used [0x00000007ac080000,0x00000007ac080000,0x00000007ac200000)
 ParOldGen       total 68608K, used 49902K [0x0000000700000000, 0x0000000704300000, 0x00000007aab00000)
  object space 68608K, 72% used [0x0000000700000000,0x00000007030bb958,0x0000000704300000)
 Metaspace       used 62589K, committed 64000K, reserved 1114112K
  class space    used 6628K, committed 7232K, reserved 1048576K
}
Event: 125.446 GC heap before
{Heap before GC invocations=88 (full 3):
 PSYoungGen      total 21504K, used 21504K [0x00000007aab00000, 0x00000007ac380000, 0x0000000800000000)
  eden space 20992K, 100% used [0x00000007aab00000,0x00000007abf80000,0x00000007abf80000)
  from space 512K, 100% used [0x00000007ac300000,0x00000007ac380000,0x00000007ac380000)
  to   space 1536K, 0% used [0x00000007ac080000,0x00000007ac080000,0x00000007ac200000)
 ParOldGen       total 68608K, used 49902K [0x0000000700000000, 0x0000000704300000, 0x00000007aab00000)
  object space 68608K, 72% used [0x0000000700000000,0x00000007030bb958,0x0000000704300000)
 Metaspace       used 62607K, committed 64000K, reserved 1114112K
  class space    used 6630K, committed 7232K, reserved 1048576K
}
Event: 125.450 GC heap after
{Heap after GC invocations=88 (full 3):
 PSYoungGen      total 22528K, used 512K [0x00000007aab00000, 0x00000007ac380000, 0x0000000800000000)
  eden space 20992K, 0% used [0x00000007aab00000,0x00000007aab00000,0x00000007abf80000)
  from space 1536K, 33% used [0x00000007ac080000,0x00000007ac100000,0x00000007ac200000)
  to   space 1024K, 0% used [0x00000007ac280000,0x00000007ac280000,0x00000007ac380000)
 ParOldGen       total 68608K, used 50401K [0x0000000700000000, 0x0000000704300000, 0x00000007aab00000)
  object space 68608K, 73% used [0x0000000700000000,0x00000007031386f0,0x0000000704300000)
 Metaspace       used 62607K, committed 64000K, reserved 1114112K
  class space    used 6630K, committed 7232K, reserved 1048576K
}
Event: 125.563 GC heap before
{Heap before GC invocations=89 (full 3):
 PSYoungGen      total 22528K, used 21503K [0x00000007aab00000, 0x00000007ac380000, 0x0000000800000000)
  eden space 20992K, 99% used [0x00000007aab00000,0x00000007abf7fff0,0x00000007abf80000)
  from space 1536K, 33% used [0x00000007ac080000,0x00000007ac100000,0x00000007ac200000)
  to   space 1024K, 0% used [0x00000007ac280000,0x00000007ac280000,0x00000007ac380000)
 ParOldGen       total 68608K, used 50401K [0x0000000700000000, 0x0000000704300000, 0x00000007aab00000)
  object space 68608K, 73% used [0x0000000700000000,0x00000007031386f0,0x0000000704300000)
 Metaspace       used 62607K, committed 64000K, reserved 1114112K
  class space    used 6630K, committed 7232K, reserved 1048576K
}
Event: 125.567 GC heap after
{Heap after GC invocations=89 (full 3):
 PSYoungGen      total 22016K, used 544K [0x00000007aab00000, 0x00000007ac380000, 0x0000000800000000)
  eden space 20992K, 0% used [0x00000007aab00000,0x00000007aab00000,0x00000007abf80000)
  from space 1024K, 53% used [0x00000007ac280000,0x00000007ac308000,0x00000007ac380000)
  to   space 1024K, 0% used [0x00000007ac180000,0x00000007ac180000,0x00000007ac280000)
 ParOldGen       total 68608K, used 50905K [0x0000000700000000, 0x0000000704300000, 0x00000007aab00000)
  object space 68608K, 74% used [0x0000000700000000,0x00000007031b66f0,0x0000000704300000)
 Metaspace       used 62607K, committed 64000K, reserved 1114112K
  class space    used 6630K, committed 7232K, reserved 1048576K
}
Event: 262.647 GC heap before
{Heap before GC invocations=90 (full 3):
 PSYoungGen      total 22016K, used 21532K [0x00000007aab00000, 0x00000007ac380000, 0x0000000800000000)
  eden space 20992K, 99% used [0x00000007aab00000,0x00000007abf7f270,0x00000007abf80000)
  from space 1024K, 53% used [0x00000007ac280000,0x00000007ac308000,0x00000007ac380000)
  to   space 1024K, 0% used [0x00000007ac180000,0x00000007ac180000,0x00000007ac280000)
 ParOldGen       total 68608K, used 50905K [0x0000000700000000, 0x0000000704300000, 0x00000007aab00000)
  object space 68608K, 74% used [0x0000000700000000,0x00000007031b66f0,0x0000000704300000)
 Metaspace       used 63072K, committed 64512K, reserved 1114112K
  class space    used 6681K, committed 7296K, reserved 1048576K
}
Event: 262.663 GC heap after
{Heap after GC invocations=90 (full 3):
 PSYoungGen      total 22016K, used 996K [0x00000007aab00000, 0x00000007ac380000, 0x0000000800000000)
  eden space 20992K, 0% used [0x00000007aab00000,0x00000007aab00000,0x00000007abf80000)
  from space 1024K, 97% used [0x00000007ac180000,0x00000007ac2790a8,0x00000007ac280000)
  to   space 1024K, 0% used [0x00000007ac280000,0x00000007ac280000,0x00000007ac380000)
 ParOldGen       total 68608K, used 51654K [0x0000000700000000, 0x0000000704300000, 0x00000007aab00000)
  object space 68608K, 75% used [0x0000000700000000,0x00000007032719a0,0x0000000704300000)
 Metaspace       used 63072K, committed 64512K, reserved 1114112K
  class space    used 6681K, committed 7296K, reserved 1048576K
}
Event: 278.931 GC heap before
{Heap before GC invocations=91 (full 3):
 PSYoungGen      total 22016K, used 21988K [0x00000007aab00000, 0x00000007ac380000, 0x0000000800000000)
  eden space 20992K, 100% used [0x00000007aab00000,0x00000007abf80000,0x00000007abf80000)
  from space 1024K, 97% used [0x00000007ac180000,0x00000007ac2790a8,0x00000007ac280000)
  to   space 1024K, 0% used [0x00000007ac280000,0x00000007ac280000,0x00000007ac380000)
 ParOldGen       total 68608K, used 51654K [0x0000000700000000, 0x0000000704300000, 0x00000007aab00000)
  object space 68608K, 75% used [0x0000000700000000,0x00000007032719a0,0x0000000704300000)
 Metaspace       used 63753K, committed 65216K, reserved 1114112K
  class space    used 6728K, committed 7360K, reserved 1048576K
}
Event: 278.942 GC heap after
{Heap after GC invocations=91 (full 3):
 PSYoungGen      total 18432K, used 1013K [0x00000007aab00000, 0x00000007acc80000, 0x0000000800000000)
  eden space 17408K, 0% used [0x00000007aab00000,0x00000007aab00000,0x00000007abc00000)
  from space 1024K, 98% used [0x00000007ac280000,0x00000007ac37d430,0x00000007ac380000)
  to   space 6656K, 0% used [0x00000007abc00000,0x00000007abc00000,0x00000007ac280000)
 ParOldGen       total 68608K, used 56178K [0x0000000700000000, 0x0000000704300000, 0x00000007aab00000)
  object space 68608K, 81% used [0x0000000700000000,0x00000007036dca50,0x0000000704300000)
 Metaspace       used 63753K, committed 65216K, reserved 1114112K
  class space    used 6728K, committed 7360K, reserved 1048576K
}
Event: 283.409 GC heap before
{Heap before GC invocations=92 (full 3):
 PSYoungGen      total 18432K, used 18405K [0x00000007aab00000, 0x00000007acc80000, 0x0000000800000000)
  eden space 17408K, 99% used [0x00000007aab00000,0x00000007abbfc230,0x00000007abc00000)
  from space 1024K, 98% used [0x00000007ac280000,0x00000007ac37d430,0x00000007ac380000)
  to   space 6656K, 0% used [0x00000007abc00000,0x00000007abc00000,0x00000007ac280000)
 ParOldGen       total 68608K, used 56178K [0x0000000700000000, 0x0000000704300000, 0x00000007aab00000)
  object space 68608K, 81% used [0x0000000700000000,0x00000007036dca50,0x0000000704300000)
 Metaspace       used 65124K, committed 66560K, reserved 1114112K
  class space    used 6809K, committed 7424K, reserved 1048576K
}
Event: 283.418 GC heap after
{Heap after GC invocations=92 (full 3):
 PSYoungGen      total 19968K, used 2282K [0x00000007aab00000, 0x00000007ac300000, 0x0000000800000000)
  eden space 17408K, 0% used [0x00000007aab00000,0x00000007aab00000,0x00000007abc00000)
  from space 2560K, 89% used [0x00000007abc00000,0x00000007abe3a8d0,0x00000007abe80000)
  to   space 3584K, 0% used [0x00000007abf80000,0x00000007abf80000,0x00000007ac300000)
 ParOldGen       total 68608K, used 57153K [0x0000000700000000, 0x0000000704300000, 0x00000007aab00000)
  object space 68608K, 83% used [0x0000000700000000,0x00000007037d06b8,0x0000000704300000)
 Metaspace       used 65124K, committed 66560K, reserved 1114112K
  class space    used 6809K, committed 7424K, reserved 1048576K
}
Event: 288.592 GC heap before
{Heap before GC invocations=93 (full 3):
 PSYoungGen      total 19968K, used 19690K [0x00000007aab00000, 0x00000007ac300000, 0x0000000800000000)
  eden space 17408K, 100% used [0x00000007aab00000,0x00000007abc00000,0x00000007abc00000)
  from space 2560K, 89% used [0x00000007abc00000,0x00000007abe3a8d0,0x00000007abe80000)
  to   space 3584K, 0% used [0x00000007abf80000,0x00000007abf80000,0x00000007ac300000)
 ParOldGen       total 68608K, used 57153K [0x0000000700000000, 0x0000000704300000, 0x00000007aab00000)
  object space 68608K, 83% used [0x0000000700000000,0x00000007037d06b8,0x0000000704300000)
 Metaspace       used 65977K, committed 67456K, reserved 1114112K
  class space    used 6892K, committed 7552K, reserved 1048576K
}
Event: 288.603 GC heap after
{Heap after GC invocations=93 (full 3):
 PSYoungGen      total 19968K, used 2144K [0x00000007aab00000, 0x00000007ac200000, 0x0000000800000000)
  eden space 17408K, 0% used [0x00000007aab00000,0x00000007aab00000,0x00000007abc00000)
  from space 2560K, 83% used [0x00000007abf80000,0x00000007ac198000,0x00000007ac200000)
  to   space 2560K, 0% used [0x00000007abc00000,0x00000007abc00000,0x00000007abe80000)
 ParOldGen       total 68608K, used 59211K [0x0000000700000000, 0x0000000704300000, 0x00000007aab00000)
  object space 68608K, 86% used [0x0000000700000000,0x00000007039d2c38,0x0000000704300000)
 Metaspace       used 65977K, committed 67456K, reserved 1114112K
  class space    used 6892K, committed 7552K, reserved 1048576K
}

