# JRE version: OpenJDK Runtime Environment Temurin-21.0.12.1+1 (21.0.12.1+1) (build 21.0.12.1+1-LTS)
# Java VM: OpenJDK 64-Bit Server VM Temurin-21.0.12.1+1 (21.0.12.1+1-LTS, mixed mode, sharing, tiered, compressed oops, compressed class ptrs, parallel gc, windows-amd64)
GC Precious Log:
 CardTable entry size: 512
 CPUs: 2 total, 2 available
 Memory: 8008M
 Large Page Support: Disabled
 NUMA Support: Disabled
 Compressed Oops: Enabled (Zero based)
 Alignments: Space 512K, Generation 512K, Heap 2M
 Heap Min Capacity: 100M
 Heap Initial Capacity: 100M
 Heap Max Capacity: 4G
 Pre-touch: Disabled
 Parallel Workers: 2
Heap:
 PSYoungGen      total 19968K, used 4225K [0x00000007aab00000, 0x00000007ac600000, 0x0000000800000000)
  eden space 19456K, 19% used [0x00000007aab00000,0x00000007aaea04c8,0x00000007abe00000)
  from space 512K, 100% used [0x00000007abe00000,0x00000007abe80000,0x00000007abe80000)
  to   space 4096K, 0% used [0x00000007ac200000,0x00000007ac200000,0x00000007ac600000)
 ParOldGen       total 68608K, used 33520K [0x0000000700000000, 0x0000000704300000, 0x00000007aab00000)
  object space 68608K, 48% used [0x0000000700000000,0x00000007020bc1f0,0x0000000704300000)
 Metaspace       used 45397K, committed 46400K, reserved 1114112K
  class space    used 4366K, committed 4800K, reserved 1048576K
GC Heap History (20 events):
Event: 103.051 GC heap before
{Heap before GC invocations=24 (full 2):
 PSYoungGen      total 23552K, used 23212K [0x00000007aab00000, 0x00000007ac480000, 0x0000000800000000)
  eden space 22016K, 100% used [0x00000007aab00000,0x00000007ac080000,0x00000007ac080000)
  from space 1536K, 77% used [0x00000007ac180000,0x00000007ac2ab0a8,0x00000007ac300000)
  to   space 1536K, 0% used [0x00000007ac300000,0x00000007ac300000,0x00000007ac480000)
 ParOldGen       total 68608K, used 24321K [0x0000000700000000, 0x0000000704300000, 0x00000007aab00000)
  object space 68608K, 35% used [0x0000000700000000,0x00000007017c0478,0x0000000704300000)
 Metaspace       used 39428K, committed 40384K, reserved 1114112K
  class space    used 3956K, committed 4352K, reserved 1048576K
}
Event: 103.056 GC heap after
{Heap after GC invocations=24 (full 2):
 PSYoungGen      total 23040K, used 576K [0x00000007aab00000, 0x00000007ac400000, 0x0000000800000000)
  eden space 22016K, 0% used [0x00000007aab00000,0x00000007aab00000,0x00000007ac080000)
  from space 1024K, 56% used [0x00000007ac300000,0x00000007ac390000,0x00000007ac400000)
  to   space 1024K, 0% used [0x00000007ac200000,0x00000007ac200000,0x00000007ac300000)
 ParOldGen       total 68608K, used 25433K [0x0000000700000000, 0x0000000704300000, 0x00000007aab00000)
  object space 68608K, 37% used [0x0000000700000000,0x00000007018d6578,0x0000000704300000)
 Metaspace       used 39428K, committed 40384K, reserved 1114112K
  class space    used 3956K, committed 4352K, reserved 1048576K
}
Event: 103.507 GC heap before
{Heap before GC invocations=25 (full 2):
 PSYoungGen      total 23040K, used 22592K [0x00000007aab00000, 0x00000007ac400000, 0x0000000800000000)
  eden space 22016K, 100% used [0x00000007aab00000,0x00000007ac080000,0x00000007ac080000)
  from space 1024K, 56% used [0x00000007ac300000,0x00000007ac390000,0x00000007ac400000)
  to   space 1024K, 0% used [0x00000007ac200000,0x00000007ac200000,0x00000007ac300000)
 ParOldGen       total 68608K, used 25433K [0x0000000700000000, 0x0000000704300000, 0x00000007aab00000)
  object space 68608K, 37% used [0x0000000700000000,0x00000007018d6578,0x0000000704300000)
 Metaspace       used 39472K, committed 40448K, reserved 1114112K
  class space    used 3956K, committed 4352K, reserved 1048576K
}
Event: 103.513 GC heap after
{Heap after GC invocations=25 (full 2):
 PSYoungGen      total 23040K, used 544K [0x00000007aab00000, 0x00000007ac380000, 0x0000000800000000)
  eden space 22016K, 0% used [0x00000007aab00000,0x00000007aab00000,0x00000007ac080000)
  from space 1024K, 53% used [0x00000007ac200000,0x00000007ac288000,0x00000007ac300000)
  to   space 512K, 0% used [0x00000007ac300000,0x00000007ac300000,0x00000007ac380000)
 ParOldGen       total 68608K, used 25961K [0x0000000700000000, 0x0000000704300000, 0x00000007aab00000)
  object space 68608K, 37% used [0x0000000700000000,0x000000070195a578,0x0000000704300000)
 Metaspace       used 39472K, committed 40448K, reserved 1114112K
  class space    used 3956K, committed 4352K, reserved 1048576K
}
Event: 104.128 GC heap before
{Heap before GC invocations=26 (full 2):
 PSYoungGen      total 23040K, used 22560K [0x00000007aab00000, 0x00000007ac380000, 0x0000000800000000)
  eden space 22016K, 100% used [0x00000007aab00000,0x00000007ac080000,0x00000007ac080000)
  from space 1024K, 53% used [0x00000007ac200000,0x00000007ac288000,0x00000007ac300000)
  to   space 512K, 0% used [0x00000007ac300000,0x00000007ac300000,0x00000007ac380000)
 ParOldGen       total 68608K, used 25961K [0x0000000700000000, 0x0000000704300000, 0x00000007aab00000)
  object space 68608K, 37% used [0x0000000700000000,0x000000070195a578,0x0000000704300000)
 Metaspace       used 39474K, committed 40448K, reserved 1114112K
  class space    used 3956K, committed 4352K, reserved 1048576K
}
Event: 104.133 GC heap after
{Heap after GC invocations=26 (full 2):
 PSYoungGen      total 22528K, used 512K [0x00000007aab00000, 0x00000007ac380000, 0x0000000800000000)
  eden space 22016K, 0% used [0x00000007aab00000,0x00000007aab00000,0x00000007ac080000)
  from space 512K, 100% used [0x00000007ac300000,0x00000007ac380000,0x00000007ac380000)
  to   space 1536K, 0% used [0x00000007ac080000,0x00000007ac080000,0x00000007ac200000)
 ParOldGen       total 68608K, used 26499K [0x0000000700000000, 0x0000000704300000, 0x00000007aab00000)
  object space 68608K, 38% used [0x0000000700000000,0x00000007019e0f90,0x0000000704300000)
 Metaspace       used 39474K, committed 40448K, reserved 1114112K
  class space    used 3956K, committed 4352K, reserved 1048576K
}
Event: 104.983 GC heap before
{Heap before GC invocations=27 (full 2):
 PSYoungGen      total 22528K, used 22528K [0x00000007aab00000, 0x00000007ac380000, 0x0000000800000000)
  eden space 22016K, 100% used [0x00000007aab00000,0x00000007ac080000,0x00000007ac080000)
  from space 512K, 100% used [0x00000007ac300000,0x00000007ac380000,0x00000007ac380000)
  to   space 1536K, 0% used [0x00000007ac080000,0x00000007ac080000,0x00000007ac200000)
 ParOldGen       total 68608K, used 26499K [0x0000000700000000, 0x0000000704300000, 0x00000007aab00000)
  object space 68608K, 38% used [0x0000000700000000,0x00000007019e0f90,0x0000000704300000)
 Metaspace       used 39485K, committed 40448K, reserved 1114112K
  class space    used 3956K, committed 4352K, reserved 1048576K
}
Event: 104.987 GC heap after
{Heap after GC invocations=27 (full 2):
 PSYoungGen      total 23552K, used 736K [0x00000007aab00000, 0x00000007ac380000, 0x0000000800000000)
  eden space 22016K, 0% used [0x00000007aab00000,0x00000007aab00000,0x00000007ac080000)
  from space 1536K, 47% used [0x00000007ac080000,0x00000007ac138000,0x00000007ac200000)
  to   space 1024K, 0% used [0x00000007ac280000,0x00000007ac280000,0x00000007ac380000)
 ParOldGen       total 68608K, used 26995K [0x0000000700000000, 0x0000000704300000, 0x00000007aab00000)
  object space 68608K, 39% used [0x0000000700000000,0x0000000701a5cfa0,0x0000000704300000)
 Metaspace       used 39485K, committed 40448K, reserved 1114112K
  class space    used 3956K, committed 4352K, reserved 1048576K
}
Event: 105.516 GC heap before
{Heap before GC invocations=28 (full 2):
 PSYoungGen      total 23552K, used 22752K [0x00000007aab00000, 0x00000007ac380000, 0x0000000800000000)
  eden space 22016K, 100% used [0x00000007aab00000,0x00000007ac080000,0x00000007ac080000)
  from space 1536K, 47% used [0x00000007ac080000,0x00000007ac138000,0x00000007ac200000)
  to   space 1024K, 0% used [0x00000007ac280000,0x00000007ac280000,0x00000007ac380000)
 ParOldGen       total 68608K, used 26995K [0x0000000700000000, 0x0000000704300000, 0x00000007aab00000)
  object space 68608K, 39% used [0x0000000700000000,0x0000000701a5cfa0,0x0000000704300000)
 Metaspace       used 39500K, committed 40448K, reserved 1114112K
  class space    used 3956K, committed 4352K, reserved 1048576K
}
Event: 105.521 GC heap after
{Heap after GC invocations=28 (full 2):
 PSYoungGen      total 23040K, used 640K [0x00000007aab00000, 0x00000007ac380000, 0x0000000800000000)
  eden space 22016K, 0% used [0x00000007aab00000,0x00000007aab00000,0x00000007ac080000)
  from space 1024K, 62% used [0x00000007ac280000,0x00000007ac320000,0x00000007ac380000)
  to   space 1024K, 0% used [0x00000007ac180000,0x00000007ac180000,0x00000007ac280000)
 ParOldGen       total 68608K, used 27515K [0x0000000700000000, 0x0000000704300000, 0x00000007aab00000)
  object space 68608K, 40% used [0x0000000700000000,0x0000000701adee80,0x0000000704300000)
 Metaspace       used 39500K, committed 40448K, reserved 1114112K
  class space    used 3956K, committed 4352K, reserved 1048576K
}
Event: 106.810 GC heap before
{Heap before GC invocations=29 (full 2):
 PSYoungGen      total 23040K, used 22656K [0x00000007aab00000, 0x00000007ac380000, 0x0000000800000000)
  eden space 22016K, 100% used [0x00000007aab00000,0x00000007ac080000,0x00000007ac080000)
  from space 1024K, 62% used [0x00000007ac280000,0x00000007ac320000,0x00000007ac380000)
  to   space 1024K, 0% used [0x00000007ac180000,0x00000007ac180000,0x00000007ac280000)
 ParOldGen       total 68608K, used 27515K [0x0000000700000000, 0x0000000704300000, 0x00000007aab00000)
  object space 68608K, 40% used [0x0000000700000000,0x0000000701adee80,0x0000000704300000)
 Metaspace       used 40482K, committed 41408K, reserved 1114112K
  class space    used 4053K, committed 4416K, reserved 1048576K
}
Event: 106.830 GC heap after
{Heap after GC invocations=29 (full 2):
 PSYoungGen      total 23040K, used 1008K [0x00000007aab00000, 0x00000007ac580000, 0x0000000800000000)
  eden space 22016K, 0% used [0x00000007aab00000,0x00000007aab00000,0x00000007ac080000)
  from space 1024K, 98% used [0x00000007ac180000,0x00000007ac27c030,0x00000007ac280000)
  to   space 2560K, 0% used [0x00000007ac300000,0x00000007ac300000,0x00000007ac580000)
 ParOldGen       total 68608K, used 28427K [0x0000000700000000, 0x0000000704300000, 0x00000007aab00000)
  object space 68608K, 41% used [0x0000000700000000,0x0000000701bc2d38,0x0000000704300000)
 Metaspace       used 40482K, committed 41408K, reserved 1114112K
  class space    used 4053K, committed 4416K, reserved 1048576K
}
Event: 115.746 GC heap before
{Heap before GC invocations=30 (full 2):
 PSYoungGen      total 23040K, used 23024K [0x00000007aab00000, 0x00000007ac580000, 0x0000000800000000)
  eden space 22016K, 99% used [0x00000007aab00000,0x00000007ac07ffe0,0x00000007ac080000)
  from space 1024K, 98% used [0x00000007ac180000,0x00000007ac27c030,0x00000007ac280000)
  to   space 2560K, 0% used [0x00000007ac300000,0x00000007ac300000,0x00000007ac580000)
 ParOldGen       total 68608K, used 28427K [0x0000000700000000, 0x0000000704300000, 0x00000007aab00000)
  object space 68608K, 41% used [0x0000000700000000,0x0000000701bc2d38,0x0000000704300000)
 Metaspace       used 42136K, committed 43008K, reserved 1114112K
  class space    used 4186K, committed 4544K, reserved 1048576K
}
Event: 115.758 GC heap after
{Heap after GC invocations=30 (full 2):
 PSYoungGen      total 22016K, used 2544K [0x00000007aab00000, 0x00000007aca80000, 0x0000000800000000)
  eden space 19456K, 0% used [0x00000007aab00000,0x00000007aab00000,0x00000007abe00000)
  from space 2560K, 99% used [0x00000007ac300000,0x00000007ac57c2e0,0x00000007ac580000)
  to   space 5120K, 0% used [0x00000007abe00000,0x00000007abe00000,0x00000007ac300000)
 ParOldGen       total 68608K, used 30160K [0x0000000700000000, 0x0000000704300000, 0x00000007aab00000)
  object space 68608K, 43% used [0x0000000700000000,0x0000000701d74300,0x0000000704300000)
 Metaspace       used 42136K, committed 43008K, reserved 1114112K
  class space    used 4186K, committed 4544K, reserved 1048576K
}
Event: 122.291 GC heap before
{Heap before GC invocations=31 (full 2):
 PSYoungGen      total 22016K, used 22000K [0x00000007aab00000, 0x00000007aca80000, 0x0000000800000000)
  eden space 19456K, 100% used [0x00000007aab00000,0x00000007abe00000,0x00000007abe00000)
  from space 2560K, 99% used [0x00000007ac300000,0x00000007ac57c2e0,0x00000007ac580000)
  to   space 5120K, 0% used [0x00000007abe00000,0x00000007abe00000,0x00000007ac300000)
 ParOldGen       total 68608K, used 30160K [0x0000000700000000, 0x0000000704300000, 0x00000007aab00000)
  object space 68608K, 43% used [0x0000000700000000,0x0000000701d74300,0x0000000704300000)
 Metaspace       used 43966K, committed 44928K, reserved 1114112K
  class space    used 4272K, committed 4672K, reserved 1048576K
}
Event: 122.297 GC heap after
{Heap after GC invocations=31 (full 2):
 PSYoungGen      total 19968K, used 384K [0x00000007aab00000, 0x00000007ac380000, 0x0000000800000000)
  eden space 19456K, 0% used [0x00000007aab00000,0x00000007aab00000,0x00000007abe00000)
  from space 512K, 75% used [0x00000007abe00000,0x00000007abe60000,0x00000007abe80000)
  to   space 2048K, 0% used [0x00000007ac180000,0x00000007ac180000,0x00000007ac380000)
 ParOldGen       total 68608K, used 30548K [0x0000000700000000, 0x0000000704300000, 0x00000007aab00000)
  object space 68608K, 44% used [0x0000000700000000,0x0000000701dd53b8,0x0000000704300000)
 Metaspace       used 43966K, committed 44928K, reserved 1114112K
  class space    used 4272K, committed 4672K, reserved 1048576K
}
Event: 137.762 GC heap before
{Heap before GC invocations=32 (full 2):
 PSYoungGen      total 19968K, used 19840K [0x00000007aab00000, 0x00000007ac380000, 0x0000000800000000)
  eden space 19456K, 100% used [0x00000007aab00000,0x00000007abe00000,0x00000007abe00000)
  from space 512K, 75% used [0x00000007abe00000,0x00000007abe60000,0x00000007abe80000)
  to   space 2048K, 0% used [0x00000007ac180000,0x00000007ac180000,0x00000007ac380000)
 ParOldGen       total 68608K, used 30548K [0x0000000700000000, 0x0000000704300000, 0x00000007aab00000)
  object space 68608K, 44% used [0x0000000700000000,0x0000000701dd53b8,0x0000000704300000)
 Metaspace       used 44788K, committed 45760K, reserved 1114112K
  class space    used 4311K, committed 4736K, reserved 1048576K
}
Event: 137.766 GC heap after
{Heap after GC invocations=32 (full 2):
 PSYoungGen      total 19968K, used 192K [0x00000007aab00000, 0x00000007ac200000, 0x0000000800000000)
  eden space 19456K, 0% used [0x00000007aab00000,0x00000007aab00000,0x00000007abe00000)
  from space 512K, 37% used [0x00000007ac180000,0x00000007ac1b0000,0x00000007ac200000)
  to   space 512K, 0% used [0x00000007abe00000,0x00000007abe00000,0x00000007abe80000)
 ParOldGen       total 68608K, used 30822K [0x0000000700000000, 0x0000000704300000, 0x00000007aab00000)
  object space 68608K, 44% used [0x0000000700000000,0x0000000701e19ad8,0x0000000704300000)
 Metaspace       used 44788K, committed 45760K, reserved 1114112K
  class space    used 4311K, committed 4736K, reserved 1048576K
}
Event: 145.110 GC heap before
{Heap before GC invocations=33 (full 2):
 PSYoungGen      total 19968K, used 19648K [0x00000007aab00000, 0x00000007ac200000, 0x0000000800000000)
  eden space 19456K, 100% used [0x00000007aab00000,0x00000007abe00000,0x00000007abe00000)
  from space 512K, 37% used [0x00000007ac180000,0x00000007ac1b0000,0x00000007ac200000)
  to   space 512K, 0% used [0x00000007abe00000,0x00000007abe00000,0x00000007abe80000)
 ParOldGen       total 68608K, used 30822K [0x0000000700000000, 0x0000000704300000, 0x00000007aab00000)
  object space 68608K, 44% used [0x0000000700000000,0x0000000701e19ad8,0x0000000704300000)
 Metaspace       used 45302K, committed 46336K, reserved 1114112K
  class space    used 4363K, committed 4800K, reserved 1048576K
}
Event: 145.129 GC heap after
{Heap after GC invocations=33 (full 2):
 PSYoungGen      total 19968K, used 512K [0x00000007aab00000, 0x00000007ac600000, 0x0000000800000000)
  eden space 19456K, 0% used [0x00000007aab00000,0x00000007aab00000,0x00000007abe00000)
  from space 512K, 100% used [0x00000007abe00000,0x00000007abe80000,0x00000007abe80000)
  to   space 4096K, 0% used [0x00000007ac200000,0x00000007ac200000,0x00000007ac600000)
 ParOldGen       total 68608K, used 33520K [0x0000000700000000, 0x0000000704300000, 0x00000007aab00000)
  object space 68608K, 48% used [0x0000000700000000,0x00000007020bc1f0,0x0000000704300000)
 Metaspace       used 45302K, committed 46336K, reserved 1114112K
  class space    used 4363K, committed 4800K, reserved 1048576K
}

