# JRE version: OpenJDK Runtime Environment Temurin-21.0.12.1+1 (21.0.12.1+1) (build 21.0.12.1+1-LTS)
# Java VM: OpenJDK 64-Bit Server VM Temurin-21.0.12.1+1 (21.0.12.1+1-LTS, mixed mode, sharing, tiered, compressed oops, compressed class ptrs, parallel gc, windows-amd64)
GC Precious Log:
 CardTable entry size: 512
 CPUs: 2 total, 2 available
 Memory: 8008M
 Large Page Support: Disabled
 NUMA Support: Disabled
 Compressed Oops: Enabled (Zero based)
 Alignments: Space 512K, Generation 512K, Heap 2M
 Heap Min Capacity: 100M
 Heap Initial Capacity: 100M
 Heap Max Capacity: 4G
 Pre-touch: Disabled
 Parallel Workers: 2
Heap:
 PSYoungGen      total 10240K, used 4927K [0x00000007aab00000, 0x00000007ab900000, 0x0000000800000000)
  eden space 9728K, 48% used [0x00000007aab00000,0x00000007aafa2f90,0x00000007ab480000)
  from space 512K, 35% used [0x00000007ab800000,0x00000007ab82cf58,0x00000007ab880000)
  to   space 512K, 0% used [0x00000007ab880000,0x00000007ab880000,0x00000007ab900000)
 ParOldGen       total 166400K, used 165912K [0x0000000700000000, 0x000000070a280000, 0x00000007aab00000)
  object space 166400K, 99% used [0x0000000700000000,0x000000070a206198,0x000000070a280000)
 Metaspace       used 65074K, committed 66560K, reserved 1114112K
  class space    used 6778K, committed 7424K, reserved 1048576K
GC Heap History (20 events):
Event: 233.175 GC heap before
{Heap before GC invocations=101 (full 3):
 PSYoungGen      total 10240K, used 9984K [0x00000007aab00000, 0x00000007ab900000, 0x0000000800000000)
  eden space 9728K, 100% used [0x00000007aab00000,0x00000007ab480000,0x00000007ab480000)
  from space 512K, 50% used [0x00000007ab800000,0x00000007ab840000,0x00000007ab880000)
  to   space 512K, 0% used [0x00000007ab880000,0x00000007ab880000,0x00000007ab900000)
 ParOldGen       total 163328K, used 162940K [0x0000000700000000, 0x0000000709f80000, 0x00000007aab00000)
  object space 163328K, 99% used [0x0000000700000000,0x0000000709f1f1d8,0x0000000709f80000)
 Metaspace       used 64944K, committed 66432K, reserved 1114112K
  class space    used 6766K, committed 7360K, reserved 1048576K
}
Event: 233.178 GC heap after
{Heap after GC invocations=101 (full 3):
 PSYoungGen      total 10240K, used 288K [0x00000007aab00000, 0x00000007ab900000, 0x0000000800000000)
  eden space 9728K, 0% used [0x00000007aab00000,0x00000007aab00000,0x00000007ab480000)
  from space 512K, 56% used [0x00000007ab880000,0x00000007ab8c8000,0x00000007ab900000)
  to   space 512K, 0% used [0x00000007ab800000,0x00000007ab800000,0x00000007ab880000)
 ParOldGen       total 163328K, used 163184K [0x0000000700000000, 0x0000000709f80000, 0x00000007aab00000)
  object space 163328K, 99% used [0x0000000700000000,0x0000000709f5c1e8,0x0000000709f80000)
 Metaspace       used 64944K, committed 66432K, reserved 1114112K
  class space    used 6766K, committed 7360K, reserved 1048576K
}
Event: 233.282 GC heap before
{Heap before GC invocations=102 (full 3):
 PSYoungGen      total 10240K, used 10016K [0x00000007aab00000, 0x00000007ab900000, 0x0000000800000000)
  eden space 9728K, 100% used [0x00000007aab00000,0x00000007ab480000,0x00000007ab480000)
  from space 512K, 56% used [0x00000007ab880000,0x00000007ab8c8000,0x00000007ab900000)
  to   space 512K, 0% used [0x00000007ab800000,0x00000007ab800000,0x00000007ab880000)
 ParOldGen       total 163328K, used 163184K [0x0000000700000000, 0x0000000709f80000, 0x00000007aab00000)
  object space 163328K, 99% used [0x0000000700000000,0x0000000709f5c1e8,0x0000000709f80000)
 Metaspace       used 64944K, committed 66432K, reserved 1114112K
  class space    used 6766K, committed 7360K, reserved 1048576K
}
Event: 233.286 GC heap after
{Heap after GC invocations=102 (full 3):
 PSYoungGen      total 10240K, used 256K [0x00000007aab00000, 0x00000007ab900000, 0x0000000800000000)
  eden space 9728K, 0% used [0x00000007aab00000,0x00000007aab00000,0x00000007ab480000)
  from space 512K, 50% used [0x00000007ab800000,0x00000007ab840000,0x00000007ab880000)
  to   space 512K, 0% used [0x00000007ab880000,0x00000007ab880000,0x00000007ab900000)
 ParOldGen       total 163840K, used 163448K [0x0000000700000000, 0x000000070a000000, 0x00000007aab00000)
  object space 163840K, 99% used [0x0000000700000000,0x0000000709f9e1e8,0x000000070a000000)
 Metaspace       used 64944K, committed 66432K, reserved 1114112K
  class space    used 6766K, committed 7360K, reserved 1048576K
}
Event: 233.439 GC heap before
{Heap before GC invocations=103 (full 3):
 PSYoungGen      total 10240K, used 9984K [0x00000007aab00000, 0x00000007ab900000, 0x0000000800000000)
  eden space 9728K, 100% used [0x00000007aab00000,0x00000007ab480000,0x00000007ab480000)
  from space 512K, 50% used [0x00000007ab800000,0x00000007ab840000,0x00000007ab880000)
  to   space 512K, 0% used [0x00000007ab880000,0x00000007ab880000,0x00000007ab900000)
 ParOldGen       total 163840K, used 163448K [0x0000000700000000, 0x000000070a000000, 0x00000007aab00000)
  object space 163840K, 99% used [0x0000000700000000,0x0000000709f9e1e8,0x000000070a000000)
 Metaspace       used 64944K, committed 66432K, reserved 1114112K
  class space    used 6766K, committed 7360K, reserved 1048576K
}
Event: 233.442 GC heap after
{Heap after GC invocations=103 (full 3):
 PSYoungGen      total 10240K, used 288K [0x00000007aab00000, 0x00000007ab900000, 0x0000000800000000)
  eden space 9728K, 0% used [0x00000007aab00000,0x00000007aab00000,0x00000007ab480000)
  from space 512K, 56% used [0x00000007ab880000,0x00000007ab8c8000,0x00000007ab900000)
  to   space 512K, 0% used [0x00000007ab800000,0x00000007ab800000,0x00000007ab880000)
 ParOldGen       total 163840K, used 163672K [0x0000000700000000, 0x000000070a000000, 0x00000007aab00000)
  object space 163840K, 99% used [0x0000000700000000,0x0000000709fd61e8,0x000000070a000000)
 Metaspace       used 64944K, committed 66432K, reserved 1114112K
  class space    used 6766K, committed 7360K, reserved 1048576K
}
Event: 233.572 GC heap before
{Heap before GC invocations=104 (full 3):
 PSYoungGen      total 10240K, used 10016K [0x00000007aab00000, 0x00000007ab900000, 0x0000000800000000)
  eden space 9728K, 100% used [0x00000007aab00000,0x00000007ab480000,0x00000007ab480000)
  from space 512K, 56% used [0x00000007ab880000,0x00000007ab8c8000,0x00000007ab900000)
  to   space 512K, 0% used [0x00000007ab800000,0x00000007ab800000,0x00000007ab880000)
 ParOldGen       total 163840K, used 163672K [0x0000000700000000, 0x000000070a000000, 0x00000007aab00000)
  object space 163840K, 99% used [0x0000000700000000,0x0000000709fd61e8,0x000000070a000000)
 Metaspace       used 64944K, committed 66432K, reserved 1114112K
  class space    used 6766K, committed 7360K, reserved 1048576K
}
Event: 233.583 GC heap after
{Heap after GC invocations=104 (full 3):
 PSYoungGen      total 10240K, used 256K [0x00000007aab00000, 0x00000007ab900000, 0x0000000800000000)
  eden space 9728K, 0% used [0x00000007aab00000,0x00000007aab00000,0x00000007ab480000)
  from space 512K, 50% used [0x00000007ab800000,0x00000007ab840000,0x00000007ab880000)
  to   space 512K, 0% used [0x00000007ab880000,0x00000007ab880000,0x00000007ab900000)
 ParOldGen       total 164352K, used 163920K [0x0000000700000000, 0x000000070a080000, 0x00000007aab00000)
  object space 164352K, 99% used [0x0000000700000000,0x000000070a0141f8,0x000000070a080000)
 Metaspace       used 64944K, committed 66432K, reserved 1114112K
  class space    used 6766K, committed 7360K, reserved 1048576K
}
Event: 233.681 GC heap before
{Heap before GC invocations=105 (full 3):
 PSYoungGen      total 10240K, used 9984K [0x00000007aab00000, 0x00000007ab900000, 0x0000000800000000)
  eden space 9728K, 100% used [0x00000007aab00000,0x00000007ab480000,0x00000007ab480000)
  from space 512K, 50% used [0x00000007ab800000,0x00000007ab840000,0x00000007ab880000)
  to   space 512K, 0% used [0x00000007ab880000,0x00000007ab880000,0x00000007ab900000)
 ParOldGen       total 164352K, used 163920K [0x0000000700000000, 0x000000070a080000, 0x00000007aab00000)
  object space 164352K, 99% used [0x0000000700000000,0x000000070a0141f8,0x000000070a080000)
 Metaspace       used 64944K, committed 66432K, reserved 1114112K
  class space    used 6766K, committed 7360K, reserved 1048576K
}
Event: 233.687 GC heap after
{Heap after GC invocations=105 (full 3):
 PSYoungGen      total 10240K, used 224K [0x00000007aab00000, 0x00000007ab900000, 0x0000000800000000)
  eden space 9728K, 0% used [0x00000007aab00000,0x00000007aab00000,0x00000007ab480000)
  from space 512K, 43% used [0x00000007ab880000,0x00000007ab8b8000,0x00000007ab900000)
  to   space 512K, 0% used [0x00000007ab800000,0x00000007ab800000,0x00000007ab880000)
 ParOldGen       total 164352K, used 164168K [0x0000000700000000, 0x000000070a080000, 0x00000007aab00000)
  object space 164352K, 99% used [0x0000000700000000,0x000000070a0521f8,0x000000070a080000)
 Metaspace       used 64944K, committed 66432K, reserved 1114112K
  class space    used 6766K, committed 7360K, reserved 1048576K
}
Event: 233.816 GC heap before
{Heap before GC invocations=106 (full 3):
 PSYoungGen      total 10240K, used 9952K [0x00000007aab00000, 0x00000007ab900000, 0x0000000800000000)
  eden space 9728K, 100% used [0x00000007aab00000,0x00000007ab480000,0x00000007ab480000)
  from space 512K, 43% used [0x00000007ab880000,0x00000007ab8b8000,0x00000007ab900000)
  to   space 512K, 0% used [0x00000007ab800000,0x00000007ab800000,0x00000007ab880000)
 ParOldGen       total 164352K, used 164168K [0x0000000700000000, 0x000000070a080000, 0x00000007aab00000)
  object space 164352K, 99% used [0x0000000700000000,0x000000070a0521f8,0x000000070a080000)
 Metaspace       used 64947K, committed 66432K, reserved 1114112K
  class space    used 6766K, committed 7360K, reserved 1048576K
}
Event: 233.821 GC heap after
{Heap after GC invocations=106 (full 3):
 PSYoungGen      total 10240K, used 490K [0x00000007aab00000, 0x00000007ab900000, 0x0000000800000000)
  eden space 9728K, 0% used [0x00000007aab00000,0x00000007aab00000,0x00000007ab480000)
  from space 512K, 95% used [0x00000007ab800000,0x00000007ab87a8f8,0x00000007ab880000)
  to   space 512K, 0% used [0x00000007ab880000,0x00000007ab880000,0x00000007ab900000)
 ParOldGen       total 164864K, used 164400K [0x0000000700000000, 0x000000070a100000, 0x00000007aab00000)
  object space 164864K, 99% used [0x0000000700000000,0x000000070a08c1f8,0x000000070a100000)
 Metaspace       used 64947K, committed 66432K, reserved 1114112K
  class space    used 6766K, committed 7360K, reserved 1048576K
}
Event: 234.028 GC heap before
{Heap before GC invocations=107 (full 3):
 PSYoungGen      total 10240K, used 10218K [0x00000007aab00000, 0x00000007ab900000, 0x0000000800000000)
  eden space 9728K, 100% used [0x00000007aab00000,0x00000007ab480000,0x00000007ab480000)
  from space 512K, 95% used [0x00000007ab800000,0x00000007ab87a8f8,0x00000007ab880000)
  to   space 512K, 0% used [0x00000007ab880000,0x00000007ab880000,0x00000007ab900000)
 ParOldGen       total 164864K, used 164400K [0x0000000700000000, 0x000000070a100000, 0x00000007aab00000)
  object space 164864K, 99% used [0x0000000700000000,0x000000070a08c1f8,0x000000070a100000)
 Metaspace       used 64947K, committed 66432K, reserved 1114112K
  class space    used 6766K, committed 7360K, reserved 1048576K
}
Event: 234.032 GC heap after
{Heap after GC invocations=107 (full 3):
 PSYoungGen      total 10240K, used 331K [0x00000007aab00000, 0x00000007ab900000, 0x0000000800000000)
  eden space 9728K, 0% used [0x00000007aab00000,0x00000007aab00000,0x00000007ab480000)
  from space 512K, 64% used [0x00000007ab880000,0x00000007ab8d2d88,0x00000007ab900000)
  to   space 512K, 0% used [0x00000007ab800000,0x00000007ab800000,0x00000007ab880000)
 ParOldGen       total 165888K, used 165232K [0x0000000700000000, 0x000000070a200000, 0x00000007aab00000)
  object space 165888K, 99% used [0x0000000700000000,0x000000070a15c1c0,0x000000070a200000)
 Metaspace       used 64947K, committed 66432K, reserved 1114112K
  class space    used 6766K, committed 7360K, reserved 1048576K
}
Event: 234.303 GC heap before
{Heap before GC invocations=108 (full 3):
 PSYoungGen      total 10240K, used 10059K [0x00000007aab00000, 0x00000007ab900000, 0x0000000800000000)
  eden space 9728K, 100% used [0x00000007aab00000,0x00000007ab480000,0x00000007ab480000)
  from space 512K, 64% used [0x00000007ab880000,0x00000007ab8d2d88,0x00000007ab900000)
  to   space 512K, 0% used [0x00000007ab800000,0x00000007ab800000,0x00000007ab880000)
 ParOldGen       total 165888K, used 165232K [0x0000000700000000, 0x000000070a200000, 0x00000007aab00000)
  object space 165888K, 99% used [0x0000000700000000,0x000000070a15c1c0,0x000000070a200000)
 Metaspace       used 64947K, committed 66432K, reserved 1114112K
  class space    used 6766K, committed 7360K, reserved 1048576K
}
Event: 234.306 GC heap after
{Heap after GC invocations=108 (full 3):
 PSYoungGen      total 10240K, used 224K [0x00000007aab00000, 0x00000007ab900000, 0x0000000800000000)
  eden space 9728K, 0% used [0x00000007aab00000,0x00000007aab00000,0x00000007ab480000)
  from space 512K, 43% used [0x00000007ab800000,0x00000007ab838000,0x00000007ab880000)
  to   space 512K, 0% used [0x00000007ab880000,0x00000007ab880000,0x00000007ab900000)
 ParOldGen       total 165888K, used 165536K [0x0000000700000000, 0x000000070a200000, 0x00000007aab00000)
  object space 165888K, 99% used [0x0000000700000000,0x000000070a1a8198,0x000000070a200000)
 Metaspace       used 64947K, committed 66432K, reserved 1114112K
  class space    used 6766K, committed 7360K, reserved 1048576K
}
Event: 234.555 GC heap before
{Heap before GC invocations=109 (full 3):
 PSYoungGen      total 10240K, used 9952K [0x00000007aab00000, 0x00000007ab900000, 0x0000000800000000)
  eden space 9728K, 100% used [0x00000007aab00000,0x00000007ab480000,0x00000007ab480000)
  from space 512K, 43% used [0x00000007ab800000,0x00000007ab838000,0x00000007ab880000)
  to   space 512K, 0% used [0x00000007ab880000,0x00000007ab880000,0x00000007ab900000)
 ParOldGen       total 165888K, used 165536K [0x0000000700000000, 0x000000070a200000, 0x00000007aab00000)
  object space 165888K, 99% used [0x0000000700000000,0x000000070a1a8198,0x000000070a200000)
 Metaspace       used 64947K, committed 66432K, reserved 1114112K
  class space    used 6766K, committed 7360K, reserved 1048576K
}
Event: 234.557 GC heap after
{Heap after GC invocations=109 (full 3):
 PSYoungGen      total 10240K, used 224K [0x00000007aab00000, 0x00000007ab900000, 0x0000000800000000)
  eden space 9728K, 0% used [0x00000007aab00000,0x00000007aab00000,0x00000007ab480000)
  from space 512K, 43% used [0x00000007ab880000,0x00000007ab8b8000,0x00000007ab900000)
  to   space 512K, 0% used [0x00000007ab800000,0x00000007ab800000,0x00000007ab880000)
 ParOldGen       total 165888K, used 165728K [0x0000000700000000, 0x000000070a200000, 0x00000007aab00000)
  object space 165888K, 99% used [0x0000000700000000,0x000000070a1d8198,0x000000070a200000)
 Metaspace       used 64947K, committed 66432K, reserved 1114112K
  class space    used 6766K, committed 7360K, reserved 1048576K
}
Event: 234.768 GC heap before
{Heap before GC invocations=110 (full 3):
 PSYoungGen      total 10240K, used 9952K [0x00000007aab00000, 0x00000007ab900000, 0x0000000800000000)
  eden space 9728K, 100% used [0x00000007aab00000,0x00000007ab480000,0x00000007ab480000)
  from space 512K, 43% used [0x00000007ab880000,0x00000007ab8b8000,0x00000007ab900000)
  to   space 512K, 0% used [0x00000007ab800000,0x00000007ab800000,0x00000007ab880000)
 ParOldGen       total 165888K, used 165728K [0x0000000700000000, 0x000000070a200000, 0x00000007aab00000)
  object space 165888K, 99% used [0x0000000700000000,0x000000070a1d8198,0x000000070a200000)
 Metaspace       used 64947K, committed 66432K, reserved 1114112K
  class space    used 6766K, committed 7360K, reserved 1048576K
}
Event: 234.773 GC heap after
{Heap after GC invocations=110 (full 3):
 PSYoungGen      total 10240K, used 179K [0x00000007aab00000, 0x00000007ab900000, 0x0000000800000000)
  eden space 9728K, 0% used [0x00000007aab00000,0x00000007aab00000,0x00000007ab480000)
  from space 512K, 35% used [0x00000007ab800000,0x00000007ab82cf58,0x00000007ab880000)
  to   space 512K, 0% used [0x00000007ab880000,0x00000007ab880000,0x00000007ab900000)
 ParOldGen       total 166400K, used 165912K [0x0000000700000000, 0x000000070a280000, 0x00000007aab00000)
  object space 166400K, 99% used [0x0000000700000000,0x000000070a206198,0x000000070a280000)
 Metaspace       used 64947K, committed 66432K, reserved 1114112K
  class space    used 6766K, committed 7360K, reserved 1048576K
}

