# JRE version: OpenJDK Runtime Environment Temurin-21.0.12.1+1 (21.0.12.1+1) (build 21.0.12.1+1-LTS)
# Java VM: OpenJDK 64-Bit Server VM Temurin-21.0.12.1+1 (21.0.12.1+1-LTS, mixed mode, sharing, tiered, compressed oops, compressed class ptrs, parallel gc, windows-amd64)
GC Precious Log:
 CardTable entry size: 512
 CPUs: 2 total, 2 available
 Memory: 8008M
 Large Page Support: Disabled
 NUMA Support: Disabled
 Compressed Oops: Enabled (Zero based)
 Alignments: Space 512K, Generation 512K, Heap 2M
 Heap Min Capacity: 100M
 Heap Initial Capacity: 100M
 Heap Max Capacity: 4G
 Pre-touch: Disabled
 Parallel Workers: 2
Heap:
 PSYoungGen      total 18944K, used 18940K [0x00000007aab00000, 0x00000007ac980000, 0x0000000800000000)
  eden space 15872K, 100% used [0x00000007aab00000,0x00000007aba80000,0x00000007aba80000)
  from space 3072K, 99% used [0x00000007aba80000,0x00000007abd7f020,0x00000007abd80000)
  to   space 7680K, 11% used [0x00000007ac200000,0x00000007ac2e0000,0x00000007ac980000)
 ParOldGen       total 75264K, used 75256K [0x0000000700000000, 0x0000000704980000, 0x00000007aab00000)
  object space 75264K, 99% used [0x0000000700000000,0x000000070497e068,0x0000000704980000)
 Metaspace       used 69553K, committed 71104K, reserved 1114112K
  class space    used 7220K, committed 7872K, reserved 1048576K
GC Heap History (20 events):
Event: 725.711 GC heap after
{Heap after GC invocations=115 (full 3):
 PSYoungGen      total 17408K, used 352K [0x00000007aab00000, 0x00000007abe00000, 0x0000000800000000)
  eden space 16896K, 0% used [0x00000007aab00000,0x00000007aab00000,0x00000007abb80000)
  from space 512K, 68% used [0x00000007abd80000,0x00000007abdd8000,0x00000007abe00000)
  to   space 512K, 0% used [0x00000007abd00000,0x00000007abd00000,0x00000007abd80000)
 ParOldGen       total 69632K, used 57218K [0x0000000700000000, 0x0000000704400000, 0x00000007aab00000)
  object space 69632K, 82% used [0x0000000700000000,0x00000007037e0b18,0x0000000704400000)
 Metaspace       used 64566K, committed 65984K, reserved 1114112K
  class space    used 6869K, committed 7424K, reserved 1048576K
}
Event: 734.043 GC heap before
{Heap before GC invocations=116 (full 3):
 PSYoungGen      total 17408K, used 17236K [0x00000007aab00000, 0x00000007abe00000, 0x0000000800000000)
  eden space 16896K, 99% used [0x00000007aab00000,0x00000007abb7d3d8,0x00000007abb80000)
  from space 512K, 68% used [0x00000007abd80000,0x00000007abdd8000,0x00000007abe00000)
  to   space 512K, 0% used [0x00000007abd00000,0x00000007abd00000,0x00000007abd80000)
 ParOldGen       total 69632K, used 57218K [0x0000000700000000, 0x0000000704400000, 0x00000007aab00000)
  object space 69632K, 82% used [0x0000000700000000,0x00000007037e0b18,0x0000000704400000)
 Metaspace       used 65205K, committed 66624K, reserved 1114112K
  class space    used 6887K, committed 7488K, reserved 1048576K
}
Event: 734.048 GC heap after
{Heap after GC invocations=116 (full 3):
 PSYoungGen      total 17408K, used 496K [0x00000007aab00000, 0x00000007abe80000, 0x0000000800000000)
  eden space 16896K, 0% used [0x00000007aab00000,0x00000007aab00000,0x00000007abb80000)
  from space 512K, 96% used [0x00000007abd00000,0x00000007abd7c030,0x00000007abd80000)
  to   space 1024K, 0% used [0x00000007abd80000,0x00000007abd80000,0x00000007abe80000)
 ParOldGen       total 69632K, used 57697K [0x0000000700000000, 0x0000000704400000, 0x00000007aab00000)
  object space 69632K, 82% used [0x0000000700000000,0x0000000703858788,0x0000000704400000)
 Metaspace       used 65205K, committed 66624K, reserved 1114112K
  class space    used 6887K, committed 7488K, reserved 1048576K
}
Event: 761.972 GC heap before
{Heap before GC invocations=117 (full 3):
 PSYoungGen      total 17408K, used 17392K [0x00000007aab00000, 0x00000007abe80000, 0x0000000800000000)
  eden space 16896K, 100% used [0x00000007aab00000,0x00000007abb80000,0x00000007abb80000)
  from space 512K, 96% used [0x00000007abd00000,0x00000007abd7c030,0x00000007abd80000)
  to   space 1024K, 0% used [0x00000007abd80000,0x00000007abd80000,0x00000007abe80000)
 ParOldGen       total 69632K, used 57697K [0x0000000700000000, 0x0000000704400000, 0x00000007aab00000)
  object space 69632K, 82% used [0x0000000700000000,0x0000000703858788,0x0000000704400000)
 Metaspace       used 65854K, committed 67264K, reserved 1114112K
  class space    used 6945K, committed 7488K, reserved 1048576K
}
Event: 761.988 GC heap after
{Heap after GC invocations=117 (full 3):
 PSYoungGen      total 17920K, used 976K [0x00000007aab00000, 0x00000007abe80000, 0x0000000800000000)
  eden space 16896K, 0% used [0x00000007aab00000,0x00000007aab00000,0x00000007abb80000)
  from space 1024K, 95% used [0x00000007abd80000,0x00000007abe74070,0x00000007abe80000)
  to   space 1024K, 0% used [0x00000007abc80000,0x00000007abc80000,0x00000007abd80000)
 ParOldGen       total 69632K, used 58185K [0x0000000700000000, 0x0000000704400000, 0x00000007aab00000)
  object space 69632K, 83% used [0x0000000700000000,0x00000007038d2540,0x0000000704400000)
 Metaspace       used 65854K, committed 67264K, reserved 1114112K
  class space    used 6945K, committed 7488K, reserved 1048576K
}
Event: 767.193 GC heap before
{Heap before GC invocations=118 (full 3):
 PSYoungGen      total 17920K, used 17872K [0x00000007aab00000, 0x00000007abe80000, 0x0000000800000000)
  eden space 16896K, 100% used [0x00000007aab00000,0x00000007abb80000,0x00000007abb80000)
  from space 1024K, 95% used [0x00000007abd80000,0x00000007abe74070,0x00000007abe80000)
  to   space 1024K, 0% used [0x00000007abc80000,0x00000007abc80000,0x00000007abd80000)
 ParOldGen       total 69632K, used 58185K [0x0000000700000000, 0x0000000704400000, 0x00000007aab00000)
  object space 69632K, 83% used [0x0000000700000000,0x00000007038d2540,0x0000000704400000)
 Metaspace       used 66421K, committed 67776K, reserved 1114112K
  class space    used 6999K, committed 7552K, reserved 1048576K
}
Event: 767.200 GC heap after
{Heap after GC invocations=118 (full 3):
 PSYoungGen      total 17920K, used 998K [0x00000007aab00000, 0x00000007ac580000, 0x0000000800000000)
  eden space 16896K, 0% used [0x00000007aab00000,0x00000007aab00000,0x00000007abb80000)
  from space 1024K, 97% used [0x00000007abc80000,0x00000007abd79a70,0x00000007abd80000)
  to   space 5120K, 0% used [0x00000007ac080000,0x00000007ac080000,0x00000007ac580000)
 ParOldGen       total 69632K, used 61664K [0x0000000700000000, 0x0000000704400000, 0x00000007aab00000)
  object space 69632K, 88% used [0x0000000700000000,0x0000000703c38098,0x0000000704400000)
 Metaspace       used 66421K, committed 67776K, reserved 1114112K
  class space    used 6999K, committed 7552K, reserved 1048576K
}
Event: 779.621 GC heap before
{Heap before GC invocations=119 (full 3):
 PSYoungGen      total 17920K, used 17894K [0x00000007aab00000, 0x00000007ac580000, 0x0000000800000000)
  eden space 16896K, 100% used [0x00000007aab00000,0x00000007abb80000,0x00000007abb80000)
  from space 1024K, 97% used [0x00000007abc80000,0x00000007abd79a70,0x00000007abd80000)
  to   space 5120K, 0% used [0x00000007ac080000,0x00000007ac080000,0x00000007ac580000)
 ParOldGen       total 69632K, used 61664K [0x0000000700000000, 0x0000000704400000, 0x00000007aab00000)
  object space 69632K, 88% used [0x0000000700000000,0x0000000703c38098,0x0000000704400000)
 Metaspace       used 67153K, committed 68672K, reserved 1114112K
  class space    used 7044K, committed 7680K, reserved 1048576K
}
Event: 779.634 GC heap after
{Heap after GC invocations=119 (full 3):
 PSYoungGen      total 20992K, used 5117K [0x00000007aab00000, 0x00000007ac780000, 0x0000000800000000)
  eden space 15872K, 0% used [0x00000007aab00000,0x00000007aab00000,0x00000007aba80000)
  from space 5120K, 99% used [0x00000007ac080000,0x00000007ac57f790,0x00000007ac580000)
  to   space 6144K, 0% used [0x00000007aba80000,0x00000007aba80000,0x00000007ac080000)
 ParOldGen       total 69632K, used 61977K [0x0000000700000000, 0x0000000704400000, 0x00000007aab00000)
  object space 69632K, 89% used [0x0000000700000000,0x0000000703c86600,0x0000000704400000)
 Metaspace       used 67153K, committed 68672K, reserved 1114112K
  class space    used 7044K, committed 7680K, reserved 1048576K
}
Event: 785.094 GC heap before
{Heap before GC invocations=120 (full 3):
 PSYoungGen      total 20992K, used 20989K [0x00000007aab00000, 0x00000007ac780000, 0x0000000800000000)
  eden space 15872K, 100% used [0x00000007aab00000,0x00000007aba80000,0x00000007aba80000)
  from space 5120K, 99% used [0x00000007ac080000,0x00000007ac57f790,0x00000007ac580000)
  to   space 6144K, 0% used [0x00000007aba80000,0x00000007aba80000,0x00000007ac080000)
 ParOldGen       total 69632K, used 61977K [0x0000000700000000, 0x0000000704400000, 0x00000007aab00000)
  object space 69632K, 89% used [0x0000000700000000,0x0000000703c86600,0x0000000704400000)
 Metaspace       used 67504K, committed 68928K, reserved 1114112K
  class space    used 7061K, committed 7680K, reserved 1048576K
}
Event: 785.109 GC heap after
{Heap after GC invocations=120 (full 3):
 PSYoungGen      total 18944K, used 2948K [0x00000007aab00000, 0x00000007ac280000, 0x0000000800000000)
  eden space 15872K, 0% used [0x00000007aab00000,0x00000007aab00000,0x00000007aba80000)
  from space 3072K, 95% used [0x00000007aba80000,0x00000007abd61390,0x00000007abd80000)
  to   space 4096K, 0% used [0x00000007abe80000,0x00000007abe80000,0x00000007ac280000)
 ParOldGen       total 69632K, used 66898K [0x0000000700000000, 0x0000000704400000, 0x00000007aab00000)
  object space 69632K, 96% used [0x0000000700000000,0x00000007041549b0,0x0000000704400000)
 Metaspace       used 67504K, committed 68928K, reserved 1114112K
  class space    used 7061K, committed 7680K, reserved 1048576K
}
Event: 796.698 GC heap before
{Heap before GC invocations=121 (full 3):
 PSYoungGen      total 18944K, used 18820K [0x00000007aab00000, 0x00000007ac280000, 0x0000000800000000)
  eden space 15872K, 100% used [0x00000007aab00000,0x00000007aba80000,0x00000007aba80000)
  from space 3072K, 95% used [0x00000007aba80000,0x00000007abd61390,0x00000007abd80000)
  to   space 4096K, 0% used [0x00000007abe80000,0x00000007abe80000,0x00000007ac280000)
 ParOldGen       total 69632K, used 66898K [0x0000000700000000, 0x0000000704400000, 0x00000007aab00000)
  object space 69632K, 96% used [0x0000000700000000,0x00000007041549b0,0x0000000704400000)
 Metaspace       used 67913K, committed 69440K, reserved 1114112K
  class space    used 7105K, committed 7744K, reserved 1048576K
}
Event: 796.720 GC heap after
{Heap after GC invocations=121 (full 3):
 PSYoungGen      total 17408K, used 1184K [0x00000007aab00000, 0x00000007ac000000, 0x0000000800000000)
  eden space 15872K, 0% used [0x00000007aab00000,0x00000007aab00000,0x00000007aba80000)
  from space 1536K, 77% used [0x00000007abe80000,0x00000007abfa8350,0x00000007ac000000)
  to   space 2048K, 0% used [0x00000007abc00000,0x00000007abc00000,0x00000007abe00000)
 ParOldGen       total 69632K, used 68879K [0x0000000700000000, 0x0000000704400000, 0x00000007aab00000)
  object space 69632K, 98% used [0x0000000700000000,0x0000000704343c40,0x0000000704400000)
 Metaspace       used 67913K, committed 69440K, reserved 1114112K
  class space    used 7105K, committed 7744K, reserved 1048576K
}
Event: 806.412 GC heap before
{Heap before GC invocations=122 (full 3):
 PSYoungGen      total 17408K, used 17056K [0x00000007aab00000, 0x00000007ac000000, 0x0000000800000000)
  eden space 15872K, 100% used [0x00000007aab00000,0x00000007aba80000,0x00000007aba80000)
  from space 1536K, 77% used [0x00000007abe80000,0x00000007abfa8350,0x00000007ac000000)
  to   space 2048K, 0% used [0x00000007abc00000,0x00000007abc00000,0x00000007abe00000)
 ParOldGen       total 69632K, used 68879K [0x0000000700000000, 0x0000000704400000, 0x00000007aab00000)
  object space 69632K, 98% used [0x0000000700000000,0x0000000704343c40,0x0000000704400000)
 Metaspace       used 68232K, committed 69760K, reserved 1114112K
  class space    used 7138K, committed 7808K, reserved 1048576K
}
Event: 806.420 GC heap after
{Heap after GC invocations=122 (full 3):
 PSYoungGen      total 17408K, used 1408K [0x00000007aab00000, 0x00000007abf00000, 0x0000000800000000)
  eden space 15872K, 0% used [0x00000007aab00000,0x00000007aab00000,0x00000007aba80000)
  from space 1536K, 91% used [0x00000007abc00000,0x00000007abd60020,0x00000007abd80000)
  to   space 1536K, 0% used [0x00000007abd80000,0x00000007abd80000,0x00000007abf00000)
 ParOldGen       total 70144K, used 69789K [0x0000000700000000, 0x0000000704480000, 0x00000007aab00000)
  object space 70144K, 99% used [0x0000000700000000,0x00000007044277e8,0x0000000704480000)
 Metaspace       used 68232K, committed 69760K, reserved 1114112K
  class space    used 7138K, committed 7808K, reserved 1048576K
}
Event: 813.971 GC heap before
{Heap before GC invocations=123 (full 3):
 PSYoungGen      total 17408K, used 17280K [0x00000007aab00000, 0x00000007abf00000, 0x0000000800000000)
  eden space 15872K, 100% used [0x00000007aab00000,0x00000007aba80000,0x00000007aba80000)
  from space 1536K, 91% used [0x00000007abc00000,0x00000007abd60020,0x00000007abd80000)
  to   space 1536K, 0% used [0x00000007abd80000,0x00000007abd80000,0x00000007abf00000)
 ParOldGen       total 70144K, used 69789K [0x0000000700000000, 0x0000000704480000, 0x00000007aab00000)
  object space 70144K, 99% used [0x0000000700000000,0x00000007044277e8,0x0000000704480000)
 Metaspace       used 68918K, committed 70400K, reserved 1114112K
  class space    used 7205K, committed 7872K, reserved 1048576K
}
Event: 813.983 GC heap after
{Heap after GC invocations=123 (full 3):
 PSYoungGen      total 17408K, used 1521K [0x00000007aab00000, 0x00000007ac080000, 0x0000000800000000)
  eden space 15872K, 0% used [0x00000007aab00000,0x00000007aab00000,0x00000007aba80000)
  from space 1536K, 99% used [0x00000007abd80000,0x00000007abefc500,0x00000007abf00000)
  to   space 3072K, 0% used [0x00000007aba80000,0x00000007aba80000,0x00000007abd80000)
 ParOldGen       total 71168K, used 71042K [0x0000000700000000, 0x0000000704580000, 0x00000007aab00000)
  object space 71168K, 99% used [0x0000000700000000,0x0000000704560a28,0x0000000704580000)
 Metaspace       used 68918K, committed 70400K, reserved 1114112K
  class space    used 7205K, committed 7872K, reserved 1048576K
}
Event: 827.521 GC heap before
{Heap before GC invocations=124 (full 3):
 PSYoungGen      total 17408K, used 17393K [0x00000007aab00000, 0x00000007ac080000, 0x0000000800000000)
  eden space 15872K, 100% used [0x00000007aab00000,0x00000007aba80000,0x00000007aba80000)
  from space 1536K, 99% used [0x00000007abd80000,0x00000007abefc500,0x00000007abf00000)
  to   space 3072K, 0% used [0x00000007aba80000,0x00000007aba80000,0x00000007abd80000)
 ParOldGen       total 71168K, used 71042K [0x0000000700000000, 0x0000000704580000, 0x00000007aab00000)
  object space 71168K, 99% used [0x0000000700000000,0x0000000704560a28,0x0000000704580000)
 Metaspace       used 69362K, committed 70912K, reserved 1114112K
  class space    used 7216K, committed 7872K, reserved 1048576K
}
Event: 827.536 GC heap after
{Heap after GC invocations=124 (full 3):
 PSYoungGen      total 18944K, used 3068K [0x00000007aab00000, 0x00000007ac980000, 0x0000000800000000)
  eden space 15872K, 0% used [0x00000007aab00000,0x00000007aab00000,0x00000007aba80000)
  from space 3072K, 99% used [0x00000007aba80000,0x00000007abd7f020,0x00000007abd80000)
  to   space 7680K, 0% used [0x00000007ac200000,0x00000007ac200000,0x00000007ac980000)
 ParOldGen       total 74752K, used 74671K [0x0000000700000000, 0x0000000704900000, 0x00000007aab00000)
  object space 74752K, 99% used [0x0000000700000000,0x00000007048ebda0,0x0000000704900000)
 Metaspace       used 69362K, committed 70912K, reserved 1114112K
  class space    used 7216K, committed 7872K, reserved 1048576K
}
Event: 832.412 GC heap before
{Heap before GC invocations=125 (full 3):
 PSYoungGen      total 18944K, used 18940K [0x00000007aab00000, 0x00000007ac980000, 0x0000000800000000)
  eden space 15872K, 100% used [0x00000007aab00000,0x00000007aba80000,0x00000007aba80000)
  from space 3072K, 99% used [0x00000007aba80000,0x00000007abd7f020,0x00000007abd80000)
  to   space 7680K, 0% used [0x00000007ac200000,0x00000007ac200000,0x00000007ac980000)
 ParOldGen       total 74752K, used 74671K [0x0000000700000000, 0x0000000704900000, 0x00000007aab00000)
  object space 74752K, 99% used [0x0000000700000000,0x00000007048ebda0,0x0000000704900000)
 Metaspace       used 69553K, committed 71104K, reserved 1114112K
  class space    used 7220K, committed 7872K, reserved 1048576K
}

