# JRE version: OpenJDK Runtime Environment Temurin-21.0.12.1+1 (21.0.12.1+1) (build 21.0.12.1+1-LTS)
# Java VM: OpenJDK 64-Bit Server VM Temurin-21.0.12.1+1 (21.0.12.1+1-LTS, mixed mode, sharing, tiered, compressed oops, compressed class ptrs, parallel gc, windows-amd64)
GC Precious Log:
 CardTable entry size: 512
 CPUs: 2 total, 2 available
 Memory: 8008M
 Large Page Support: Disabled
 NUMA Support: Disabled
 Compressed Oops: Enabled (Zero based)
 Alignments: Space 512K, Generation 512K, Heap 2M
 Heap Min Capacity: 100M
 Heap Initial Capacity: 100M
 Heap Max Capacity: 4G
 Pre-touch: Disabled
 Parallel Workers: 2
Heap:
 PSYoungGen      total 23040K, used 3522K [0x00000007aab00000, 0x00000007ac280000, 0x0000000800000000)
  eden space 22016K, 13% used [0x00000007aab00000,0x00000007aadf0bb0,0x00000007ac080000)
  from space 1024K, 50% used [0x00000007ac180000,0x00000007ac200000,0x00000007ac280000)
  to   space 1024K, 0% used [0x00000007ac080000,0x00000007ac080000,0x00000007ac180000)
 ParOldGen       total 68608K, used 45589K [0x0000000700000000, 0x0000000704300000, 0x00000007aab00000)
  object space 68608K, 66% used [0x0000000700000000,0x0000000702c85430,0x0000000704300000)
 Metaspace       used 56698K, committed 58048K, reserved 1114112K
  class space    used 6081K, committed 6656K, reserved 1048576K
GC Heap History (20 events):
Event: 204.318 GC heap before
{Heap before GC invocations=39 (full 2):
 PSYoungGen      total 23040K, used 22824K [0x00000007aab00000, 0x00000007ac400000, 0x0000000800000000)
  eden space 22016K, 100% used [0x00000007aab00000,0x00000007ac080000,0x00000007ac080000)
  from space 1024K, 78% used [0x00000007ac300000,0x00000007ac3ca000,0x00000007ac400000)
  to   space 1536K, 0% used [0x00000007ac100000,0x00000007ac100000,0x00000007ac280000)
 ParOldGen       total 68608K, used 40000K [0x0000000700000000, 0x0000000704300000, 0x00000007aab00000)
  object space 68608K, 58% used [0x0000000700000000,0x00000007027102d0,0x0000000704300000)
 Metaspace       used 56657K, committed 57984K, reserved 1114112K
  class space    used 6078K, committed 6656K, reserved 1048576K
}
Event: 204.357 GC heap after
{Heap after GC invocations=39 (full 2):
 PSYoungGen      total 23552K, used 512K [0x00000007aab00000, 0x00000007ac380000, 0x0000000800000000)
  eden space 22016K, 0% used [0x00000007aab00000,0x00000007aab00000,0x00000007ac080000)
  from space 1536K, 33% used [0x00000007ac100000,0x00000007ac180000,0x00000007ac280000)
  to   space 1024K, 0% used [0x00000007ac280000,0x00000007ac280000,0x00000007ac380000)
 ParOldGen       total 68608K, used 40736K [0x0000000700000000, 0x0000000704300000, 0x00000007aab00000)
  object space 68608K, 59% used [0x0000000700000000,0x00000007027c82d0,0x0000000704300000)
 Metaspace       used 56657K, committed 57984K, reserved 1114112K
  class space    used 6078K, committed 6656K, reserved 1048576K
}
Event: 206.393 GC heap before
{Heap before GC invocations=40 (full 2):
 PSYoungGen      total 23552K, used 22528K [0x00000007aab00000, 0x00000007ac380000, 0x0000000800000000)
  eden space 22016K, 100% used [0x00000007aab00000,0x00000007ac080000,0x00000007ac080000)
  from space 1536K, 33% used [0x00000007ac100000,0x00000007ac180000,0x00000007ac280000)
  to   space 1024K, 0% used [0x00000007ac280000,0x00000007ac280000,0x00000007ac380000)
 ParOldGen       total 68608K, used 40736K [0x0000000700000000, 0x0000000704300000, 0x00000007aab00000)
  object space 68608K, 59% used [0x0000000700000000,0x00000007027c82d0,0x0000000704300000)
 Metaspace       used 56667K, committed 57984K, reserved 1114112K
  class space    used 6081K, committed 6656K, reserved 1048576K
}
Event: 206.400 GC heap after
{Heap after GC invocations=40 (full 2):
 PSYoungGen      total 23040K, used 708K [0x00000007aab00000, 0x00000007ac380000, 0x0000000800000000)
  eden space 22016K, 0% used [0x00000007aab00000,0x00000007aab00000,0x00000007ac080000)
  from space 1024K, 69% used [0x00000007ac280000,0x00000007ac3310a8,0x00000007ac380000)
  to   space 1024K, 0% used [0x00000007ac180000,0x00000007ac180000,0x00000007ac280000)
 ParOldGen       total 68608K, used 41220K [0x0000000700000000, 0x0000000704300000, 0x00000007aab00000)
  object space 68608K, 60% used [0x0000000700000000,0x0000000702841358,0x0000000704300000)
 Metaspace       used 56667K, committed 57984K, reserved 1114112K
  class space    used 6081K, committed 6656K, reserved 1048576K
}
Event: 207.900 GC heap before
{Heap before GC invocations=41 (full 2):
 PSYoungGen      total 23040K, used 22724K [0x00000007aab00000, 0x00000007ac380000, 0x0000000800000000)
  eden space 22016K, 100% used [0x00000007aab00000,0x00000007ac080000,0x00000007ac080000)
  from space 1024K, 69% used [0x00000007ac280000,0x00000007ac3310a8,0x00000007ac380000)
  to   space 1024K, 0% used [0x00000007ac180000,0x00000007ac180000,0x00000007ac280000)
 ParOldGen       total 68608K, used 41220K [0x0000000700000000, 0x0000000704300000, 0x00000007aab00000)
  object space 68608K, 60% used [0x0000000700000000,0x0000000702841358,0x0000000704300000)
 Metaspace       used 56683K, committed 58048K, reserved 1114112K
  class space    used 6081K, committed 6656K, reserved 1048576K
}
Event: 207.906 GC heap after
{Heap after GC invocations=41 (full 2):
 PSYoungGen      total 23040K, used 672K [0x00000007aab00000, 0x00000007ac300000, 0x0000000800000000)
  eden space 22016K, 0% used [0x00000007aab00000,0x00000007aab00000,0x00000007ac080000)
  from space 1024K, 65% used [0x00000007ac180000,0x00000007ac228000,0x00000007ac280000)
  to   space 512K, 0% used [0x00000007ac280000,0x00000007ac280000,0x00000007ac300000)
 ParOldGen       total 68608K, used 41744K [0x0000000700000000, 0x0000000704300000, 0x00000007aab00000)
  object space 68608K, 60% used [0x0000000700000000,0x00000007028c43b0,0x0000000704300000)
 Metaspace       used 56683K, committed 58048K, reserved 1114112K
  class space    used 6081K, committed 6656K, reserved 1048576K
}
Event: 209.458 GC heap before
{Heap before GC invocations=42 (full 2):
 PSYoungGen      total 23040K, used 22688K [0x00000007aab00000, 0x00000007ac300000, 0x0000000800000000)
  eden space 22016K, 100% used [0x00000007aab00000,0x00000007ac080000,0x00000007ac080000)
  from space 1024K, 65% used [0x00000007ac180000,0x00000007ac228000,0x00000007ac280000)
  to   space 512K, 0% used [0x00000007ac280000,0x00000007ac280000,0x00000007ac300000)
 ParOldGen       total 68608K, used 41744K [0x0000000700000000, 0x0000000704300000, 0x00000007aab00000)
  object space 68608K, 60% used [0x0000000700000000,0x00000007028c43b0,0x0000000704300000)
 Metaspace       used 56683K, committed 58048K, reserved 1114112K
  class space    used 6081K, committed 6656K, reserved 1048576K
}
Event: 209.467 GC heap after
{Heap after GC invocations=42 (full 2):
 PSYoungGen      total 22528K, used 512K [0x00000007aab00000, 0x00000007ac300000, 0x0000000800000000)
  eden space 22016K, 0% used [0x00000007aab00000,0x00000007aab00000,0x00000007ac080000)
  from space 512K, 100% used [0x00000007ac280000,0x00000007ac300000,0x00000007ac300000)
  to   space 1024K, 0% used [0x00000007ac100000,0x00000007ac100000,0x00000007ac200000)
 ParOldGen       total 68608K, used 42386K [0x0000000700000000, 0x0000000704300000, 0x00000007aab00000)
  object space 68608K, 61% used [0x0000000700000000,0x0000000702964b40,0x0000000704300000)
 Metaspace       used 56683K, committed 58048K, reserved 1114112K
  class space    used 6081K, committed 6656K, reserved 1048576K
}
Event: 210.148 GC heap before
{Heap before GC invocations=43 (full 2):
 PSYoungGen      total 22528K, used 22528K [0x00000007aab00000, 0x00000007ac300000, 0x0000000800000000)
  eden space 22016K, 100% used [0x00000007aab00000,0x00000007ac080000,0x00000007ac080000)
  from space 512K, 100% used [0x00000007ac280000,0x00000007ac300000,0x00000007ac300000)
  to   space 1024K, 0% used [0x00000007ac100000,0x00000007ac100000,0x00000007ac200000)
 ParOldGen       total 68608K, used 42386K [0x0000000700000000, 0x0000000704300000, 0x00000007aab00000)
  object space 68608K, 61% used [0x0000000700000000,0x0000000702964b40,0x0000000704300000)
 Metaspace       used 56683K, committed 58048K, reserved 1114112K
  class space    used 6081K, committed 6656K, reserved 1048576K
}
Event: 210.153 GC heap after
{Heap after GC invocations=43 (full 2):
 PSYoungGen      total 23040K, used 608K [0x00000007aab00000, 0x00000007ac300000, 0x0000000800000000)
  eden space 22016K, 0% used [0x00000007aab00000,0x00000007aab00000,0x00000007ac080000)
  from space 1024K, 59% used [0x00000007ac100000,0x00000007ac198000,0x00000007ac200000)
  to   space 1024K, 0% used [0x00000007ac200000,0x00000007ac200000,0x00000007ac300000)
 ParOldGen       total 68608K, used 42882K [0x0000000700000000, 0x0000000704300000, 0x00000007aab00000)
  object space 68608K, 62% used [0x0000000700000000,0x00000007029e0b40,0x0000000704300000)
 Metaspace       used 56683K, committed 58048K, reserved 1114112K
  class space    used 6081K, committed 6656K, reserved 1048576K
}
Event: 210.577 GC heap before
{Heap before GC invocations=44 (full 2):
 PSYoungGen      total 23040K, used 22624K [0x00000007aab00000, 0x00000007ac300000, 0x0000000800000000)
  eden space 22016K, 100% used [0x00000007aab00000,0x00000007ac080000,0x00000007ac080000)
  from space 1024K, 59% used [0x00000007ac100000,0x00000007ac198000,0x00000007ac200000)
  to   space 1024K, 0% used [0x00000007ac200000,0x00000007ac200000,0x00000007ac300000)
 ParOldGen       total 68608K, used 42882K [0x0000000700000000, 0x0000000704300000, 0x00000007aab00000)
  object space 68608K, 62% used [0x0000000700000000,0x00000007029e0b40,0x0000000704300000)
 Metaspace       used 56683K, committed 58048K, reserved 1114112K
  class space    used 6081K, committed 6656K, reserved 1048576K
}
Event: 210.586 GC heap after
{Heap after GC invocations=44 (full 2):
 PSYoungGen      total 23040K, used 544K [0x00000007aab00000, 0x00000007ac300000, 0x0000000800000000)
  eden space 22016K, 0% used [0x00000007aab00000,0x00000007aab00000,0x00000007ac080000)
  from space 1024K, 53% used [0x00000007ac200000,0x00000007ac288000,0x00000007ac300000)
  to   space 1024K, 0% used [0x00000007ac100000,0x00000007ac100000,0x00000007ac200000)
 ParOldGen       total 68608K, used 43462K [0x0000000700000000, 0x0000000704300000, 0x00000007aab00000)
  object space 68608K, 63% used [0x0000000700000000,0x0000000702a71b60,0x0000000704300000)
 Metaspace       used 56683K, committed 58048K, reserved 1114112K
  class space    used 6081K, committed 6656K, reserved 1048576K
}
Event: 210.748 GC heap before
{Heap before GC invocations=45 (full 2):
 PSYoungGen      total 23040K, used 22560K [0x00000007aab00000, 0x00000007ac300000, 0x0000000800000000)
  eden space 22016K, 100% used [0x00000007aab00000,0x00000007ac080000,0x00000007ac080000)
  from space 1024K, 53% used [0x00000007ac200000,0x00000007ac288000,0x00000007ac300000)
  to   space 1024K, 0% used [0x00000007ac100000,0x00000007ac100000,0x00000007ac200000)
 ParOldGen       total 68608K, used 43462K [0x0000000700000000, 0x0000000704300000, 0x00000007aab00000)
  object space 68608K, 63% used [0x0000000700000000,0x0000000702a71b60,0x0000000704300000)
 Metaspace       used 56685K, committed 58048K, reserved 1114112K
  class space    used 6081K, committed 6656K, reserved 1048576K
}
Event: 210.754 GC heap after
{Heap after GC invocations=45 (full 2):
 PSYoungGen      total 23040K, used 672K [0x00000007aab00000, 0x00000007ac280000, 0x0000000800000000)
  eden space 22016K, 0% used [0x00000007aab00000,0x00000007aab00000,0x00000007ac080000)
  from space 1024K, 65% used [0x00000007ac100000,0x00000007ac1a8000,0x00000007ac200000)
  to   space 512K, 0% used [0x00000007ac200000,0x00000007ac200000,0x00000007ac280000)
 ParOldGen       total 68608K, used 43974K [0x0000000700000000, 0x0000000704300000, 0x00000007aab00000)
  object space 68608K, 64% used [0x0000000700000000,0x0000000702af1b60,0x0000000704300000)
 Metaspace       used 56685K, committed 58048K, reserved 1114112K
  class space    used 6081K, committed 6656K, reserved 1048576K
}
Event: 211.064 GC heap before
{Heap before GC invocations=46 (full 2):
 PSYoungGen      total 23040K, used 22688K [0x00000007aab00000, 0x00000007ac280000, 0x0000000800000000)
  eden space 22016K, 100% used [0x00000007aab00000,0x00000007ac080000,0x00000007ac080000)
  from space 1024K, 65% used [0x00000007ac100000,0x00000007ac1a8000,0x00000007ac200000)
  to   space 512K, 0% used [0x00000007ac200000,0x00000007ac200000,0x00000007ac280000)
 ParOldGen       total 68608K, used 43974K [0x0000000700000000, 0x0000000704300000, 0x00000007aab00000)
  object space 68608K, 64% used [0x0000000700000000,0x0000000702af1b60,0x0000000704300000)
 Metaspace       used 56687K, committed 58048K, reserved 1114112K
  class space    used 6081K, committed 6656K, reserved 1048576K
}
Event: 211.069 GC heap after
{Heap after GC invocations=46 (full 2):
 PSYoungGen      total 22528K, used 512K [0x00000007aab00000, 0x00000007ac380000, 0x0000000800000000)
  eden space 22016K, 0% used [0x00000007aab00000,0x00000007aab00000,0x00000007ac080000)
  from space 512K, 100% used [0x00000007ac200000,0x00000007ac280000,0x00000007ac280000)
  to   space 1536K, 0% used [0x00000007ac080000,0x00000007ac080000,0x00000007ac200000)
 ParOldGen       total 68608K, used 44725K [0x0000000700000000, 0x0000000704300000, 0x00000007aab00000)
  object space 68608K, 65% used [0x0000000700000000,0x0000000702bad7d0,0x0000000704300000)
 Metaspace       used 56687K, committed 58048K, reserved 1114112K
  class space    used 6081K, committed 6656K, reserved 1048576K
}
Event: 211.490 GC heap before
{Heap before GC invocations=47 (full 2):
 PSYoungGen      total 22528K, used 22528K [0x00000007aab00000, 0x00000007ac380000, 0x0000000800000000)
  eden space 22016K, 100% used [0x00000007aab00000,0x00000007ac080000,0x00000007ac080000)
  from space 512K, 100% used [0x00000007ac200000,0x00000007ac280000,0x00000007ac280000)
  to   space 1536K, 0% used [0x00000007ac080000,0x00000007ac080000,0x00000007ac200000)
 ParOldGen       total 68608K, used 44725K [0x0000000700000000, 0x0000000704300000, 0x00000007aab00000)
  object space 68608K, 65% used [0x0000000700000000,0x0000000702bad7d0,0x0000000704300000)
 Metaspace       used 56696K, committed 58048K, reserved 1114112K
  class space    used 6081K, committed 6656K, reserved 1048576K
}
Event: 211.499 GC heap after
{Heap after GC invocations=47 (full 2):
 PSYoungGen      total 23040K, used 832K [0x00000007aab00000, 0x00000007ac280000, 0x0000000800000000)
  eden space 22016K, 0% used [0x00000007aab00000,0x00000007aab00000,0x00000007ac080000)
  from space 1024K, 81% used [0x00000007ac080000,0x00000007ac150000,0x00000007ac180000)
  to   space 1024K, 0% used [0x00000007ac180000,0x00000007ac180000,0x00000007ac280000)
 ParOldGen       total 68608K, used 45101K [0x0000000700000000, 0x0000000704300000, 0x00000007aab00000)
  object space 68608K, 65% used [0x0000000700000000,0x0000000702c0b7d0,0x0000000704300000)
 Metaspace       used 56696K, committed 58048K, reserved 1114112K
  class space    used 6081K, committed 6656K, reserved 1048576K
}
Event: 212.209 GC heap before
{Heap before GC invocations=48 (full 2):
 PSYoungGen      total 23040K, used 22848K [0x00000007aab00000, 0x00000007ac280000, 0x0000000800000000)
  eden space 22016K, 100% used [0x00000007aab00000,0x00000007ac080000,0x00000007ac080000)
  from space 1024K, 81% used [0x00000007ac080000,0x00000007ac150000,0x00000007ac180000)
  to   space 1024K, 0% used [0x00000007ac180000,0x00000007ac180000,0x00000007ac280000)
 ParOldGen       total 68608K, used 45101K [0x0000000700000000, 0x0000000704300000, 0x00000007aab00000)
  object space 68608K, 65% used [0x0000000700000000,0x0000000702c0b7d0,0x0000000704300000)
 Metaspace       used 56698K, committed 58048K, reserved 1114112K
  class space    used 6081K, committed 6656K, reserved 1048576K
}
Event: 212.219 GC heap after
{Heap after GC invocations=48 (full 2):
 PSYoungGen      total 23040K, used 512K [0x00000007aab00000, 0x00000007ac280000, 0x0000000800000000)
  eden space 22016K, 0% used [0x00000007aab00000,0x00000007aab00000,0x00000007ac080000)
  from space 1024K, 50% used [0x00000007ac180000,0x00000007ac200000,0x00000007ac280000)
  to   space 1024K, 0% used [0x00000007ac080000,0x00000007ac080000,0x00000007ac180000)
 ParOldGen       total 68608K, used 45589K [0x0000000700000000, 0x0000000704300000, 0x00000007aab00000)
  object space 68608K, 66% used [0x0000000700000000,0x0000000702c85430,0x0000000704300000)
 Metaspace       used 56698K, committed 58048K, reserved 1114112K
  class space    used 6081K, committed 6656K, reserved 1048576K
}

